<?xml version="1.0" encoding="UTF-8"?>
<coverage generated="1769247093037" clover="3.2.0">
  <project timestamp="1769247093037" name="All files">
    <metrics statements="720" coveredstatements="714" conditionals="502" coveredconditionals="461" methods="237" coveredmethods="232" elements="1459" coveredelements="1407" complexity="0" loc="720" ncloc="720" packages="5" files="9" classes="9"/>
    <package name="main">
      <metrics statements="74" coveredstatements="74" conditionals="50" coveredconditionals="50" methods="16" coveredmethods="16"/>
      <file name="requestHandler.js" path="/app/src/main/requestHandler.js">
        <metrics statements="74" coveredstatements="74" conditionals="50" coveredconditionals="50" methods="16" coveredmethods="16"/>
        <line num="1" count="1" type="stmt"/>
        <line num="2" count="1" type="stmt"/>
        <line num="5" count="17" type="stmt"/>
        <line num="6" count="15" type="stmt"/>
        <line num="7" count="15" type="stmt"/>
        <line num="8" count="15" type="stmt"/>
        <line num="11" count="15" type="stmt"/>
        <line num="14" count="15" type="stmt"/>
        <line num="15" count="15" type="cond" truecount="2" falsecount="0"/>
        <line num="16" count="2" type="stmt"/>
        <line num="17" count="3" type="cond" truecount="2" falsecount="0"/>
        <line num="19" count="13" type="cond" truecount="2" falsecount="0"/>
        <line num="20" count="1" type="stmt"/>
        <line num="21" count="1" type="stmt"/>
        <line num="26" count="15" type="stmt"/>
        <line num="32" count="15" type="cond" truecount="4" falsecount="0"/>
        <line num="33" count="1" type="stmt"/>
        <line num="35" count="1" type="stmt"/>
        <line num="41" count="14" type="cond" truecount="4" falsecount="0"/>
        <line num="42" count="1" type="stmt"/>
        <line num="44" count="1" type="stmt"/>
        <line num="49" count="13" type="cond" truecount="2" falsecount="0"/>
        <line num="51" count="1" type="stmt"/>
        <line num="57" count="15" type="stmt"/>
        <line num="62" count="15" type="cond" truecount="2" falsecount="0"/>
        <line num="63" count="1" type="stmt"/>
        <line num="72" count="15" type="cond" truecount="2" falsecount="0"/>
        <line num="73" count="1" type="stmt"/>
        <line num="82" count="15" type="stmt"/>
        <line num="85" count="15" type="stmt"/>
        <line num="87" count="15" type="stmt"/>
        <line num="88" count="15" type="stmt"/>
        <line num="89" count="15" type="stmt"/>
        <line num="90" count="15" type="stmt"/>
        <line num="93" count="15" type="stmt"/>
        <line num="94" count="15" type="cond" truecount="2" falsecount="0"/>
        <line num="95" count="1" type="stmt"/>
        <line num="97" count="1" type="stmt"/>
        <line num="101" count="14" type="stmt"/>
        <line num="106" count="14" type="cond" truecount="2" falsecount="0"/>
        <line num="107" count="1" type="stmt"/>
        <line num="108" count="1" type="stmt"/>
        <line num="117" count="13" type="stmt"/>
        <line num="119" count="3" type="cond" truecount="2" falsecount="0"/>
        <line num="120" count="2" type="stmt"/>
        <line num="121" count="3" type="stmt"/>
        <line num="130" count="1" type="stmt"/>
        <line num="132" count="1" type="stmt"/>
        <line num="136" count="4" type="cond" truecount="2" falsecount="0"/>
        <line num="137" count="1" type="stmt"/>
        <line num="138" count="1" type="stmt"/>
        <line num="142" count="3" type="stmt"/>
        <line num="143" count="3" type="cond" truecount="2" falsecount="0"/>
        <line num="144" count="2" type="stmt"/>
        <line num="145" count="1" type="stmt"/>
        <line num="150" count="3" type="stmt"/>
        <line num="151" count="3" type="cond" truecount="2" falsecount="0"/>
        <line num="152" count="2" type="stmt"/>
        <line num="155" count="3" type="stmt"/>
        <line num="157" count="3" type="cond" truecount="2" falsecount="0"/>
        <line num="158" count="4" type="cond" truecount="4" falsecount="0"/>
        <line num="159" count="1" type="stmt"/>
        <line num="165" count="3" type="stmt"/>
        <line num="173" count="13" type="cond" truecount="4" falsecount="0"/>
        <line num="174" count="1" type="cond" truecount="2" falsecount="0"/>
        <line num="175" count="1" type="stmt"/>
        <line num="184" count="12" type="cond" truecount="2" falsecount="0"/>
        <line num="185" count="3" type="stmt"/>
        <line num="186" count="3" type="stmt"/>
        <line num="187" count="3" type="stmt"/>
        <line num="189" count="9" type="stmt"/>
        <line num="202" count="1" type="stmt"/>
        <line num="214" count="1" type="stmt"/>
        <line num="216" count="1" type="stmt"/>
      </file>
    </package>
    <package name="renderer">
      <metrics statements="4" coveredstatements="4" conditionals="0" coveredconditionals="0" methods="1" coveredmethods="1"/>
      <file name="App.tsx" path="/app/src/renderer/App.tsx">
        <metrics statements="4" coveredstatements="4" conditionals="0" coveredconditionals="0" methods="1" coveredmethods="1"/>
        <line num="7" count="1" type="stmt"/>
        <line num="39" count="1" type="stmt"/>
        <line num="45" count="1" type="stmt"/>
        <line num="54" count="3" type="stmt"/>
      </file>
    </package>
    <package name="renderer.components">
      <metrics statements="361" coveredstatements="355" conditionals="277" coveredconditionals="250" methods="146" coveredmethods="141"/>
      <file name="CodeSnippetModal.tsx" path="/app/src/renderer/components/CodeSnippetModal.tsx">
        <metrics statements="41" coveredstatements="40" conditionals="28" coveredconditionals="23" methods="10" coveredmethods="9"/>
        <line num="7" count="3" type="stmt"/>
        <line num="20" count="3" type="stmt"/>
        <line num="30" count="3" type="stmt"/>
        <line num="40" count="3" type="stmt"/>
        <line num="49" count="3" type="stmt"/>
        <line num="55" count="3" type="stmt"/>
        <line num="57" count="48" type="cond" truecount="2" falsecount="0"/>
        <line num="59" count="48" type="cond" truecount="2" falsecount="0"/>
        <line num="60" count="48" type="cond" truecount="2" falsecount="0"/>
        <line num="68" count="3" type="stmt"/>
        <line num="80" count="3" type="stmt"/>
        <line num="88" count="3" type="stmt"/>
        <line num="102" count="3" type="stmt"/>
        <line num="103" count="24" type="stmt"/>
        <line num="104" count="24" type="stmt"/>
        <line num="106" count="24" type="stmt"/>
        <line num="107" count="12" type="stmt"/>
        <line num="109" count="12" type="stmt"/>
        <line num="110" count="12" type="stmt"/>
        <line num="112" count="12" type="cond" truecount="2" falsecount="0"/>
        <line num="113" count="1" type="cond" truecount="2" falsecount="2"/>
        <line num="114" count="1" type="stmt"/>
        <line num="115" count="11" type="cond" truecount="2" falsecount="0"/>
        <line num="116" count="1" type="cond" truecount="1" falsecount="1"/>
        <line num="117" count="10" type="cond" truecount="4" falsecount="0"/>
        <line num="118" count="2" type="cond" truecount="2" falsecount="0"/>
        <line num="119" count="1" type="stmt"/>
        <line num="120" count="1" type="cond" truecount="1" falsecount="1"/>
        <line num="121" count="1" type="cond" truecount="1" falsecount="1"/>
        <line num="122" count="1" type="stmt"/>
        <line num="126" count="12" type="stmt"/>
        <line num="137" count="12" type="cond" truecount="2" falsecount="0"/>
        <line num="138" count="11" type="stmt"/>
        <line num="140" count="1" type="stmt"/>
        <line num="144" count="24" type="stmt"/>
        <line num="145" count="1" type="stmt"/>
        <line num="146" count="1" type="stmt"/>
        <line num="149" count="24" type="stmt"/>
        <line num="151" count="5" type="stmt"/>
        <line num="157" count="0" type="stmt"/>
        <line num="158" count="1" type="stmt"/>
      </file>
      <file name="EnvironmentModal.tsx" path="/app/src/renderer/components/EnvironmentModal.tsx">
        <metrics statements="36" coveredstatements="36" conditionals="16" coveredconditionals="16" methods="18" coveredmethods="18"/>
        <line num="5" count="3" type="stmt"/>
        <line num="18" count="3" type="stmt"/>
        <line num="28" count="3" type="stmt"/>
        <line num="38" count="3" type="stmt"/>
        <line num="47" count="3" type="stmt"/>
        <line num="55" count="3" type="stmt"/>
        <line num="68" count="3" type="stmt"/>
        <line num="74" count="3" type="stmt"/>
        <line num="78" count="3" type="stmt"/>
        <line num="90" count="3" type="stmt"/>
        <line num="92" count="88" type="cond" truecount="2" falsecount="0"/>
        <line num="93" count="88" type="cond" truecount="2" falsecount="0"/>
        <line num="94" count="88" type="cond" truecount="2" falsecount="0"/>
        <line num="98" count="88" type="cond" truecount="2" falsecount="0"/>
        <line num="108" count="3" type="stmt"/>
        <line num="109" count="44" type="stmt"/>
        <line num="110" count="44" type="stmt"/>
        <line num="112" count="44" type="stmt"/>
        <line num="114" count="22" type="stmt"/>
        <line num="117" count="44" type="stmt"/>
        <line num="118" count="7" type="stmt"/>
        <line num="119" count="7" type="stmt"/>
        <line num="121" count="7" type="cond" truecount="5" falsecount="0"/>
        <line num="122" count="4" type="stmt"/>
        <line num="125" count="7" type="stmt"/>
        <line num="128" count="44" type="stmt"/>
        <line num="129" count="4" type="stmt"/>
        <line num="132" count="44" type="stmt"/>
        <line num="134" count="8" type="stmt"/>
        <line num="142" count="3" type="stmt"/>
        <line num="149" count="43" type="stmt"/>
        <line num="153" count="1" type="stmt"/>
        <line num="158" count="2" type="stmt"/>
        <line num="163" count="4" type="stmt"/>
        <line num="166" count="2" type="stmt"/>
        <line num="175" count="2" type="stmt"/>
      </file>
      <file name="RequestEditor.tsx" path="/app/src/renderer/components/RequestEditor.tsx">
        <metrics statements="124" coveredstatements="124" conditionals="113" coveredconditionals="104" methods="70" coveredmethods="69"/>
        <line num="7" count="2" type="stmt"/>
        <line num="15" count="2" type="stmt"/>
        <line num="20" count="2" type="stmt"/>
        <line num="32" count="2" type="stmt"/>
        <line num="45" count="2" type="stmt"/>
        <line num="65" count="2" type="stmt"/>
        <line num="72" count="2" type="stmt"/>
        <line num="75" count="660" type="cond" truecount="2" falsecount="0"/>
        <line num="78" count="660" type="cond" truecount="2" falsecount="0"/>
        <line num="84" count="660" type="cond" truecount="2" falsecount="0"/>
        <line num="97" count="2" type="stmt"/>
        <line num="105" count="2" type="stmt"/>
        <line num="112" count="2" type="stmt"/>
        <line num="115" count="182" type="cond" truecount="2" falsecount="0"/>
        <line num="116" count="182" type="cond" truecount="2" falsecount="0"/>
        <line num="117" count="182" type="cond" truecount="2" falsecount="0"/>
        <line num="124" count="2" type="stmt"/>
        <line num="130" count="2" type="stmt"/>
        <line num="134" count="2" type="stmt"/>
        <line num="148" count="2" type="stmt"/>
        <line num="163" count="2" type="stmt"/>
        <line num="170" count="2" type="stmt"/>
        <line num="175" count="2" type="stmt"/>
        <line num="190" count="2" type="stmt"/>
        <line num="194" count="2" type="stmt"/>
        <line num="208" count="2" type="stmt"/>
        <line num="223" count="110" type="stmt"/>
        <line num="225" count="110" type="stmt"/>
        <line num="226" count="110" type="stmt"/>
        <line num="228" count="110" type="stmt"/>
        <line num="229" count="6" type="cond" truecount="2" falsecount="0"/>
        <line num="230" count="1" type="stmt"/>
        <line num="231" count="1" type="stmt"/>
        <line num="234" count="5" type="stmt"/>
        <line num="235" count="5" type="cond" truecount="2" falsecount="0"/>
        <line num="243" count="4" type="stmt"/>
        <line num="244" count="4" type="cond" truecount="2" falsecount="0"/>
        <line num="245" count="6" type="stmt"/>
        <line num="246" count="3" type="stmt"/>
        <line num="247" count="3" type="cond" truecount="1" falsecount="1"/>
        <line num="248" count="3" type="cond" truecount="4" falsecount="0"/>
        <line num="249" count="1" type="stmt"/>
        <line num="251" count="2" type="stmt"/>
        <line num="255" count="2" type="stmt"/>
        <line num="256" count="2" type="stmt"/>
        <line num="259" count="110" type="stmt"/>
        <line num="261" count="110" type="stmt"/>
        <line num="262" count="5" type="stmt"/>
        <line num="263" count="3" type="stmt"/>
        <line num="265" count="3" type="cond" truecount="4" falsecount="1"/>
        <line num="266" count="1" type="stmt"/>
        <line num="269" count="3" type="stmt"/>
        <line num="272" count="110" type="stmt"/>
        <line num="273" count="2" type="stmt"/>
        <line num="274" count="1" type="stmt"/>
        <line num="277" count="110" type="stmt"/>
        <line num="278" count="5" type="stmt"/>
        <line num="279" count="3" type="stmt"/>
        <line num="281" count="3" type="cond" truecount="4" falsecount="1"/>
        <line num="282" count="1" type="stmt"/>
        <line num="285" count="3" type="stmt"/>
        <line num="288" count="110" type="stmt"/>
        <line num="289" count="2" type="stmt"/>
        <line num="290" count="1" type="stmt"/>
        <line num="293" count="110" type="stmt"/>
        <line num="294" count="3" type="stmt"/>
        <line num="295" count="2" type="stmt"/>
        <line num="297" count="2" type="cond" truecount="4" falsecount="1"/>
        <line num="298" count="1" type="stmt"/>
        <line num="301" count="2" type="stmt"/>
        <line num="304" count="110" type="stmt"/>
        <line num="305" count="2" type="stmt"/>
        <line num="308" count="110" type="stmt"/>
        <line num="309" count="3" type="stmt"/>
        <line num="310" count="2" type="stmt"/>
        <line num="312" count="2" type="cond" truecount="4" falsecount="1"/>
        <line num="313" count="1" type="stmt"/>
        <line num="316" count="2" type="stmt"/>
        <line num="319" count="110" type="stmt"/>
        <line num="320" count="2" type="stmt"/>
        <line num="323" count="110" type="stmt"/>
        <line num="326" count="1" type="stmt"/>
        <line num="327" count="770" type="stmt"/>
        <line num="333" count="24" type="stmt"/>
        <line num="335" count="24" type="cond" truecount="2" falsecount="0"/>
        <line num="338" count="2" type="stmt"/>
        <line num="342" count="1" type="stmt"/>
        <line num="346" count="115" type="stmt"/>
        <line num="347" count="3" type="stmt"/>
        <line num="348" count="127" type="stmt"/>
        <line num="349" count="5" type="stmt"/>
        <line num="350" count="2" type="stmt"/>
        <line num="351" count="2" type="stmt"/>
        <line num="364" count="73" type="stmt"/>
        <line num="368" count="2" type="stmt"/>
        <line num="373" count="1" type="stmt"/>
        <line num="377" count="1" type="stmt"/>
        <line num="393" count="3" type="stmt"/>
        <line num="410" count="1" type="stmt"/>
        <line num="420" count="1" type="stmt"/>
        <line num="434" count="1" type="stmt"/>
        <line num="448" count="1" type="cond" truecount="4" falsecount="0"/>
        <line num="458" count="1" type="cond" truecount="2" falsecount="2"/>
        <line num="467" count="1" type="cond" truecount="2" falsecount="2"/>
        <line num="491" count="13" type="stmt"/>
        <line num="495" count="2" type="stmt"/>
        <line num="500" count="1" type="stmt"/>
        <line num="504" count="1" type="stmt"/>
        <line num="520" count="1" type="stmt"/>
        <line num="528" count="1" type="stmt"/>
        <line num="536" count="1" type="stmt"/>
        <line num="544" count="1" type="stmt"/>
        <line num="552" count="1" type="stmt"/>
        <line num="565" count="6" type="stmt"/>
        <line num="569" count="1" type="stmt"/>
        <line num="574" count="1" type="stmt"/>
        <line num="578" count="1" type="stmt"/>
        <line num="594" count="6" type="stmt"/>
        <line num="598" count="1" type="stmt"/>
        <line num="603" count="1" type="stmt"/>
        <line num="607" count="1" type="stmt"/>
        <line num="622" count="1" type="stmt"/>
        <line num="633" count="1" type="stmt"/>
        <line num="639" count="1" type="cond" truecount="2" falsecount="0"/>
      </file>
      <file name="ResponseViewer.tsx" path="/app/src/renderer/components/ResponseViewer.tsx">
        <metrics statements="58" coveredstatements="57" conditionals="64" coveredconditionals="58" methods="16" coveredmethods="15"/>
        <line num="6" count="2" type="stmt"/>
        <line num="13" count="25" type="cond" truecount="2" falsecount="0"/>
        <line num="19" count="2" type="stmt"/>
        <line num="24" count="2" type="stmt"/>
        <line num="28" count="2" type="stmt"/>
        <line num="35" count="2" type="stmt"/>
        <line num="38" count="18" type="cond" truecount="4" falsecount="0"/>
        <line num="39" count="4" type="cond" truecount="4" falsecount="0"/>
        <line num="40" count="3" type="cond" truecount="4" falsecount="0"/>
        <line num="41" count="1" type="stmt"/>
        <line num="45" count="2" type="stmt"/>
        <line num="49" count="2" type="stmt"/>
        <line num="56" count="2" type="stmt"/>
        <line num="59" count="72" type="cond" truecount="2" falsecount="0"/>
        <line num="62" count="72" type="cond" truecount="2" falsecount="0"/>
        <line num="68" count="72" type="cond" truecount="2" falsecount="0"/>
        <line num="81" count="2" type="stmt"/>
        <line num="89" count="2" type="stmt"/>
        <line num="96" count="2" type="stmt"/>
        <line num="104" count="2" type="stmt"/>
        <line num="115" count="2" type="stmt"/>
        <line num="123" count="2" type="stmt"/>
        <line num="127" count="2" type="cond" truecount="2" falsecount="0"/>
        <line num="128" count="2" type="cond" truecount="2" falsecount="0"/>
        <line num="132" count="2" type="stmt"/>
        <line num="146" count="2" type="stmt"/>
        <line num="147" count="25" type="stmt"/>
        <line num="148" count="25" type="stmt"/>
        <line num="150" count="25" type="cond" truecount="2" falsecount="0"/>
        <line num="151" count="2" type="stmt"/>
        <line num="158" count="23" type="cond" truecount="2" falsecount="0"/>
        <line num="159" count="1" type="stmt"/>
        <line num="166" count="22" type="cond" truecount="2" falsecount="0"/>
        <line num="167" count="4" type="stmt"/>
        <line num="174" count="18" type="cond" truecount="1" falsecount="1"/>
        <line num="175" count="25" type="cond" truecount="1" falsecount="1"/>
        <line num="176" count="25" type="cond" truecount="1" falsecount="1"/>
        <line num="177" count="25" type="cond" truecount="1" falsecount="1"/>
        <line num="178" count="25" type="cond" truecount="3" falsecount="1"/>
        <line num="179" count="25" type="stmt"/>
        <line num="180" count="25" type="stmt"/>
        <line num="182" count="25" type="stmt"/>
        <line num="183" count="14" type="cond" truecount="4" falsecount="0"/>
        <line num="184" count="13" type="cond" truecount="2" falsecount="0"/>
        <line num="185" count="3" type="stmt"/>
        <line num="186" count="3" type="stmt"/>
        <line num="188" count="1" type="stmt"/>
        <line num="191" count="10" type="stmt"/>
        <line num="192" count="10" type="stmt"/>
        <line num="193" count="10" type="stmt"/>
        <line num="195" count="9" type="stmt"/>
        <line num="199" count="25" type="stmt"/>
        <line num="208" count="0" type="stmt"/>
        <line num="209" count="1" type="stmt"/>
        <line num="210" count="1" type="stmt"/>
        <line num="211" count="2" type="stmt"/>
        <line num="232" count="1" type="stmt"/>
        <line num="243" count="2" type="stmt"/>
      </file>
      <file name="Sidebar.tsx" path="/app/src/renderer/components/Sidebar.tsx">
        <metrics statements="102" coveredstatements="98" conditionals="56" coveredconditionals="49" methods="32" coveredmethods="30"/>
        <line num="7" count="2" type="stmt"/>
        <line num="16" count="2" type="stmt"/>
        <line num="22" count="2" type="stmt"/>
        <line num="24" count="222" type="cond" truecount="2" falsecount="0"/>
        <line num="26" count="222" type="cond" truecount="2" falsecount="0"/>
        <line num="27" count="222" type="cond" truecount="2" falsecount="0"/>
        <line num="38" count="2" type="stmt"/>
        <line num="53" count="2" type="stmt"/>
        <line num="66" count="2" type="stmt"/>
        <line num="71" count="2" type="stmt"/>
        <line num="91" count="2" type="stmt"/>
        <line num="99" count="13" type="cond" truecount="6" falsecount="0"/>
        <line num="100" count="8" type="stmt"/>
        <line num="101" count="1" type="stmt"/>
        <line num="102" count="1" type="stmt"/>
        <line num="103" count="1" type="stmt"/>
        <line num="104" count="1" type="stmt"/>
        <line num="105" count="1" type="stmt"/>
        <line num="110" count="2" type="stmt"/>
        <line num="118" count="2" type="stmt"/>
        <line num="125" count="2" type="stmt"/>
        <line num="129" count="2" type="stmt"/>
        <line num="144" count="2" type="stmt"/>
        <line num="153" count="2" type="stmt"/>
        <line num="172" count="74" type="stmt"/>
        <line num="174" count="74" type="stmt"/>
        <line num="175" count="74" type="stmt"/>
        <line num="177" count="74" type="stmt"/>
        <line num="178" count="74" type="stmt"/>
        <line num="180" count="74" type="stmt"/>
        <line num="181" count="2" type="stmt"/>
        <line num="182" count="2" type="cond" truecount="2" falsecount="0"/>
        <line num="183" count="1" type="stmt"/>
        <line num="187" count="74" type="stmt"/>
        <line num="188" count="1" type="stmt"/>
        <line num="189" count="1" type="cond" truecount="1" falsecount="1"/>
        <line num="190" count="1" type="stmt"/>
        <line num="194" count="74" type="stmt"/>
        <line num="195" count="2" type="stmt"/>
        <line num="196" count="2" type="cond" truecount="2" falsecount="0"/>
        <line num="197" count="1" type="stmt"/>
        <line num="198" count="1" type="stmt"/>
        <line num="199" count="1" type="cond" truecount="1" falsecount="1"/>
        <line num="200" count="1" type="stmt"/>
        <line num="201" count="1" type="cond" truecount="1" falsecount="1"/>
        <line num="202" count="0" type="stmt"/>
        <line num="205" count="1" type="stmt"/>
        <line num="206" count="1" type="stmt"/>
        <line num="209" count="74" type="stmt"/>
        <line num="210" count="1" type="stmt"/>
        <line num="211" count="1" type="stmt"/>
        <line num="212" count="1" type="stmt"/>
        <line num="213" count="1" type="stmt"/>
        <line num="214" count="1" type="stmt"/>
        <line num="215" count="1" type="stmt"/>
        <line num="216" count="1" type="stmt"/>
        <line num="217" count="1" type="stmt"/>
        <line num="220" count="74" type="stmt"/>
        <line num="221" count="2" type="stmt"/>
        <line num="222" count="2" type="cond" truecount="2" falsecount="0"/>
        <line num="223" count="1" type="stmt"/>
        <line num="224" count="1" type="stmt"/>
        <line num="225" count="1" type="cond" truecount="1" falsecount="1"/>
        <line num="226" count="1" type="stmt"/>
        <line num="227" count="1" type="cond" truecount="1" falsecount="1"/>
        <line num="228" count="0" type="stmt"/>
        <line num="231" count="1" type="stmt"/>
        <line num="232" count="1" type="stmt"/>
        <line num="235" count="74" type="stmt"/>
        <line num="236" count="1" type="stmt"/>
        <line num="237" count="1" type="stmt"/>
        <line num="238" count="1" type="stmt"/>
        <line num="239" count="1" type="stmt"/>
        <line num="240" count="1" type="stmt"/>
        <line num="241" count="1" type="stmt"/>
        <line num="242" count="1" type="stmt"/>
        <line num="243" count="1" type="stmt"/>
        <line num="246" count="74" type="stmt"/>
        <line num="251" count="1" type="stmt"/>
        <line num="257" count="13" type="stmt"/>
        <line num="263" count="12" type="stmt"/>
        <line num="274" count="2" type="cond" truecount="2" falsecount="0"/>
        <line num="282" count="10" type="stmt"/>
        <line num="284" count="1" type="stmt"/>
        <line num="307" count="0" type="stmt"/>
        <line num="317" count="10" type="stmt"/>
        <line num="321" count="2" type="stmt"/>
        <line num="322" count="2" type="cond" truecount="2" falsecount="0"/>
        <line num="326" count="3" type="stmt"/>
        <line num="328" count="1" type="stmt"/>
        <line num="333" count="2" type="stmt"/>
        <line num="334" count="2" type="stmt"/>
        <line num="357" count="0" type="stmt"/>
        <line num="367" count="16" type="stmt"/>
        <line num="370" count="2" type="cond" truecount="2" falsecount="0"/>
        <line num="374" count="3" type="stmt"/>
        <line num="375" count="3" type="stmt"/>
        <line num="378" count="3" type="stmt"/>
        <line num="379" count="3" type="cond" truecount="2" falsecount="0"/>
        <line num="391" count="1" type="stmt"/>
        <line num="393" count="1" type="stmt"/>
        <line num="394" count="1" type="stmt"/>
      </file>
    </package>
    <package name="renderer.stores">
      <metrics statements="223" coveredstatements="223" conditionals="119" coveredconditionals="115" methods="62" coveredmethods="62"/>
      <file name="RequestStore.ts" path="/app/src/renderer/stores/RequestStore.ts">
        <metrics statements="223" coveredstatements="223" conditionals="119" coveredconditionals="115" methods="62" coveredmethods="62"/>
        <line num="66" count="78" type="stmt"/>
        <line num="67" count="78" type="stmt"/>
        <line num="68" count="78" type="stmt"/>
        <line num="69" count="78" type="stmt"/>
        <line num="70" count="78" type="stmt"/>
        <line num="71" count="78" type="stmt"/>
        <line num="72" count="78" type="stmt"/>
        <line num="73" count="78" type="stmt"/>
        <line num="74" count="78" type="stmt"/>
        <line num="75" count="78" type="stmt"/>
        <line num="76" count="78" type="stmt"/>
        <line num="79" count="78" type="stmt"/>
        <line num="80" count="78" type="stmt"/>
        <line num="81" count="78" type="stmt"/>
        <line num="82" count="78" type="stmt"/>
        <line num="85" count="78" type="stmt"/>
        <line num="86" count="78" type="stmt"/>
        <line num="89" count="78" type="stmt"/>
        <line num="90" count="78" type="stmt"/>
        <line num="93" count="78" type="stmt"/>
        <line num="94" count="78" type="stmt"/>
        <line num="95" count="78" type="stmt"/>
        <line num="96" count="78" type="stmt"/>
        <line num="100" count="4" type="stmt"/>
        <line num="104" count="51" type="stmt"/>
        <line num="105" count="51" type="stmt"/>
        <line num="109" count="7" type="stmt"/>
        <line num="113" count="7" type="stmt"/>
        <line num="114" count="7" type="stmt"/>
        <line num="118" count="2" type="stmt"/>
        <line num="122" count="5" type="stmt"/>
        <line num="126" count="5" type="stmt"/>
        <line num="130" count="13" type="stmt"/>
        <line num="131" count="13" type="stmt"/>
        <line num="135" count="2" type="stmt"/>
        <line num="139" count="2" type="stmt"/>
        <line num="143" count="19" type="stmt"/>
        <line num="144" count="19" type="stmt"/>
        <line num="148" count="16" type="stmt"/>
        <line num="150" count="13" type="cond" truecount="2" falsecount="0"/>
        <line num="151" count="5" type="stmt"/>
        <line num="152" count="8" type="cond" truecount="2" falsecount="0"/>
        <line num="153" count="3" type="stmt"/>
        <line num="163" count="13" type="cond" truecount="5" falsecount="0"/>
        <line num="164" count="1" type="stmt"/>
        <line num="167" count="13" type="stmt"/>
        <line num="172" count="24" type="stmt"/>
        <line num="174" count="19" type="cond" truecount="2" falsecount="0"/>
        <line num="175" count="6" type="cond" truecount="4" falsecount="0"/>
        <line num="176" count="6" type="stmt"/>
        <line num="177" count="13" type="cond" truecount="2" falsecount="0"/>
        <line num="178" count="4" type="cond" truecount="2" falsecount="0"/>
        <line num="182" count="19" type="cond" truecount="5" falsecount="0"/>
        <line num="183" count="2" type="stmt"/>
        <line num="186" count="19" type="stmt"/>
        <line num="190" count="51" type="stmt"/>
        <line num="191" count="51" type="stmt"/>
        <line num="192" count="51" type="stmt"/>
        <line num="193" count="51" type="cond" truecount="2" falsecount="0"/>
        <line num="194" count="5" type="stmt"/>
        <line num="197" count="51" type="cond" truecount="2" falsecount="0"/>
        <line num="198" count="47" type="cond" truecount="5" falsecount="0"/>
        <line num="199" count="1" type="stmt"/>
        <line num="201" count="47" type="stmt"/>
        <line num="204" count="4" type="stmt"/>
        <line num="205" count="4" type="stmt"/>
        <line num="206" count="4" type="stmt"/>
        <line num="207" count="5" type="stmt"/>
        <line num="211" count="4" type="stmt"/>
        <line num="213" count="4" type="stmt"/>
        <line num="220" count="12" type="cond" truecount="2" falsecount="0"/>
        <line num="223" count="7" type="stmt"/>
        <line num="224" count="7" type="stmt"/>
        <line num="225" count="7" type="cond" truecount="2" falsecount="0"/>
        <line num="226" count="2" type="stmt"/>
        <line num="229" count="7" type="cond" truecount="2" falsecount="0"/>
        <line num="230" count="2" type="stmt"/>
        <line num="231" count="2" type="stmt"/>
        <line num="234" count="5" type="stmt"/>
        <line num="235" count="5" type="stmt"/>
        <line num="236" count="5" type="cond" truecount="1" falsecount="1"/>
        <line num="239" count="5" type="stmt"/>
        <line num="240" count="5" type="stmt"/>
        <line num="244" count="78" type="stmt"/>
        <line num="245" count="78" type="cond" truecount="2" falsecount="0"/>
        <line num="246" count="2" type="stmt"/>
        <line num="247" count="2" type="stmt"/>
        <line num="249" count="1" type="stmt"/>
        <line num="255" count="22" type="stmt"/>
        <line num="259" count="78" type="stmt"/>
        <line num="260" count="78" type="cond" truecount="2" falsecount="0"/>
        <line num="261" count="2" type="stmt"/>
        <line num="262" count="2" type="stmt"/>
        <line num="264" count="1" type="stmt"/>
        <line num="270" count="18" type="stmt"/>
        <line num="274" count="78" type="stmt"/>
        <line num="275" count="78" type="cond" truecount="2" falsecount="0"/>
        <line num="276" count="2" type="stmt"/>
        <line num="277" count="2" type="stmt"/>
        <line num="279" count="1" type="stmt"/>
        <line num="282" count="78" type="stmt"/>
        <line num="283" count="78" type="cond" truecount="2" falsecount="0"/>
        <line num="284" count="1" type="stmt"/>
        <line num="289" count="30" type="stmt"/>
        <line num="290" count="30" type="cond" truecount="2" falsecount="0"/>
        <line num="291" count="14" type="stmt"/>
        <line num="293" count="16" type="stmt"/>
        <line num="298" count="10" type="stmt"/>
        <line num="303" count="10" type="stmt"/>
        <line num="304" count="10" type="stmt"/>
        <line num="305" count="10" type="cond" truecount="2" falsecount="0"/>
        <line num="306" count="9" type="stmt"/>
        <line num="311" count="2" type="stmt"/>
        <line num="312" count="2" type="cond" truecount="2" falsecount="0"/>
        <line num="313" count="1" type="stmt"/>
        <line num="315" count="2" type="stmt"/>
        <line num="319" count="4" type="stmt"/>
        <line num="320" count="4" type="cond" truecount="2" falsecount="0"/>
        <line num="321" count="3" type="stmt"/>
        <line num="322" count="3" type="stmt"/>
        <line num="323" count="3" type="stmt"/>
        <line num="328" count="13" type="stmt"/>
        <line num="329" count="13" type="stmt"/>
        <line num="333" count="7" type="stmt"/>
        <line num="338" count="7" type="stmt"/>
        <line num="339" count="7" type="stmt"/>
        <line num="343" count="2" type="stmt"/>
        <line num="344" count="2" type="stmt"/>
        <line num="348" count="2" type="stmt"/>
        <line num="352" count="3" type="stmt"/>
        <line num="353" count="3" type="stmt"/>
        <line num="354" count="3" type="cond" truecount="2" falsecount="0"/>
        <line num="356" count="2" type="stmt"/>
        <line num="359" count="1" type="cond" truecount="1" falsecount="1"/>
        <line num="364" count="2" type="stmt"/>
        <line num="365" count="2" type="stmt"/>
        <line num="366" count="2" type="stmt"/>
        <line num="369" count="1" type="stmt"/>
        <line num="371" count="1" type="stmt"/>
        <line num="375" count="2" type="stmt"/>
        <line num="379" count="3" type="stmt"/>
        <line num="380" count="3" type="stmt"/>
        <line num="381" count="3" type="cond" truecount="2" falsecount="0"/>
        <line num="382" count="2" type="stmt"/>
        <line num="386" count="2" type="stmt"/>
        <line num="387" count="2" type="stmt"/>
        <line num="388" count="2" type="stmt"/>
        <line num="391" count="1" type="stmt"/>
        <line num="393" count="1" type="stmt"/>
        <line num="397" count="5" type="cond" truecount="2" falsecount="0"/>
        <line num="398" count="5" type="stmt"/>
        <line num="414" count="5" type="stmt"/>
        <line num="415" count="5" type="cond" truecount="2" falsecount="0"/>
        <line num="416" count="4" type="stmt"/>
        <line num="417" count="4" type="stmt"/>
        <line num="422" count="4" type="stmt"/>
        <line num="423" count="4" type="cond" truecount="2" falsecount="0"/>
        <line num="424" count="3" type="stmt"/>
        <line num="425" count="3" type="stmt"/>
        <line num="430" count="20" type="cond" truecount="2" falsecount="0"/>
        <line num="432" count="19" type="stmt"/>
        <line num="447" count="54" type="cond" truecount="2" falsecount="0"/>
        <line num="448" count="19" type="stmt"/>
        <line num="449" count="19" type="stmt"/>
        <line num="453" count="2" type="stmt"/>
        <line num="454" count="2" type="stmt"/>
        <line num="458" count="4" type="stmt"/>
        <line num="459" count="4" type="stmt"/>
        <line num="461" count="4" type="cond" truecount="4" falsecount="0"/>
        <line num="462" count="1" type="stmt"/>
        <line num="464" count="3" type="stmt"/>
        <line num="467" count="4" type="cond" truecount="2" falsecount="0"/>
        <line num="468" count="4" type="cond" truecount="2" falsecount="0"/>
        <line num="469" count="4" type="cond" truecount="2" falsecount="0"/>
        <line num="470" count="4" type="cond" truecount="2" falsecount="0"/>
        <line num="471" count="4" type="cond" truecount="2" falsecount="0"/>
        <line num="472" count="4" type="cond" truecount="2" falsecount="0"/>
        <line num="473" count="4" type="cond" truecount="2" falsecount="0"/>
        <line num="477" count="15" type="cond" truecount="2" falsecount="0"/>
        <line num="478" count="1" type="stmt"/>
        <line num="479" count="1" type="stmt"/>
        <line num="482" count="14" type="stmt"/>
        <line num="483" count="14" type="stmt"/>
        <line num="484" count="14" type="stmt"/>
        <line num="485" count="14" type="stmt"/>
        <line num="487" count="14" type="stmt"/>
        <line num="489" count="14" type="stmt"/>
        <line num="491" count="14" type="stmt"/>
        <line num="492" count="14" type="stmt"/>
        <line num="493" count="15" type="stmt"/>
        <line num="496" count="14" type="cond" truecount="4" falsecount="0"/>
        <line num="497" count="3" type="cond" truecount="2" falsecount="0"/>
        <line num="498" count="1" type="stmt"/>
        <line num="499" count="2" type="cond" truecount="1" falsecount="1"/>
        <line num="500" count="2" type="cond" truecount="2" falsecount="0"/>
        <line num="501" count="2" type="stmt"/>
        <line num="505" count="14" type="stmt"/>
        <line num="506" count="14" type="cond" truecount="2" falsecount="0"/>
        <line num="507" count="1" type="stmt"/>
        <line num="508" count="1" type="cond" truecount="1" falsecount="1"/>
        <line num="509" count="1" type="stmt"/>
        <line num="510" count="2" type="cond" truecount="4" falsecount="0"/>
        <line num="511" count="1" type="stmt"/>
        <line num="517" count="14" type="stmt"/>
        <line num="522" count="14" type="stmt"/>
        <line num="523" count="14" type="stmt"/>
        <line num="530" count="13" type="stmt"/>
        <line num="531" count="13" type="stmt"/>
        <line num="534" count="13" type="stmt"/>
        <line num="535" count="13" type="cond" truecount="2" falsecount="0"/>
        <line num="536" count="5" type="cond" truecount="2" falsecount="0"/>
        <line num="539" count="13" type="stmt"/>
        <line num="540" count="13" type="cond" truecount="2" falsecount="0"/>
        <line num="541" count="13" type="cond" truecount="2" falsecount="0"/>
        <line num="543" count="13" type="stmt"/>
        <line num="544" count="13" type="stmt"/>
        <line num="545" count="13" type="stmt"/>
        <line num="546" count="13" type="stmt"/>
        <line num="552" count="1" type="stmt"/>
        <line num="553" count="1" type="stmt"/>
        <line num="554" count="1" type="stmt"/>
        <line num="560" count="1" type="stmt"/>
        <line num="566" count="6" type="stmt"/>
      </file>
    </package>
    <package name="renderer.utils">
      <metrics statements="58" coveredstatements="58" conditionals="56" coveredconditionals="46" methods="12" coveredmethods="12"/>
      <file name="codeGenerator.ts" path="/app/src/renderer/utils/codeGenerator.ts">
        <metrics statements="58" coveredstatements="58" conditionals="56" coveredconditionals="46" methods="12" coveredmethods="12"/>
        <line num="14" count="4" type="stmt"/>
        <line num="15" count="16" type="stmt"/>
        <line num="18" count="16" type="stmt"/>
        <line num="19" count="4" type="cond" truecount="3" falsecount="1"/>
        <line num="20" count="4" type="stmt"/>
        <line num="25" count="16" type="cond" truecount="4" falsecount="0"/>
        <line num="26" count="3" type="cond" truecount="4" falsecount="0"/>
        <line num="27" count="1" type="cond" truecount="1" falsecount="1"/>
        <line num="29" count="1" type="stmt"/>
        <line num="30" count="1" type="stmt"/>
        <line num="32" count="2" type="cond" truecount="2" falsecount="0"/>
        <line num="33" count="1" type="stmt"/>
        <line num="34" count="1" type="cond" truecount="1" falsecount="1"/>
        <line num="35" count="1" type="stmt"/>
        <line num="38" count="1" type="cond" truecount="1" falsecount="1"/>
        <line num="39" count="1" type="stmt"/>
        <line num="40" count="1" type="cond" truecount="1" falsecount="1"/>
        <line num="41" count="1" type="stmt"/>
        <line num="47" count="16" type="stmt"/>
        <line num="50" count="4" type="stmt"/>
        <line num="51" count="8" type="stmt"/>
        <line num="56" count="8" type="stmt"/>
        <line num="57" count="1" type="cond" truecount="3" falsecount="1"/>
        <line num="58" count="1" type="stmt"/>
        <line num="62" count="8" type="stmt"/>
        <line num="64" count="8" type="cond" truecount="4" falsecount="0"/>
        <line num="65" count="5" type="cond" truecount="4" falsecount="0"/>
        <line num="66" count="3" type="cond" truecount="1" falsecount="1"/>
        <line num="67" count="3" type="stmt"/>
        <line num="69" count="3" type="cond" truecount="2" falsecount="0"/>
        <line num="70" count="2" type="stmt"/>
        <line num="71" count="2" type="stmt"/>
        <line num="72" count="2" type="stmt"/>
        <line num="74" count="1" type="stmt"/>
        <line num="77" count="1" type="stmt"/>
        <line num="80" count="2" type="cond" truecount="2" falsecount="0"/>
        <line num="82" count="1" type="stmt"/>
        <line num="83" count="1" type="cond" truecount="1" falsecount="1"/>
        <line num="84" count="1" type="stmt"/>
        <line num="86" count="1" type="cond" truecount="1" falsecount="1"/>
        <line num="87" count="1" type="stmt"/>
        <line num="88" count="1" type="cond" truecount="1" falsecount="1"/>
        <line num="89" count="1" type="stmt"/>
        <line num="94" count="8" type="stmt"/>
        <line num="97" count="8" type="stmt"/>
        <line num="100" count="8" type="cond" truecount="2" falsecount="0"/>
        <line num="101" count="1" type="stmt"/>
        <line num="105" count="8" type="cond" truecount="4" falsecount="0"/>
        <line num="107" count="1" type="stmt"/>
        <line num="108" count="1" type="stmt"/>
        <line num="109" count="1" type="stmt"/>
        <line num="111" count="1" type="stmt"/>
        <line num="114" count="7" type="cond" truecount="2" falsecount="0"/>
        <line num="115" count="2" type="stmt"/>
        <line num="116" count="5" type="cond" truecount="2" falsecount="0"/>
        <line num="117" count="2" type="stmt"/>
        <line num="120" count="7" type="stmt"/>
        <line num="121" count="7" type="stmt"/>
      </file>
    </package>
  </project>
</coverage>
