<?xml version="1.0" encoding="UTF-8"?>
<coverage generated="1768958823849" clover="3.2.0">
  <project timestamp="1768958823849" name="All files">
    <metrics statements="336" coveredstatements="314" conditionals="232" coveredconditionals="189" methods="116" coveredmethods="104" elements="684" coveredelements="607" complexity="0" loc="336" ncloc="336" packages="3" files="5" classes="5"/>
    <package name="renderer">
      <metrics statements="4" coveredstatements="4" conditionals="0" coveredconditionals="0" methods="1" coveredmethods="1"/>
      <file name="App.tsx" path="/app/src/renderer/App.tsx">
        <metrics statements="4" coveredstatements="4" conditionals="0" coveredconditionals="0" methods="1" coveredmethods="1"/>
        <line num="7" count="1" type="stmt"/>
        <line num="39" count="1" type="stmt"/>
        <line num="45" count="1" type="stmt"/>
        <line num="54" count="3" type="stmt"/>
      </file>
    </package>
    <package name="renderer.components">
      <metrics statements="195" coveredstatements="173" conditionals="164" coveredconditionals="121" methods="77" coveredmethods="65"/>
      <file name="RequestEditor.tsx" path="/app/src/renderer/components/RequestEditor.tsx">
        <metrics statements="94" coveredstatements="91" conditionals="70" coveredconditionals="66" methods="45" coveredmethods="44"/>
        <line num="6" count="2" type="stmt"/>
        <line num="14" count="2" type="stmt"/>
        <line num="19" count="2" type="stmt"/>
        <line num="31" count="2" type="stmt"/>
        <line num="44" count="2" type="stmt"/>
        <line num="64" count="2" type="stmt"/>
        <line num="71" count="2" type="stmt"/>
        <line num="74" count="390" type="cond" truecount="2" falsecount="0"/>
        <line num="77" count="390" type="cond" truecount="2" falsecount="0"/>
        <line num="83" count="390" type="cond" truecount="2" falsecount="0"/>
        <line num="96" count="2" type="stmt"/>
        <line num="104" count="2" type="stmt"/>
        <line num="111" count="2" type="stmt"/>
        <line num="114" count="115" type="cond" truecount="2" falsecount="0"/>
        <line num="115" count="115" type="cond" truecount="2" falsecount="0"/>
        <line num="116" count="115" type="cond" truecount="2" falsecount="0"/>
        <line num="123" count="2" type="stmt"/>
        <line num="129" count="2" type="stmt"/>
        <line num="133" count="2" type="stmt"/>
        <line num="147" count="2" type="stmt"/>
        <line num="162" count="2" type="stmt"/>
        <line num="169" count="2" type="stmt"/>
        <line num="174" count="2" type="stmt"/>
        <line num="189" count="2" type="stmt"/>
        <line num="193" count="2" type="stmt"/>
        <line num="207" count="2" type="stmt"/>
        <line num="219" count="65" type="stmt"/>
        <line num="221" count="65" type="stmt"/>
        <line num="223" count="65" type="stmt"/>
        <line num="224" count="4" type="cond" truecount="2" falsecount="0"/>
        <line num="225" count="1" type="stmt"/>
        <line num="226" count="1" type="stmt"/>
        <line num="229" count="3" type="stmt"/>
        <line num="230" count="3" type="cond" truecount="2" falsecount="0"/>
        <line num="238" count="2" type="stmt"/>
        <line num="239" count="2" type="cond" truecount="2" falsecount="0"/>
        <line num="240" count="2" type="stmt"/>
        <line num="241" count="1" type="stmt"/>
        <line num="242" count="1" type="cond" truecount="1" falsecount="1"/>
        <line num="243" count="1" type="cond" truecount="3" falsecount="1"/>
        <line num="244" count="0" type="stmt"/>
        <line num="246" count="1" type="stmt"/>
        <line num="250" count="1" type="stmt"/>
        <line num="251" count="1" type="stmt"/>
        <line num="254" count="65" type="stmt"/>
        <line num="256" count="65" type="stmt"/>
        <line num="257" count="4" type="stmt"/>
        <line num="258" count="3" type="stmt"/>
        <line num="260" count="3" type="cond" truecount="5" falsecount="0"/>
        <line num="261" count="2" type="stmt"/>
        <line num="264" count="3" type="stmt"/>
        <line num="267" count="65" type="stmt"/>
        <line num="268" count="1" type="cond" truecount="1" falsecount="1"/>
        <line num="269" count="2" type="stmt"/>
        <line num="270" count="1" type="stmt"/>
        <line num="272" count="0" type="stmt"/>
        <line num="276" count="65" type="stmt"/>
        <line num="277" count="4" type="stmt"/>
        <line num="278" count="3" type="stmt"/>
        <line num="280" count="3" type="cond" truecount="5" falsecount="0"/>
        <line num="281" count="2" type="stmt"/>
        <line num="284" count="3" type="stmt"/>
        <line num="287" count="65" type="stmt"/>
        <line num="288" count="1" type="cond" truecount="1" falsecount="1"/>
        <line num="289" count="2" type="stmt"/>
        <line num="290" count="1" type="stmt"/>
        <line num="292" count="0" type="stmt"/>
        <line num="296" count="65" type="stmt"/>
        <line num="299" count="1" type="stmt"/>
        <line num="300" count="455" type="stmt"/>
        <line num="306" count="24" type="stmt"/>
        <line num="308" count="24" type="cond" truecount="2" falsecount="0"/>
        <line num="311" count="2" type="stmt"/>
        <line num="318" count="67" type="stmt"/>
        <line num="319" count="2" type="stmt"/>
        <line num="320" count="73" type="stmt"/>
        <line num="321" count="2" type="stmt"/>
        <line num="322" count="2" type="stmt"/>
        <line num="323" count="2" type="stmt"/>
        <line num="336" count="52" type="stmt"/>
        <line num="340" count="2" type="stmt"/>
        <line num="345" count="1" type="stmt"/>
        <line num="349" count="1" type="stmt"/>
        <line num="365" count="2" type="stmt"/>
        <line num="381" count="1" type="stmt"/>
        <line num="391" count="1" type="stmt"/>
        <line num="405" count="1" type="stmt"/>
        <line num="426" count="8" type="stmt"/>
        <line num="430" count="2" type="stmt"/>
        <line num="435" count="1" type="stmt"/>
        <line num="439" count="1" type="stmt"/>
        <line num="454" count="1" type="stmt"/>
        <line num="465" count="1" type="stmt"/>
        <line num="476" count="1" type="stmt"/>
      </file>
      <file name="ResponseViewer.tsx" path="/app/src/renderer/components/ResponseViewer.tsx">
        <metrics statements="58" coveredstatements="46" conditionals="64" coveredconditionals="34" methods="16" coveredmethods="7"/>
        <line num="6" count="2" type="stmt"/>
        <line num="13" count="10" type="cond" truecount="2" falsecount="0"/>
        <line num="19" count="2" type="stmt"/>
        <line num="24" count="2" type="stmt"/>
        <line num="28" count="2" type="stmt"/>
        <line num="35" count="2" type="stmt"/>
        <line num="38" count="6" type="cond" truecount="3" falsecount="1"/>
        <line num="39" count="0" type="cond" truecount="0" falsecount="4"/>
        <line num="40" count="0" type="cond" truecount="0" falsecount="4"/>
        <line num="41" count="0" type="stmt"/>
        <line num="45" count="2" type="stmt"/>
        <line num="49" count="2" type="stmt"/>
        <line num="56" count="2" type="stmt"/>
        <line num="59" count="24" type="cond" truecount="2" falsecount="0"/>
        <line num="62" count="24" type="cond" truecount="2" falsecount="0"/>
        <line num="68" count="24" type="cond" truecount="2" falsecount="0"/>
        <line num="81" count="2" type="stmt"/>
        <line num="89" count="2" type="stmt"/>
        <line num="96" count="2" type="stmt"/>
        <line num="104" count="2" type="stmt"/>
        <line num="115" count="2" type="stmt"/>
        <line num="123" count="2" type="stmt"/>
        <line num="127" count="0" type="cond" truecount="0" falsecount="2"/>
        <line num="128" count="0" type="cond" truecount="0" falsecount="2"/>
        <line num="132" count="2" type="stmt"/>
        <line num="146" count="2" type="stmt"/>
        <line num="147" count="10" type="stmt"/>
        <line num="148" count="10" type="stmt"/>
        <line num="150" count="10" type="cond" truecount="2" falsecount="0"/>
        <line num="151" count="1" type="stmt"/>
        <line num="158" count="9" type="cond" truecount="1" falsecount="1"/>
        <line num="159" count="0" type="stmt"/>
        <line num="166" count="9" type="cond" truecount="2" falsecount="0"/>
        <line num="167" count="3" type="stmt"/>
        <line num="174" count="6" type="cond" truecount="1" falsecount="1"/>
        <line num="175" count="10" type="cond" truecount="1" falsecount="1"/>
        <line num="176" count="10" type="cond" truecount="1" falsecount="1"/>
        <line num="177" count="10" type="cond" truecount="1" falsecount="1"/>
        <line num="178" count="10" type="cond" truecount="3" falsecount="1"/>
        <line num="179" count="10" type="stmt"/>
        <line num="180" count="10" type="stmt"/>
        <line num="182" count="10" type="stmt"/>
        <line num="183" count="6" type="cond" truecount="4" falsecount="0"/>
        <line num="184" count="5" type="cond" truecount="2" falsecount="0"/>
        <line num="185" count="3" type="stmt"/>
        <line num="186" count="3" type="stmt"/>
        <line num="188" count="1" type="stmt"/>
        <line num="191" count="2" type="stmt"/>
        <line num="192" count="2" type="stmt"/>
        <line num="193" count="2" type="stmt"/>
        <line num="195" count="1" type="stmt"/>
        <line num="199" count="10" type="stmt"/>
        <line num="208" count="0" type="stmt"/>
        <line num="209" count="0" type="stmt"/>
        <line num="210" count="0" type="stmt"/>
        <line num="211" count="0" type="stmt"/>
        <line num="232" count="0" type="stmt"/>
        <line num="243" count="0" type="stmt"/>
      </file>
      <file name="Sidebar.tsx" path="/app/src/renderer/components/Sidebar.tsx">
        <metrics statements="43" coveredstatements="36" conditionals="30" coveredconditionals="21" methods="16" coveredmethods="14"/>
        <line num="6" count="2" type="stmt"/>
        <line num="15" count="2" type="stmt"/>
        <line num="21" count="2" type="stmt"/>
        <line num="23" count="36" type="cond" truecount="2" falsecount="0"/>
        <line num="25" count="36" type="cond" truecount="2" falsecount="0"/>
        <line num="26" count="36" type="cond" truecount="2" falsecount="0"/>
        <line num="37" count="2" type="stmt"/>
        <line num="52" count="2" type="stmt"/>
        <line num="65" count="2" type="stmt"/>
        <line num="70" count="2" type="stmt"/>
        <line num="84" count="2" type="stmt"/>
        <line num="92" count="6" type="cond" truecount="2" falsecount="4"/>
        <line num="93" count="5" type="stmt"/>
        <line num="94" count="1" type="stmt"/>
        <line num="95" count="0" type="stmt"/>
        <line num="96" count="0" type="stmt"/>
        <line num="97" count="0" type="stmt"/>
        <line num="98" count="0" type="stmt"/>
        <line num="103" count="2" type="stmt"/>
        <line num="111" count="2" type="stmt"/>
        <line num="118" count="2" type="stmt"/>
        <line num="122" count="2" type="stmt"/>
        <line num="137" count="2" type="stmt"/>
        <line num="146" count="2" type="stmt"/>
        <line num="155" count="18" type="stmt"/>
        <line num="157" count="18" type="stmt"/>
        <line num="159" count="18" type="stmt"/>
        <line num="160" count="1" type="stmt"/>
        <line num="161" count="1" type="cond" truecount="1" falsecount="1"/>
        <line num="162" count="1" type="stmt"/>
        <line num="166" count="18" type="stmt"/>
        <line num="171" count="1" type="stmt"/>
        <line num="177" count="5" type="stmt"/>
        <line num="188" count="1" type="cond" truecount="1" falsecount="1"/>
        <line num="196" count="5" type="stmt"/>
        <line num="198" count="1" type="stmt"/>
        <line num="220" count="3" type="stmt"/>
        <line num="224" count="1" type="stmt"/>
        <line num="225" count="1" type="cond" truecount="1" falsecount="1"/>
        <line num="229" count="1" type="stmt"/>
        <line num="231" count="0" type="stmt"/>
        <line num="236" count="0" type="stmt"/>
        <line num="237" count="0" type="stmt"/>
      </file>
    </package>
    <package name="renderer.stores">
      <metrics statements="137" coveredstatements="137" conditionals="68" coveredconditionals="68" methods="38" coveredmethods="38"/>
      <file name="RequestStore.ts" path="/app/src/renderer/stores/RequestStore.ts">
        <metrics statements="137" coveredstatements="137" conditionals="68" coveredconditionals="68" methods="38" coveredmethods="38"/>
        <line num="41" count="48" type="stmt"/>
        <line num="42" count="48" type="stmt"/>
        <line num="43" count="48" type="stmt"/>
        <line num="44" count="48" type="stmt"/>
        <line num="45" count="48" type="stmt"/>
        <line num="46" count="48" type="stmt"/>
        <line num="47" count="48" type="stmt"/>
        <line num="48" count="48" type="stmt"/>
        <line num="51" count="48" type="stmt"/>
        <line num="52" count="48" type="stmt"/>
        <line num="53" count="48" type="stmt"/>
        <line num="54" count="48" type="stmt"/>
        <line num="57" count="48" type="stmt"/>
        <line num="58" count="48" type="stmt"/>
        <line num="61" count="48" type="stmt"/>
        <line num="62" count="48" type="stmt"/>
        <line num="63" count="48" type="stmt"/>
        <line num="67" count="4" type="stmt"/>
        <line num="71" count="44" type="stmt"/>
        <line num="72" count="44" type="stmt"/>
        <line num="76" count="5" type="stmt"/>
        <line num="80" count="7" type="stmt"/>
        <line num="81" count="7" type="stmt"/>
        <line num="85" count="2" type="stmt"/>
        <line num="89" count="2" type="stmt"/>
        <line num="93" count="2" type="stmt"/>
        <line num="97" count="12" type="stmt"/>
        <line num="98" count="12" type="stmt"/>
        <line num="103" count="17" type="stmt"/>
        <line num="105" count="12" type="cond" truecount="2" falsecount="0"/>
        <line num="106" count="6" type="cond" truecount="4" falsecount="0"/>
        <line num="107" count="6" type="stmt"/>
        <line num="108" count="6" type="cond" truecount="2" falsecount="0"/>
        <line num="109" count="4" type="cond" truecount="2" falsecount="0"/>
        <line num="113" count="12" type="cond" truecount="5" falsecount="0"/>
        <line num="114" count="2" type="stmt"/>
        <line num="117" count="12" type="stmt"/>
        <line num="121" count="44" type="stmt"/>
        <line num="122" count="44" type="stmt"/>
        <line num="123" count="44" type="stmt"/>
        <line num="124" count="44" type="cond" truecount="2" falsecount="0"/>
        <line num="125" count="4" type="stmt"/>
        <line num="128" count="44" type="cond" truecount="2" falsecount="0"/>
        <line num="129" count="41" type="cond" truecount="5" falsecount="0"/>
        <line num="130" count="1" type="stmt"/>
        <line num="132" count="41" type="stmt"/>
        <line num="135" count="3" type="stmt"/>
        <line num="136" count="3" type="stmt"/>
        <line num="137" count="3" type="stmt"/>
        <line num="138" count="4" type="stmt"/>
        <line num="142" count="3" type="stmt"/>
        <line num="144" count="3" type="stmt"/>
        <line num="151" count="12" type="cond" truecount="2" falsecount="0"/>
        <line num="154" count="7" type="stmt"/>
        <line num="155" count="7" type="stmt"/>
        <line num="156" count="7" type="cond" truecount="2" falsecount="0"/>
        <line num="157" count="2" type="stmt"/>
        <line num="160" count="7" type="cond" truecount="2" falsecount="0"/>
        <line num="161" count="2" type="stmt"/>
        <line num="162" count="2" type="stmt"/>
        <line num="165" count="5" type="stmt"/>
        <line num="166" count="5" type="stmt"/>
        <line num="167" count="5" type="cond" truecount="2" falsecount="0"/>
        <line num="170" count="5" type="stmt"/>
        <line num="171" count="5" type="stmt"/>
        <line num="175" count="48" type="stmt"/>
        <line num="176" count="48" type="cond" truecount="2" falsecount="0"/>
        <line num="177" count="2" type="stmt"/>
        <line num="178" count="2" type="stmt"/>
        <line num="180" count="1" type="stmt"/>
        <line num="186" count="16" type="stmt"/>
        <line num="190" count="48" type="stmt"/>
        <line num="191" count="48" type="cond" truecount="2" falsecount="0"/>
        <line num="192" count="2" type="stmt"/>
        <line num="193" count="2" type="stmt"/>
        <line num="195" count="1" type="stmt"/>
        <line num="201" count="12" type="stmt"/>
        <line num="205" count="6" type="stmt"/>
        <line num="210" count="6" type="stmt"/>
        <line num="211" count="6" type="stmt"/>
        <line num="215" count="2" type="stmt"/>
        <line num="216" count="2" type="stmt"/>
        <line num="220" count="4" type="cond" truecount="2" falsecount="0"/>
        <line num="221" count="4" type="stmt"/>
        <line num="234" count="4" type="stmt"/>
        <line num="235" count="4" type="cond" truecount="2" falsecount="0"/>
        <line num="236" count="3" type="stmt"/>
        <line num="237" count="3" type="stmt"/>
        <line num="242" count="2" type="stmt"/>
        <line num="243" count="2" type="cond" truecount="2" falsecount="0"/>
        <line num="244" count="1" type="stmt"/>
        <line num="245" count="1" type="stmt"/>
        <line num="250" count="13" type="cond" truecount="2" falsecount="0"/>
        <line num="252" count="13" type="stmt"/>
        <line num="264" count="54" type="cond" truecount="2" falsecount="0"/>
        <line num="265" count="13" type="stmt"/>
        <line num="266" count="13" type="stmt"/>
        <line num="270" count="2" type="stmt"/>
        <line num="271" count="2" type="stmt"/>
        <line num="275" count="3" type="stmt"/>
        <line num="276" count="3" type="stmt"/>
        <line num="278" count="3" type="cond" truecount="4" falsecount="0"/>
        <line num="279" count="1" type="stmt"/>
        <line num="281" count="2" type="stmt"/>
        <line num="284" count="3" type="cond" truecount="2" falsecount="0"/>
        <line num="285" count="3" type="cond" truecount="2" falsecount="0"/>
        <line num="286" count="3" type="cond" truecount="2" falsecount="0"/>
        <line num="287" count="3" type="cond" truecount="2" falsecount="0"/>
        <line num="291" count="9" type="cond" truecount="2" falsecount="0"/>
        <line num="292" count="1" type="stmt"/>
        <line num="293" count="1" type="stmt"/>
        <line num="296" count="8" type="stmt"/>
        <line num="297" count="8" type="stmt"/>
        <line num="298" count="8" type="stmt"/>
        <line num="299" count="8" type="stmt"/>
        <line num="301" count="8" type="stmt"/>
        <line num="303" count="8" type="stmt"/>
        <line num="305" count="8" type="stmt"/>
        <line num="306" count="8" type="stmt"/>
        <line num="308" count="8" type="stmt"/>
        <line num="317" count="7" type="stmt"/>
        <line num="318" count="7" type="stmt"/>
        <line num="321" count="7" type="stmt"/>
        <line num="322" count="7" type="cond" truecount="2" falsecount="0"/>
        <line num="323" count="5" type="cond" truecount="2" falsecount="0"/>
        <line num="326" count="7" type="stmt"/>
        <line num="327" count="7" type="cond" truecount="2" falsecount="0"/>
        <line num="328" count="7" type="cond" truecount="2" falsecount="0"/>
        <line num="330" count="7" type="stmt"/>
        <line num="331" count="7" type="stmt"/>
        <line num="332" count="7" type="stmt"/>
        <line num="333" count="7" type="stmt"/>
        <line num="339" count="1" type="stmt"/>
        <line num="340" count="1" type="stmt"/>
        <line num="341" count="1" type="stmt"/>
        <line num="347" count="1" type="stmt"/>
        <line num="353" count="5" type="stmt"/>
      </file>
    </package>
  </project>
</coverage>
