{"/app/src/renderer/App.tsx": {"path":"/app/src/renderer/App.tsx","statementMap":{"0":{"start":{"line":7,"column":20},"end":{"line":7,"column":null}},"1":{"start":{"line":39,"column":21},"end":{"line":39,"column":null}},"2":{"start":{"line":45,"column":20},"end":{"line":45,"column":null}},"3":{"start":{"line":54,"column":2},"end":{"line":64,"column":null}}},"fnMap":{"0":{"name":"App","decl":{"start":{"line":53,"column":9},"end":{"line":53,"column":15}},"loc":{"start":{"line":53,"column":15},"end":{"line":66,"column":null}},"line":53}},"branchMap":{},"s":{"0":1,"1":1,"2":1,"3":3},"f":{"0":3},"b":{},"meta":{"lastBranch":0,"lastFunction":1,"lastStatement":4,"seen":{"s:7:20:7:Infinity":0,"s:39:21:39:Infinity":1,"s:45:20:45:Infinity":2,"f:53:9:53:15":0,"s:54:2:64:Infinity":3}}}
,"/app/src/renderer/components/RequestEditor.tsx": {"path":"/app/src/renderer/components/RequestEditor.tsx","statementMap":{"0":{"start":{"line":6,"column":24},"end":{"line":6,"column":null}},"1":{"start":{"line":14,"column":19},"end":{"line":14,"column":null}},"2":{"start":{"line":19,"column":21},"end":{"line":19,"column":null}},"3":{"start":{"line":31,"column":17},"end":{"line":31,"column":null}},"4":{"start":{"line":44,"column":16},"end":{"line":44,"column":null}},"5":{"start":{"line":64,"column":13},"end":{"line":64,"column":null}},"6":{"start":{"line":71,"column":12},"end":{"line":93,"column":null}},"7":{"start":{"line":74,"column":20},"end":{"line":74,"column":57}},"8":{"start":{"line":77,"column":26},"end":{"line":77,"column":58}},"9":{"start":{"line":83,"column":13},"end":{"line":83,"column":null}},"10":{"start":{"line":96,"column":19},"end":{"line":96,"column":null}},"11":{"start":{"line":104,"column":20},"end":{"line":104,"column":null}},"12":{"start":{"line":111,"column":18},"end":{"line":116,"column":null}},"13":{"start":{"line":114,"column":33},"end":{"line":114,"column":73}},"14":{"start":{"line":115,"column":28},"end":{"line":115,"column":60}},"15":{"start":{"line":116,"column":26},"end":{"line":116,"column":59}},"16":{"start":{"line":123,"column":17},"end":{"line":123,"column":null}},"17":{"start":{"line":129,"column":18},"end":{"line":129,"column":null}},"18":{"start":{"line":133,"column":20},"end":{"line":133,"column":null}},"19":{"start":{"line":147,"column":18},"end":{"line":147,"column":null}},"20":{"start":{"line":162,"column":19},"end":{"line":162,"column":null}},"21":{"start":{"line":169,"column":20},"end":{"line":169,"column":null}},"22":{"start":{"line":174,"column":19},"end":{"line":174,"column":null}},"23":{"start":{"line":189,"column":21},"end":{"line":189,"column":null}},"24":{"start":{"line":193,"column":16},"end":{"line":193,"column":null}},"25":{"start":{"line":207,"column":13},"end":{"line":484,"column":null}},"26":{"start":{"line":219,"column":6},"end":{"line":219,"column":null}},"27":{"start":{"line":221,"column":32},"end":{"line":221,"column":null}},"28":{"start":{"line":223,"column":21},"end":{"line":252,"column":null}},"29":{"start":{"line":224,"column":4},"end":{"line":227,"column":null}},"30":{"start":{"line":225,"column":6},"end":{"line":225,"column":null}},"31":{"start":{"line":226,"column":6},"end":{"line":226,"column":null}},"32":{"start":{"line":229,"column":17},"end":{"line":229,"column":null}},"33":{"start":{"line":230,"column":4},"end":{"line":230,"column":null}},"34":{"start":{"line":230,"column":15},"end":{"line":230,"column":null}},"35":{"start":{"line":238,"column":23},"end":{"line":238,"column":null}},"36":{"start":{"line":239,"column":4},"end":{"line":248,"column":null}},"37":{"start":{"line":240,"column":32},"end":{"line":240,"column":null}},"38":{"start":{"line":240,"column":58},"end":{"line":240,"column":75}},"39":{"start":{"line":241,"column":25},"end":{"line":241,"column":null}},"40":{"start":{"line":242,"column":22},"end":{"line":242,"column":null}},"41":{"start":{"line":243,"column":8},"end":{"line":247,"column":null}},"42":{"start":{"line":244,"column":12},"end":{"line":244,"column":null}},"43":{"start":{"line":246,"column":13},"end":{"line":246,"column":null}},"44":{"start":{"line":250,"column":4},"end":{"line":250,"column":null}},"45":{"start":{"line":251,"column":4},"end":{"line":251,"column":null}},"46":{"start":{"line":254,"column":18},"end":{"line":254,"column":null}},"47":{"start":{"line":256,"column":29},"end":{"line":265,"column":null}},"48":{"start":{"line":257,"column":23},"end":{"line":257,"column":null}},"49":{"start":{"line":257,"column":41},"end":{"line":257,"column":50}},"50":{"start":{"line":258,"column":4},"end":{"line":258,"column":null}},"51":{"start":{"line":260,"column":4},"end":{"line":262,"column":null}},"52":{"start":{"line":261,"column":6},"end":{"line":261,"column":null}},"53":{"start":{"line":264,"column":4},"end":{"line":264,"column":null}},"54":{"start":{"line":267,"column":23},"end":{"line":274,"column":null}},"55":{"start":{"line":268,"column":4},"end":{"line":273,"column":null}},"56":{"start":{"line":269,"column":27},"end":{"line":269,"column":null}},"57":{"start":{"line":269,"column":52},"end":{"line":269,"column":63}},"58":{"start":{"line":270,"column":8},"end":{"line":270,"column":null}},"59":{"start":{"line":272,"column":8},"end":{"line":272,"column":null}},"60":{"start":{"line":276,"column":28},"end":{"line":285,"column":null}},"61":{"start":{"line":277,"column":22},"end":{"line":277,"column":null}},"62":{"start":{"line":277,"column":44},"end":{"line":277,"column":53}},"63":{"start":{"line":278,"column":4},"end":{"line":278,"column":null}},"64":{"start":{"line":280,"column":4},"end":{"line":282,"column":null}},"65":{"start":{"line":281,"column":6},"end":{"line":281,"column":null}},"66":{"start":{"line":284,"column":4},"end":{"line":284,"column":null}},"67":{"start":{"line":287,"column":22},"end":{"line":294,"column":null}},"68":{"start":{"line":288,"column":4},"end":{"line":293,"column":null}},"69":{"start":{"line":289,"column":26},"end":{"line":289,"column":null}},"70":{"start":{"line":289,"column":55},"end":{"line":289,"column":66}},"71":{"start":{"line":290,"column":8},"end":{"line":290,"column":null}},"72":{"start":{"line":292,"column":8},"end":{"line":292,"column":null}},"73":{"start":{"line":296,"column":2},"end":{"line":482,"column":null}},"74":{"start":{"line":299,"column":54},"end":{"line":299,"column":null}},"75":{"start":{"line":300,"column":28},"end":{"line":300,"column":66}},"76":{"start":{"line":306,"column":27},"end":{"line":306,"column":null}},"77":{"start":{"line":308,"column":13},"end":{"line":308,"column":null}},"78":{"start":{"line":308,"column":36},"end":{"line":308,"column":null}},"79":{"start":{"line":311,"column":32},"end":{"line":311,"column":47}},"80":{"start":{"line":318,"column":61},"end":{"line":318,"column":85}},"81":{"start":{"line":318,"column":118},"end":{"line":318,"column":123}},"82":{"start":{"line":319,"column":59},"end":{"line":319,"column":81}},"83":{"start":{"line":320,"column":62},"end":{"line":320,"column":87}},"84":{"start":{"line":320,"column":117},"end":{"line":320,"column":122}},"85":{"start":{"line":321,"column":59},"end":{"line":321,"column":81}},"86":{"start":{"line":322,"column":65},"end":{"line":322,"column":93}},"87":{"start":{"line":323,"column":60},"end":{"line":323,"column":83}},"88":{"start":{"line":336,"column":20},"end":{"line":352,"column":null}},"89":{"start":{"line":340,"column":41},"end":{"line":340,"column":null}},"90":{"start":{"line":345,"column":41},"end":{"line":345,"column":null}},"91":{"start":{"line":349,"column":54},"end":{"line":349,"column":74}},"92":{"start":{"line":365,"column":35},"end":{"line":365,"column":null}},"93":{"start":{"line":381,"column":39},"end":{"line":381,"column":null}},"94":{"start":{"line":391,"column":39},"end":{"line":391,"column":null}},"95":{"start":{"line":405,"column":38},"end":{"line":405,"column":null}},"96":{"start":{"line":426,"column":14},"end":{"line":442,"column":null}},"97":{"start":{"line":430,"column":35},"end":{"line":430,"column":null}},"98":{"start":{"line":435,"column":35},"end":{"line":435,"column":null}},"99":{"start":{"line":439,"column":47},"end":{"line":439,"column":68}},"100":{"start":{"line":454,"column":33},"end":{"line":454,"column":null}},"101":{"start":{"line":465,"column":33},"end":{"line":465,"column":null}},"102":{"start":{"line":476,"column":33},"end":{"line":476,"column":null}}},"fnMap":{"0":{"name":"(anonymous_0)","decl":{"start":{"line":74,"column":11},"end":{"line":74,"column":20}},"loc":{"start":{"line":74,"column":20},"end":{"line":74,"column":57}},"line":74},"1":{"name":"(anonymous_1)","decl":{"start":{"line":77,"column":17},"end":{"line":77,"column":26}},"loc":{"start":{"line":77,"column":26},"end":{"line":77,"column":58}},"line":77},"2":{"name":"(anonymous_2)","decl":{"start":{"line":83,"column":4},"end":{"line":83,"column":13}},"loc":{"start":{"line":83,"column":13},"end":{"line":83,"column":null}},"line":83},"3":{"name":"(anonymous_3)","decl":{"start":{"line":114,"column":24},"end":{"line":114,"column":33}},"loc":{"start":{"line":114,"column":33},"end":{"line":114,"column":73}},"line":114},"4":{"name":"(anonymous_4)","decl":{"start":{"line":115,"column":19},"end":{"line":115,"column":28}},"loc":{"start":{"line":115,"column":28},"end":{"line":115,"column":60}},"line":115},"5":{"name":"(anonymous_5)","decl":{"start":{"line":116,"column":17},"end":{"line":116,"column":26}},"loc":{"start":{"line":116,"column":26},"end":{"line":116,"column":59}},"line":116},"6":{"name":"(anonymous_6)","decl":{"start":{"line":207,"column":38},"end":{"line":207,"column":44}},"loc":{"start":{"line":207,"column":44},"end":{"line":484,"column":1}},"line":207},"7":{"name":"(anonymous_7)","decl":{"start":{"line":223,"column":21},"end":{"line":223,"column":27}},"loc":{"start":{"line":223,"column":27},"end":{"line":252,"column":null}},"line":223},"8":{"name":"(anonymous_8)","decl":{"start":{"line":240,"column":48},"end":{"line":240,"column":49}},"loc":{"start":{"line":240,"column":58},"end":{"line":240,"column":75}},"line":240},"9":{"name":"(anonymous_9)","decl":{"start":{"line":256,"column":29},"end":{"line":256,"column":30}},"loc":{"start":{"line":256,"column":87},"end":{"line":265,"column":null}},"line":256},"10":{"name":"(anonymous_10)","decl":{"start":{"line":257,"column":35},"end":{"line":257,"column":41}},"loc":{"start":{"line":257,"column":41},"end":{"line":257,"column":50}},"line":257},"11":{"name":"(anonymous_11)","decl":{"start":{"line":267,"column":23},"end":{"line":267,"column":24}},"loc":{"start":{"line":267,"column":42},"end":{"line":274,"column":null}},"line":267},"12":{"name":"(anonymous_12)","decl":{"start":{"line":269,"column":42},"end":{"line":269,"column":43}},"loc":{"start":{"line":269,"column":52},"end":{"line":269,"column":63}},"line":269},"13":{"name":"(anonymous_13)","decl":{"start":{"line":276,"column":28},"end":{"line":276,"column":29}},"loc":{"start":{"line":276,"column":86},"end":{"line":285,"column":null}},"line":276},"14":{"name":"(anonymous_14)","decl":{"start":{"line":277,"column":38},"end":{"line":277,"column":44}},"loc":{"start":{"line":277,"column":44},"end":{"line":277,"column":53}},"line":277},"15":{"name":"(anonymous_15)","decl":{"start":{"line":287,"column":22},"end":{"line":287,"column":23}},"loc":{"start":{"line":287,"column":41},"end":{"line":294,"column":null}},"line":287},"16":{"name":"(anonymous_16)","decl":{"start":{"line":289,"column":45},"end":{"line":289,"column":46}},"loc":{"start":{"line":289,"column":55},"end":{"line":289,"column":66}},"line":289},"17":{"name":"(anonymous_17)","decl":{"start":{"line":299,"column":47},"end":{"line":299,"column":48}},"loc":{"start":{"line":299,"column":54},"end":{"line":299,"column":null}},"line":299},"18":{"name":"(anonymous_18)","decl":{"start":{"line":300,"column":23},"end":{"line":300,"column":28}},"loc":{"start":{"line":300,"column":28},"end":{"line":300,"column":66}},"line":300},"19":{"name":"(anonymous_19)","decl":{"start":{"line":306,"column":20},"end":{"line":306,"column":21}},"loc":{"start":{"line":306,"column":27},"end":{"line":306,"column":null}},"line":306},"20":{"name":"(anonymous_20)","decl":{"start":{"line":307,"column":21},"end":{"line":307,"column":22}},"loc":{"start":{"line":307,"column":28},"end":{"line":309,"column":null}},"line":307},"21":{"name":"(anonymous_21)","decl":{"start":{"line":311,"column":26},"end":{"line":311,"column":32}},"loc":{"start":{"line":311,"column":32},"end":{"line":311,"column":47}},"line":311},"22":{"name":"(anonymous_22)","decl":{"start":{"line":318,"column":55},"end":{"line":318,"column":61}},"loc":{"start":{"line":318,"column":61},"end":{"line":318,"column":85}},"line":318},"23":{"name":"(anonymous_23)","decl":{"start":{"line":318,"column":113},"end":{"line":318,"column":118}},"loc":{"start":{"line":318,"column":118},"end":{"line":318,"column":123}},"line":318},"24":{"name":"(anonymous_24)","decl":{"start":{"line":319,"column":53},"end":{"line":319,"column":59}},"loc":{"start":{"line":319,"column":59},"end":{"line":319,"column":81}},"line":319},"25":{"name":"(anonymous_25)","decl":{"start":{"line":320,"column":56},"end":{"line":320,"column":62}},"loc":{"start":{"line":320,"column":62},"end":{"line":320,"column":87}},"line":320},"26":{"name":"(anonymous_26)","decl":{"start":{"line":320,"column":112},"end":{"line":320,"column":117}},"loc":{"start":{"line":320,"column":117},"end":{"line":320,"column":122}},"line":320},"27":{"name":"(anonymous_27)","decl":{"start":{"line":321,"column":53},"end":{"line":321,"column":59}},"loc":{"start":{"line":321,"column":59},"end":{"line":321,"column":81}},"line":321},"28":{"name":"(anonymous_28)","decl":{"start":{"line":322,"column":59},"end":{"line":322,"column":65}},"loc":{"start":{"line":322,"column":65},"end":{"line":322,"column":93}},"line":322},"29":{"name":"(anonymous_29)","decl":{"start":{"line":323,"column":54},"end":{"line":323,"column":60}},"loc":{"start":{"line":323,"column":60},"end":{"line":323,"column":83}},"line":323},"30":{"name":"(anonymous_30)","decl":{"start":{"line":335,"column":37},"end":{"line":335,"column":38}},"loc":{"start":{"line":336,"column":20},"end":{"line":352,"column":null}},"line":336},"31":{"name":"(anonymous_31)","decl":{"start":{"line":340,"column":34},"end":{"line":340,"column":35}},"loc":{"start":{"line":340,"column":41},"end":{"line":340,"column":null}},"line":340},"32":{"name":"(anonymous_32)","decl":{"start":{"line":345,"column":34},"end":{"line":345,"column":35}},"loc":{"start":{"line":345,"column":41},"end":{"line":345,"column":null}},"line":345},"33":{"name":"(anonymous_33)","decl":{"start":{"line":349,"column":48},"end":{"line":349,"column":54}},"loc":{"start":{"line":349,"column":54},"end":{"line":349,"column":74}},"line":349},"34":{"name":"(anonymous_34)","decl":{"start":{"line":365,"column":28},"end":{"line":365,"column":29}},"loc":{"start":{"line":365,"column":35},"end":{"line":365,"column":null}},"line":365},"35":{"name":"(anonymous_35)","decl":{"start":{"line":381,"column":32},"end":{"line":381,"column":33}},"loc":{"start":{"line":381,"column":39},"end":{"line":381,"column":null}},"line":381},"36":{"name":"(anonymous_36)","decl":{"start":{"line":391,"column":32},"end":{"line":391,"column":33}},"loc":{"start":{"line":391,"column":39},"end":{"line":391,"column":null}},"line":391},"37":{"name":"(anonymous_37)","decl":{"start":{"line":405,"column":31},"end":{"line":405,"column":32}},"loc":{"start":{"line":405,"column":38},"end":{"line":405,"column":null}},"line":405},"38":{"name":"(anonymous_38)","decl":{"start":{"line":425,"column":25},"end":{"line":425,"column":26}},"loc":{"start":{"line":426,"column":14},"end":{"line":442,"column":null}},"line":426},"39":{"name":"(anonymous_39)","decl":{"start":{"line":430,"column":28},"end":{"line":430,"column":29}},"loc":{"start":{"line":430,"column":35},"end":{"line":430,"column":null}},"line":430},"40":{"name":"(anonymous_40)","decl":{"start":{"line":435,"column":28},"end":{"line":435,"column":29}},"loc":{"start":{"line":435,"column":35},"end":{"line":435,"column":null}},"line":435},"41":{"name":"(anonymous_41)","decl":{"start":{"line":439,"column":41},"end":{"line":439,"column":47}},"loc":{"start":{"line":439,"column":47},"end":{"line":439,"column":68}},"line":439},"42":{"name":"(anonymous_42)","decl":{"start":{"line":454,"column":26},"end":{"line":454,"column":27}},"loc":{"start":{"line":454,"column":33},"end":{"line":454,"column":null}},"line":454},"43":{"name":"(anonymous_43)","decl":{"start":{"line":465,"column":26},"end":{"line":465,"column":27}},"loc":{"start":{"line":465,"column":33},"end":{"line":465,"column":null}},"line":465},"44":{"name":"(anonymous_44)","decl":{"start":{"line":476,"column":26},"end":{"line":476,"column":27}},"loc":{"start":{"line":476,"column":33},"end":{"line":476,"column":null}},"line":476}},"branchMap":{"0":{"loc":{"start":{"line":74,"column":20},"end":{"line":74,"column":57}},"type":"cond-expr","locations":[{"start":{"line":74,"column":36},"end":{"line":74,"column":48}},{"start":{"line":74,"column":48},"end":{"line":74,"column":57}}],"line":74},"1":{"loc":{"start":{"line":77,"column":26},"end":{"line":77,"column":58}},"type":"cond-expr","locations":[{"start":{"line":77,"column":42},"end":{"line":77,"column":50}},{"start":{"line":77,"column":50},"end":{"line":77,"column":58}}],"line":77},"2":{"loc":{"start":{"line":83,"column":13},"end":{"line":83,"column":null}},"type":"binary-expr","locations":[{"start":{"line":83,"column":13},"end":{"line":83,"column":30}},{"start":{"line":83,"column":30},"end":{"line":83,"column":null}}],"line":83},"3":{"loc":{"start":{"line":114,"column":33},"end":{"line":114,"column":73}},"type":"cond-expr","locations":[{"start":{"line":114,"column":48},"end":{"line":114,"column":60}},{"start":{"line":114,"column":60},"end":{"line":114,"column":73}}],"line":114},"4":{"loc":{"start":{"line":115,"column":28},"end":{"line":115,"column":60}},"type":"cond-expr","locations":[{"start":{"line":115,"column":43},"end":{"line":115,"column":52}},{"start":{"line":115,"column":52},"end":{"line":115,"column":60}}],"line":115},"5":{"loc":{"start":{"line":116,"column":26},"end":{"line":116,"column":59}},"type":"cond-expr","locations":[{"start":{"line":116,"column":41},"end":{"line":116,"column":50}},{"start":{"line":116,"column":50},"end":{"line":116,"column":59}}],"line":116},"6":{"loc":{"start":{"line":224,"column":4},"end":{"line":227,"column":null}},"type":"if","locations":[{"start":{"line":224,"column":4},"end":{"line":227,"column":null}},{"start":{},"end":{}}],"line":224},"7":{"loc":{"start":{"line":230,"column":4},"end":{"line":230,"column":null}},"type":"if","locations":[{"start":{"line":230,"column":4},"end":{"line":230,"column":null}},{"start":{},"end":{}}],"line":230},"8":{"loc":{"start":{"line":239,"column":4},"end":{"line":248,"column":null}},"type":"if","locations":[{"start":{"line":239,"column":4},"end":{"line":248,"column":null}},{"start":{},"end":{}}],"line":239},"9":{"loc":{"start":{"line":242,"column":31},"end":{"line":242,"column":46}},"type":"binary-expr","locations":[{"start":{"line":242,"column":31},"end":{"line":242,"column":43}},{"start":{"line":242,"column":43},"end":{"line":242,"column":46}}],"line":242},"10":{"loc":{"start":{"line":243,"column":8},"end":{"line":247,"column":null}},"type":"if","locations":[{"start":{"line":243,"column":8},"end":{"line":247,"column":null}},{"start":{"line":245,"column":15},"end":{"line":247,"column":null}}],"line":243},"11":{"loc":{"start":{"line":243,"column":12},"end":{"line":243,"column":49}},"type":"binary-expr","locations":[{"start":{"line":243,"column":12},"end":{"line":243,"column":29}},{"start":{"line":243,"column":29},"end":{"line":243,"column":49}}],"line":243},"12":{"loc":{"start":{"line":260,"column":4},"end":{"line":262,"column":null}},"type":"if","locations":[{"start":{"line":260,"column":4},"end":{"line":262,"column":null}},{"start":{},"end":{}}],"line":260},"13":{"loc":{"start":{"line":260,"column":8},"end":{"line":260,"column":95}},"type":"binary-expr","locations":[{"start":{"line":260,"column":8},"end":{"line":260,"column":44}},{"start":{"line":260,"column":44},"end":{"line":260,"column":69}},{"start":{"line":260,"column":69},"end":{"line":260,"column":95}}],"line":260},"14":{"loc":{"start":{"line":268,"column":4},"end":{"line":273,"column":null}},"type":"if","locations":[{"start":{"line":268,"column":4},"end":{"line":273,"column":null}},{"start":{"line":271,"column":11},"end":{"line":273,"column":null}}],"line":268},"15":{"loc":{"start":{"line":280,"column":4},"end":{"line":282,"column":null}},"type":"if","locations":[{"start":{"line":280,"column":4},"end":{"line":282,"column":null}},{"start":{},"end":{}}],"line":280},"16":{"loc":{"start":{"line":280,"column":8},"end":{"line":280,"column":92}},"type":"binary-expr","locations":[{"start":{"line":280,"column":8},"end":{"line":280,"column":43}},{"start":{"line":280,"column":43},"end":{"line":280,"column":67}},{"start":{"line":280,"column":67},"end":{"line":280,"column":92}}],"line":280},"17":{"loc":{"start":{"line":288,"column":4},"end":{"line":293,"column":null}},"type":"if","locations":[{"start":{"line":288,"column":4},"end":{"line":293,"column":null}},{"start":{"line":291,"column":11},"end":{"line":293,"column":null}}],"line":288},"18":{"loc":{"start":{"line":308,"column":13},"end":{"line":308,"column":null}},"type":"if","locations":[{"start":{"line":308,"column":13},"end":{"line":308,"column":null}},{"start":{},"end":{}}],"line":308},"19":{"loc":{"start":{"line":312,"column":11},"end":{"line":312,"column":null}},"type":"cond-expr","locations":[{"start":{"line":312,"column":21},"end":{"line":312,"column":36}},{"start":{"line":312,"column":36},"end":{"line":312,"column":null}}],"line":312},"20":{"loc":{"start":{"line":327,"column":9},"end":{"line":355,"column":null}},"type":"binary-expr","locations":[{"start":{"line":327,"column":9},"end":{"line":327,"column":null}},{"start":{"line":328,"column":12},"end":{"line":355,"column":null}}],"line":327},"21":{"loc":{"start":{"line":348,"column":25},"end":{"line":349,"column":null}},"type":"binary-expr","locations":[{"start":{"line":348,"column":25},"end":{"line":348,"column":51}},{"start":{"line":348,"column":51},"end":{"line":348,"column":null}},{"start":{"line":349,"column":28},"end":{"line":349,"column":null}}],"line":348},"22":{"loc":{"start":{"line":358,"column":9},"end":{"line":415,"column":null}},"type":"binary-expr","locations":[{"start":{"line":358,"column":9},"end":{"line":358,"column":null}},{"start":{"line":359,"column":10},"end":{"line":415,"column":null}}],"line":358},"23":{"loc":{"start":{"line":374,"column":15},"end":{"line":396,"column":null}},"type":"binary-expr","locations":[{"start":{"line":374,"column":15},"end":{"line":374,"column":null}},{"start":{"line":375,"column":16},"end":{"line":396,"column":null}}],"line":374},"24":{"loc":{"start":{"line":380,"column":29},"end":{"line":380,"column":null}},"type":"binary-expr","locations":[{"start":{"line":380,"column":29},"end":{"line":380,"column":46}},{"start":{"line":380,"column":46},"end":{"line":380,"column":null}}],"line":380},"25":{"loc":{"start":{"line":390,"column":29},"end":{"line":390,"column":null}},"type":"binary-expr","locations":[{"start":{"line":390,"column":29},"end":{"line":390,"column":46}},{"start":{"line":390,"column":46},"end":{"line":390,"column":null}}],"line":390},"26":{"loc":{"start":{"line":399,"column":15},"end":{"line":409,"column":null}},"type":"binary-expr","locations":[{"start":{"line":399,"column":15},"end":{"line":399,"column":null}},{"start":{"line":400,"column":17},"end":{"line":409,"column":null}}],"line":399},"27":{"loc":{"start":{"line":404,"column":28},"end":{"line":404,"column":null}},"type":"binary-expr","locations":[{"start":{"line":404,"column":28},"end":{"line":404,"column":42}},{"start":{"line":404,"column":42},"end":{"line":404,"column":null}}],"line":404},"28":{"loc":{"start":{"line":418,"column":9},"end":{"line":444,"column":null}},"type":"binary-expr","locations":[{"start":{"line":418,"column":9},"end":{"line":418,"column":null}},{"start":{"line":419,"column":10},"end":{"line":444,"column":null}}],"line":418},"29":{"loc":{"start":{"line":438,"column":17},"end":{"line":439,"column":null}},"type":"binary-expr","locations":[{"start":{"line":438,"column":17},"end":{"line":438,"column":39}},{"start":{"line":438,"column":39},"end":{"line":438,"column":null}},{"start":{"line":439,"column":21},"end":{"line":439,"column":null}}],"line":438},"30":{"loc":{"start":{"line":447,"column":9},"end":{"line":457,"column":null}},"type":"binary-expr","locations":[{"start":{"line":447,"column":9},"end":{"line":447,"column":null}},{"start":{"line":448,"column":11},"end":{"line":457,"column":null}}],"line":447},"31":{"loc":{"start":{"line":460,"column":9},"end":{"line":468,"column":null}},"type":"binary-expr","locations":[{"start":{"line":460,"column":9},"end":{"line":460,"column":null}},{"start":{"line":461,"column":11},"end":{"line":468,"column":null}}],"line":460},"32":{"loc":{"start":{"line":471,"column":9},"end":{"line":479,"column":null}},"type":"binary-expr","locations":[{"start":{"line":471,"column":9},"end":{"line":471,"column":null}},{"start":{"line":472,"column":11},"end":{"line":479,"column":null}}],"line":471}},"s":{"0":2,"1":2,"2":2,"3":2,"4":2,"5":2,"6":2,"7":390,"8":390,"9":390,"10":2,"11":2,"12":2,"13":115,"14":115,"15":115,"16":2,"17":2,"18":2,"19":2,"20":2,"21":2,"22":2,"23":2,"24":2,"25":2,"26":65,"27":65,"28":65,"29":4,"30":1,"31":1,"32":3,"33":3,"34":1,"35":2,"36":2,"37":1,"38":2,"39":1,"40":1,"41":1,"42":0,"43":1,"44":1,"45":1,"46":65,"47":65,"48":3,"49":4,"50":3,"51":3,"52":2,"53":3,"54":65,"55":1,"56":1,"57":2,"58":1,"59":0,"60":65,"61":3,"62":4,"63":3,"64":3,"65":2,"66":3,"67":65,"68":1,"69":1,"70":2,"71":1,"72":0,"73":65,"74":1,"75":455,"76":24,"77":24,"78":1,"79":2,"80":0,"81":67,"82":2,"83":5,"84":73,"85":2,"86":2,"87":2,"88":52,"89":2,"90":1,"91":1,"92":2,"93":1,"94":1,"95":1,"96":8,"97":2,"98":1,"99":1,"100":1,"101":1,"102":1},"f":{"0":390,"1":390,"2":390,"3":115,"4":115,"5":115,"6":65,"7":4,"8":2,"9":3,"10":4,"11":1,"12":2,"13":3,"14":4,"15":1,"16":2,"17":1,"18":455,"19":24,"20":24,"21":2,"22":0,"23":67,"24":2,"25":5,"26":73,"27":2,"28":2,"29":2,"30":52,"31":2,"32":1,"33":1,"34":2,"35":1,"36":1,"37":1,"38":8,"39":2,"40":1,"41":1,"42":1,"43":1,"44":1},"b":{"0":[65,325],"1":[65,325],"2":[390,65],"3":[55,60],"4":[55,60],"5":[55,60],"6":[1,3],"7":[1,2],"8":[1,1],"9":[1,0],"10":[0,1],"11":[1,1],"12":[2,1],"13":[3,2,1],"14":[1,0],"15":[2,1],"16":[3,2,1],"17":[1,0],"18":[1,23],"19":[2,63],"20":[65,50],"21":[52,4,2],"22":[65,4],"23":[4,1],"24":[1,1],"25":[1,1],"26":[4,1],"27":[1,1],"28":[65,5],"29":[8,6,3],"30":[65,2],"31":[65,2],"32":[65,2]},"meta":{"lastBranch":33,"lastFunction":45,"lastStatement":103,"seen":{"s:6:24:6:Infinity":0,"s:14:19:14:Infinity":1,"s:19:21:19:Infinity":2,"s:31:17:31:Infinity":3,"s:44:16:44:Infinity":4,"s:64:13:64:Infinity":5,"s:71:12:93:Infinity":6,"f:74:11:74:20":0,"s:74:20:74:57":7,"b:74:36:74:48:74:48:74:57":0,"f:77:17:77:26":1,"s:77:26:77:58":8,"b:77:42:77:50:77:50:77:58":1,"f:83:4:83:13":2,"s:83:13:83:Infinity":9,"b:83:13:83:30:83:30:83:Infinity":2,"s:96:19:96:Infinity":10,"s:104:20:104:Infinity":11,"s:111:18:116:Infinity":12,"f:114:24:114:33":3,"s:114:33:114:73":13,"b:114:48:114:60:114:60:114:73":3,"f:115:19:115:28":4,"s:115:28:115:60":14,"b:115:43:115:52:115:52:115:60":4,"f:116:17:116:26":5,"s:116:26:116:59":15,"b:116:41:116:50:116:50:116:59":5,"s:123:17:123:Infinity":16,"s:129:18:129:Infinity":17,"s:133:20:133:Infinity":18,"s:147:18:147:Infinity":19,"s:162:19:162:Infinity":20,"s:169:20:169:Infinity":21,"s:174:19:174:Infinity":22,"s:189:21:189:Infinity":23,"s:193:16:193:Infinity":24,"s:207:13:484:Infinity":25,"f:207:38:207:44":6,"s:219:6:219:Infinity":26,"s:221:32:221:Infinity":27,"s:223:21:252:Infinity":28,"f:223:21:223:27":7,"b:224:4:227:Infinity:undefined:undefined:undefined:undefined":6,"s:224:4:227:Infinity":29,"s:225:6:225:Infinity":30,"s:226:6:226:Infinity":31,"s:229:17:229:Infinity":32,"b:230:4:230:Infinity:undefined:undefined:undefined:undefined":7,"s:230:4:230:Infinity":33,"s:230:15:230:Infinity":34,"s:238:23:238:Infinity":35,"b:239:4:248:Infinity:undefined:undefined:undefined:undefined":8,"s:239:4:248:Infinity":36,"s:240:32:240:Infinity":37,"f:240:48:240:49":8,"s:240:58:240:75":38,"s:241:25:241:Infinity":39,"s:242:22:242:Infinity":40,"b:242:31:242:43:242:43:242:46":9,"b:243:8:247:Infinity:245:15:247:Infinity":10,"s:243:8:247:Infinity":41,"b:243:12:243:29:243:29:243:49":11,"s:244:12:244:Infinity":42,"s:246:13:246:Infinity":43,"s:250:4:250:Infinity":44,"s:251:4:251:Infinity":45,"s:254:18:254:Infinity":46,"s:256:29:265:Infinity":47,"f:256:29:256:30":9,"s:257:23:257:Infinity":48,"f:257:35:257:41":10,"s:257:41:257:50":49,"s:258:4:258:Infinity":50,"b:260:4:262:Infinity:undefined:undefined:undefined:undefined":12,"s:260:4:262:Infinity":51,"b:260:8:260:44:260:44:260:69:260:69:260:95":13,"s:261:6:261:Infinity":52,"s:264:4:264:Infinity":53,"s:267:23:274:Infinity":54,"f:267:23:267:24":11,"b:268:4:273:Infinity:271:11:273:Infinity":14,"s:268:4:273:Infinity":55,"s:269:27:269:Infinity":56,"f:269:42:269:43":12,"s:269:52:269:63":57,"s:270:8:270:Infinity":58,"s:272:8:272:Infinity":59,"s:276:28:285:Infinity":60,"f:276:28:276:29":13,"s:277:22:277:Infinity":61,"f:277:38:277:44":14,"s:277:44:277:53":62,"s:278:4:278:Infinity":63,"b:280:4:282:Infinity:undefined:undefined:undefined:undefined":15,"s:280:4:282:Infinity":64,"b:280:8:280:43:280:43:280:67:280:67:280:92":16,"s:281:6:281:Infinity":65,"s:284:4:284:Infinity":66,"s:287:22:294:Infinity":67,"f:287:22:287:23":15,"b:288:4:293:Infinity:291:11:293:Infinity":17,"s:288:4:293:Infinity":68,"s:289:26:289:Infinity":69,"f:289:45:289:46":16,"s:289:55:289:66":70,"s:290:8:290:Infinity":71,"s:292:8:292:Infinity":72,"s:296:2:482:Infinity":73,"f:299:47:299:48":17,"s:299:54:299:Infinity":74,"f:300:23:300:28":18,"s:300:28:300:66":75,"f:306:20:306:21":19,"s:306:27:306:Infinity":76,"f:307:21:307:22":20,"b:308:13:308:Infinity:undefined:undefined:undefined:undefined":18,"s:308:13:308:Infinity":77,"s:308:36:308:Infinity":78,"f:311:26:311:32":21,"s:311:32:311:47":79,"b:312:21:312:36:312:36:312:Infinity":19,"f:318:55:318:61":22,"s:318:61:318:85":80,"f:318:113:318:118":23,"s:318:118:318:123":81,"f:319:53:319:59":24,"s:319:59:319:81":82,"f:320:56:320:62":25,"s:320:62:320:87":83,"f:320:112:320:117":26,"s:320:117:320:122":84,"f:321:53:321:59":27,"s:321:59:321:81":85,"f:322:59:322:65":28,"s:322:65:322:93":86,"f:323:54:323:60":29,"s:323:60:323:83":87,"b:327:9:327:Infinity:328:12:355:Infinity":20,"f:335:37:335:38":30,"s:336:20:352:Infinity":88,"f:340:34:340:35":31,"s:340:41:340:Infinity":89,"f:345:34:345:35":32,"s:345:41:345:Infinity":90,"b:348:25:348:51:348:51:348:Infinity:349:28:349:Infinity":21,"f:349:48:349:54":33,"s:349:54:349:74":91,"b:358:9:358:Infinity:359:10:415:Infinity":22,"f:365:28:365:29":34,"s:365:35:365:Infinity":92,"b:374:15:374:Infinity:375:16:396:Infinity":23,"b:380:29:380:46:380:46:380:Infinity":24,"f:381:32:381:33":35,"s:381:39:381:Infinity":93,"b:390:29:390:46:390:46:390:Infinity":25,"f:391:32:391:33":36,"s:391:39:391:Infinity":94,"b:399:15:399:Infinity:400:17:409:Infinity":26,"b:404:28:404:42:404:42:404:Infinity":27,"f:405:31:405:32":37,"s:405:38:405:Infinity":95,"b:418:9:418:Infinity:419:10:444:Infinity":28,"f:425:25:425:26":38,"s:426:14:442:Infinity":96,"f:430:28:430:29":39,"s:430:35:430:Infinity":97,"f:435:28:435:29":40,"s:435:35:435:Infinity":98,"b:438:17:438:39:438:39:438:Infinity:439:21:439:Infinity":29,"f:439:41:439:47":41,"s:439:47:439:68":99,"b:447:9:447:Infinity:448:11:457:Infinity":30,"f:454:26:454:27":42,"s:454:33:454:Infinity":100,"b:460:9:460:Infinity:461:11:468:Infinity":31,"f:465:26:465:27":43,"s:465:33:465:Infinity":101,"b:471:9:471:Infinity:472:11:479:Infinity":32,"f:476:26:476:27":44,"s:476:33:476:Infinity":102}}}
,"/app/src/renderer/components/ResponseViewer.tsx": {"path":"/app/src/renderer/components/ResponseViewer.tsx","statementMap":{"0":{"start":{"line":6,"column":24},"end":{"line":16,"column":null}},"1":{"start":{"line":13,"column":15},"end":{"line":13,"column":null}},"2":{"start":{"line":19,"column":24},"end":{"line":19,"column":null}},"3":{"start":{"line":24,"column":15},"end":{"line":24,"column":null}},"4":{"start":{"line":28,"column":21},"end":{"line":28,"column":null}},"5":{"start":{"line":35,"column":20},"end":{"line":42,"column":null}},"6":{"start":{"line":38,"column":8},"end":{"line":38,"column":null}},"7":{"start":{"line":38,"column":55},"end":{"line":38,"column":null}},"8":{"start":{"line":39,"column":8},"end":{"line":39,"column":null}},"9":{"start":{"line":39,"column":55},"end":{"line":39,"column":null}},"10":{"start":{"line":40,"column":8},"end":{"line":40,"column":null}},"11":{"start":{"line":40,"column":55},"end":{"line":40,"column":null}},"12":{"start":{"line":41,"column":8},"end":{"line":41,"column":null}},"13":{"start":{"line":45,"column":17},"end":{"line":45,"column":null}},"14":{"start":{"line":49,"column":13},"end":{"line":49,"column":null}},"15":{"start":{"line":56,"column":12},"end":{"line":78,"column":null}},"16":{"start":{"line":59,"column":20},"end":{"line":59,"column":57}},"17":{"start":{"line":62,"column":26},"end":{"line":62,"column":58}},"18":{"start":{"line":68,"column":13},"end":{"line":68,"column":null}},"19":{"start":{"line":81,"column":19},"end":{"line":81,"column":null}},"20":{"start":{"line":89,"column":20},"end":{"line":89,"column":null}},"21":{"start":{"line":96,"column":18},"end":{"line":96,"column":null}},"22":{"start":{"line":104,"column":22},"end":{"line":104,"column":null}},"23":{"start":{"line":115,"column":24},"end":{"line":115,"column":null}},"24":{"start":{"line":123,"column":23},"end":{"line":128,"column":null}},"25":{"start":{"line":127,"column":31},"end":{"line":127,"column":101}},"26":{"start":{"line":128,"column":36},"end":{"line":128,"column":73}},"27":{"start":{"line":132,"column":21},"end":{"line":132,"column":null}},"28":{"start":{"line":146,"column":13},"end":{"line":254,"column":null}},"29":{"start":{"line":147,"column":56},"end":{"line":147,"column":null}},"30":{"start":{"line":148,"column":32},"end":{"line":148,"column":null}},"31":{"start":{"line":150,"column":2},"end":{"line":156,"column":null}},"32":{"start":{"line":151,"column":4},"end":{"line":154,"column":null}},"33":{"start":{"line":158,"column":2},"end":{"line":164,"column":null}},"34":{"start":{"line":159,"column":7},"end":{"line":162,"column":null}},"35":{"start":{"line":166,"column":2},"end":{"line":172,"column":null}},"36":{"start":{"line":167,"column":4},"end":{"line":170,"column":null}},"37":{"start":{"line":174,"column":15},"end":{"line":174,"column":null}},"38":{"start":{"line":175,"column":17},"end":{"line":175,"column":null}},"39":{"start":{"line":176,"column":21},"end":{"line":176,"column":null}},"40":{"start":{"line":177,"column":18},"end":{"line":177,"column":null}},"41":{"start":{"line":178,"column":22},"end":{"line":178,"column":null}},"42":{"start":{"line":179,"column":22},"end":{"line":179,"column":null}},"43":{"start":{"line":179,"column":53},"end":{"line":179,"column":61}},"44":{"start":{"line":180,"column":21},"end":{"line":180,"column":null}},"45":{"start":{"line":182,"column":21},"end":{"line":197,"column":null}},"46":{"start":{"line":183,"column":4},"end":{"line":183,"column":null}},"47":{"start":{"line":183,"column":51},"end":{"line":183,"column":null}},"48":{"start":{"line":184,"column":4},"end":{"line":190,"column":null}},"49":{"start":{"line":185,"column":6},"end":{"line":189,"column":null}},"50":{"start":{"line":186,"column":8},"end":{"line":186,"column":null}},"51":{"start":{"line":188,"column":8},"end":{"line":188,"column":null}},"52":{"start":{"line":191,"column":4},"end":{"line":196,"column":null}},"53":{"start":{"line":192,"column":21},"end":{"line":192,"column":null}},"54":{"start":{"line":193,"column":8},"end":{"line":193,"column":null}},"55":{"start":{"line":195,"column":8},"end":{"line":195,"column":null}},"56":{"start":{"line":199,"column":2},"end":{"line":252,"column":null}},"57":{"start":{"line":208,"column":59},"end":{"line":208,"column":81}},"58":{"start":{"line":209,"column":62},"end":{"line":209,"column":87}},"59":{"start":{"line":210,"column":62},"end":{"line":210,"column":87}},"60":{"start":{"line":211,"column":60},"end":{"line":211,"column":83}},"61":{"start":{"line":232,"column":24},"end":{"line":235,"column":null}},"62":{"start":{"line":243,"column":20},"end":{"line":247,"column":null}}},"fnMap":{"0":{"name":"(anonymous_0)","decl":{"start":{"line":13,"column":6},"end":{"line":13,"column":15}},"loc":{"start":{"line":13,"column":15},"end":{"line":13,"column":null}},"line":13},"1":{"name":"(anonymous_1)","decl":{"start":{"line":37,"column":13},"end":{"line":37,"column":22}},"loc":{"start":{"line":37,"column":22},"end":{"line":42,"column":5}},"line":37},"2":{"name":"(anonymous_2)","decl":{"start":{"line":59,"column":11},"end":{"line":59,"column":20}},"loc":{"start":{"line":59,"column":20},"end":{"line":59,"column":57}},"line":59},"3":{"name":"(anonymous_3)","decl":{"start":{"line":62,"column":17},"end":{"line":62,"column":26}},"loc":{"start":{"line":62,"column":26},"end":{"line":62,"column":58}},"line":62},"4":{"name":"(anonymous_4)","decl":{"start":{"line":68,"column":4},"end":{"line":68,"column":13}},"loc":{"start":{"line":68,"column":13},"end":{"line":68,"column":null}},"line":68},"5":{"name":"(anonymous_5)","decl":{"start":{"line":127,"column":22},"end":{"line":127,"column":31}},"loc":{"start":{"line":127,"column":31},"end":{"line":127,"column":101}},"line":127},"6":{"name":"(anonymous_6)","decl":{"start":{"line":128,"column":27},"end":{"line":128,"column":36}},"loc":{"start":{"line":128,"column":36},"end":{"line":128,"column":73}},"line":128},"7":{"name":"(anonymous_7)","decl":{"start":{"line":146,"column":39},"end":{"line":146,"column":45}},"loc":{"start":{"line":146,"column":45},"end":{"line":254,"column":1}},"line":146},"8":{"name":"(anonymous_8)","decl":{"start":{"line":179,"column":41},"end":{"line":179,"column":42}},"loc":{"start":{"line":179,"column":53},"end":{"line":179,"column":61}},"line":179},"9":{"name":"(anonymous_9)","decl":{"start":{"line":182,"column":21},"end":{"line":182,"column":22}},"loc":{"start":{"line":182,"column":39},"end":{"line":197,"column":null}},"line":182},"10":{"name":"(anonymous_10)","decl":{"start":{"line":208,"column":53},"end":{"line":208,"column":59}},"loc":{"start":{"line":208,"column":59},"end":{"line":208,"column":81}},"line":208},"11":{"name":"(anonymous_11)","decl":{"start":{"line":209,"column":56},"end":{"line":209,"column":62}},"loc":{"start":{"line":209,"column":62},"end":{"line":209,"column":87}},"line":209},"12":{"name":"(anonymous_12)","decl":{"start":{"line":210,"column":56},"end":{"line":210,"column":62}},"loc":{"start":{"line":210,"column":62},"end":{"line":210,"column":87}},"line":210},"13":{"name":"(anonymous_13)","decl":{"start":{"line":211,"column":54},"end":{"line":211,"column":60}},"loc":{"start":{"line":211,"column":60},"end":{"line":211,"column":83}},"line":211},"14":{"name":"(anonymous_14)","decl":{"start":{"line":231,"column":45},"end":{"line":231,"column":46}},"loc":{"start":{"line":232,"column":24},"end":{"line":235,"column":null}},"line":232},"15":{"name":"(anonymous_15)","decl":{"start":{"line":242,"column":33},"end":{"line":242,"column":34}},"loc":{"start":{"line":243,"column":20},"end":{"line":247,"column":null}},"line":243}},"branchMap":{"0":{"loc":{"start":{"line":13,"column":15},"end":{"line":13,"column":null}},"type":"binary-expr","locations":[{"start":{"line":13,"column":15},"end":{"line":13,"column":31}},{"start":{"line":13,"column":31},"end":{"line":13,"column":null}}],"line":13},"1":{"loc":{"start":{"line":38,"column":8},"end":{"line":38,"column":null}},"type":"if","locations":[{"start":{"line":38,"column":8},"end":{"line":38,"column":null}},{"start":{},"end":{}}],"line":38},"2":{"loc":{"start":{"line":38,"column":12},"end":{"line":38,"column":55}},"type":"binary-expr","locations":[{"start":{"line":38,"column":12},"end":{"line":38,"column":35}},{"start":{"line":38,"column":35},"end":{"line":38,"column":55}}],"line":38},"3":{"loc":{"start":{"line":39,"column":8},"end":{"line":39,"column":null}},"type":"if","locations":[{"start":{"line":39,"column":8},"end":{"line":39,"column":null}},{"start":{},"end":{}}],"line":39},"4":{"loc":{"start":{"line":39,"column":12},"end":{"line":39,"column":55}},"type":"binary-expr","locations":[{"start":{"line":39,"column":12},"end":{"line":39,"column":35}},{"start":{"line":39,"column":35},"end":{"line":39,"column":55}}],"line":39},"5":{"loc":{"start":{"line":40,"column":8},"end":{"line":40,"column":null}},"type":"if","locations":[{"start":{"line":40,"column":8},"end":{"line":40,"column":null}},{"start":{},"end":{}}],"line":40},"6":{"loc":{"start":{"line":40,"column":12},"end":{"line":40,"column":55}},"type":"binary-expr","locations":[{"start":{"line":40,"column":12},"end":{"line":40,"column":35}},{"start":{"line":40,"column":35},"end":{"line":40,"column":55}}],"line":40},"7":{"loc":{"start":{"line":59,"column":20},"end":{"line":59,"column":57}},"type":"cond-expr","locations":[{"start":{"line":59,"column":36},"end":{"line":59,"column":48}},{"start":{"line":59,"column":48},"end":{"line":59,"column":57}}],"line":59},"8":{"loc":{"start":{"line":62,"column":26},"end":{"line":62,"column":58}},"type":"cond-expr","locations":[{"start":{"line":62,"column":42},"end":{"line":62,"column":50}},{"start":{"line":62,"column":50},"end":{"line":62,"column":58}}],"line":62},"9":{"loc":{"start":{"line":68,"column":13},"end":{"line":68,"column":null}},"type":"binary-expr","locations":[{"start":{"line":68,"column":13},"end":{"line":68,"column":30}},{"start":{"line":68,"column":30},"end":{"line":68,"column":null}}],"line":68},"10":{"loc":{"start":{"line":127,"column":31},"end":{"line":127,"column":101}},"type":"cond-expr","locations":[{"start":{"line":127,"column":47},"end":{"line":127,"column":75}},{"start":{"line":127,"column":75},"end":{"line":127,"column":101}}],"line":127},"11":{"loc":{"start":{"line":128,"column":36},"end":{"line":128,"column":73}},"type":"cond-expr","locations":[{"start":{"line":128,"column":52},"end":{"line":128,"column":64}},{"start":{"line":128,"column":64},"end":{"line":128,"column":73}}],"line":128},"12":{"loc":{"start":{"line":150,"column":2},"end":{"line":156,"column":null}},"type":"if","locations":[{"start":{"line":150,"column":2},"end":{"line":156,"column":null}},{"start":{},"end":{}}],"line":150},"13":{"loc":{"start":{"line":158,"column":2},"end":{"line":164,"column":null}},"type":"if","locations":[{"start":{"line":158,"column":2},"end":{"line":164,"column":null}},{"start":{},"end":{}}],"line":158},"14":{"loc":{"start":{"line":166,"column":2},"end":{"line":172,"column":null}},"type":"if","locations":[{"start":{"line":166,"column":2},"end":{"line":172,"column":null}},{"start":{},"end":{}}],"line":166},"15":{"loc":{"start":{"line":174,"column":15},"end":{"line":174,"column":null}},"type":"cond-expr","locations":[{"start":{"line":174,"column":26},"end":{"line":174,"column":42}},{"start":{"line":174,"column":42},"end":{"line":174,"column":null}}],"line":174},"16":{"loc":{"start":{"line":175,"column":17},"end":{"line":175,"column":null}},"type":"cond-expr","locations":[{"start":{"line":175,"column":28},"end":{"line":175,"column":46}},{"start":{"line":175,"column":46},"end":{"line":175,"column":null}}],"line":175},"17":{"loc":{"start":{"line":176,"column":21},"end":{"line":176,"column":null}},"type":"cond-expr","locations":[{"start":{"line":176,"column":32},"end":{"line":176,"column":54}},{"start":{"line":176,"column":54},"end":{"line":176,"column":null}}],"line":176},"18":{"loc":{"start":{"line":177,"column":18},"end":{"line":177,"column":null}},"type":"cond-expr","locations":[{"start":{"line":177,"column":29},"end":{"line":177,"column":48}},{"start":{"line":177,"column":48},"end":{"line":177,"column":null}}],"line":177},"19":{"loc":{"start":{"line":178,"column":22},"end":{"line":178,"column":null}},"type":"cond-expr","locations":[{"start":{"line":178,"column":34},"end":{"line":178,"column":64}},{"start":{"line":178,"column":64},"end":{"line":178,"column":null}}],"line":178},"20":{"loc":{"start":{"line":178,"column":34},"end":{"line":178,"column":64}},"type":"binary-expr","locations":[{"start":{"line":178,"column":34},"end":{"line":178,"column":58}},{"start":{"line":178,"column":58},"end":{"line":178,"column":64}}],"line":178},"21":{"loc":{"start":{"line":183,"column":4},"end":{"line":183,"column":null}},"type":"if","locations":[{"start":{"line":183,"column":4},"end":{"line":183,"column":null}},{"start":{},"end":{}}],"line":183},"22":{"loc":{"start":{"line":183,"column":8},"end":{"line":183,"column":51}},"type":"binary-expr","locations":[{"start":{"line":183,"column":8},"end":{"line":183,"column":28}},{"start":{"line":183,"column":28},"end":{"line":183,"column":51}}],"line":183},"23":{"loc":{"start":{"line":184,"column":4},"end":{"line":190,"column":null}},"type":"if","locations":[{"start":{"line":184,"column":4},"end":{"line":190,"column":null}},{"start":{},"end":{}}],"line":184},"24":{"loc":{"start":{"line":215,"column":9},"end":{"line":219,"column":null}},"type":"binary-expr","locations":[{"start":{"line":215,"column":9},"end":{"line":215,"column":null}},{"start":{"line":216,"column":13},"end":{"line":219,"column":null}}],"line":215},"25":{"loc":{"start":{"line":221,"column":9},"end":{"line":227,"column":null}},"type":"binary-expr","locations":[{"start":{"line":221,"column":9},"end":{"line":221,"column":null}},{"start":{"line":222,"column":12},"end":{"line":227,"column":null}}],"line":221},"26":{"loc":{"start":{"line":224,"column":24},"end":{"line":224,"column":null}},"type":"cond-expr","locations":[{"start":{"line":224,"column":51},"end":{"line":224,"column":58}},{"start":{"line":224,"column":58},"end":{"line":224,"column":null}}],"line":224},"27":{"loc":{"start":{"line":229,"column":9},"end":{"line":237,"column":null}},"type":"binary-expr","locations":[{"start":{"line":229,"column":9},"end":{"line":229,"column":null}},{"start":{"line":230,"column":12},"end":{"line":237,"column":null}}],"line":229},"28":{"loc":{"start":{"line":239,"column":9},"end":{"line":249,"column":null}},"type":"binary-expr","locations":[{"start":{"line":239,"column":9},"end":{"line":239,"column":null}},{"start":{"line":240,"column":12},"end":{"line":249,"column":null}}],"line":239},"29":{"loc":{"start":{"line":241,"column":17},"end":{"line":241,"column":null}},"type":"binary-expr","locations":[{"start":{"line":241,"column":17},"end":{"line":241,"column":45}},{"start":{"line":241,"column":45},"end":{"line":241,"column":null}}],"line":241},"30":{"loc":{"start":{"line":245,"column":31},"end":{"line":245,"column":61}},"type":"cond-expr","locations":[{"start":{"line":245,"column":45},"end":{"line":245,"column":54}},{"start":{"line":245,"column":54},"end":{"line":245,"column":61}}],"line":245},"31":{"loc":{"start":{"line":246,"column":25},"end":{"line":246,"column":null}},"type":"binary-expr","locations":[{"start":{"line":246,"column":25},"end":{"line":246,"column":41}},{"start":{"line":246,"column":41},"end":{"line":246,"column":null}}],"line":246}},"s":{"0":2,"1":10,"2":2,"3":2,"4":2,"5":2,"6":6,"7":6,"8":0,"9":0,"10":0,"11":0,"12":0,"13":2,"14":2,"15":2,"16":24,"17":24,"18":24,"19":2,"20":2,"21":2,"22":2,"23":2,"24":2,"25":0,"26":0,"27":2,"28":2,"29":10,"30":10,"31":10,"32":1,"33":9,"34":0,"35":9,"36":3,"37":6,"38":10,"39":10,"40":10,"41":10,"42":10,"43":0,"44":10,"45":10,"46":6,"47":1,"48":5,"49":3,"50":3,"51":1,"52":2,"53":2,"54":2,"55":1,"56":10,"57":0,"58":0,"59":0,"60":0,"61":0,"62":0},"f":{"0":10,"1":6,"2":24,"3":24,"4":24,"5":0,"6":0,"7":10,"8":0,"9":6,"10":0,"11":0,"12":0,"13":0,"14":0,"15":0},"b":{"0":[10,4],"1":[6,0],"2":[6,6],"3":[0,0],"4":[0,0],"5":[0,0],"6":[0,0],"7":[6,18],"8":[6,18],"9":[24,6],"10":[0,0],"11":[0,0],"12":[1,9],"13":[0,9],"14":[3,6],"15":[6,0],"16":[6,0],"17":[6,0],"18":[6,0],"19":[6,0],"20":[6,6],"21":[1,5],"22":[6,5],"23":[3,2],"24":[10,6],"25":[10,0],"26":[0,0],"27":[10,0],"28":[10,0],"29":[0,0],"30":[0,0],"31":[0,0]},"meta":{"lastBranch":32,"lastFunction":16,"lastStatement":63,"seen":{"s:6:24:16:Infinity":0,"f:13:6:13:15":0,"s:13:15:13:Infinity":1,"b:13:15:13:31:13:31:13:Infinity":0,"s:19:24:19:Infinity":2,"s:24:15:24:Infinity":3,"s:28:21:28:Infinity":4,"s:35:20:42:Infinity":5,"f:37:13:37:22":1,"b:38:8:38:Infinity:undefined:undefined:undefined:undefined":1,"s:38:8:38:Infinity":6,"b:38:12:38:35:38:35:38:55":2,"s:38:55:38:Infinity":7,"b:39:8:39:Infinity:undefined:undefined:undefined:undefined":3,"s:39:8:39:Infinity":8,"b:39:12:39:35:39:35:39:55":4,"s:39:55:39:Infinity":9,"b:40:8:40:Infinity:undefined:undefined:undefined:undefined":5,"s:40:8:40:Infinity":10,"b:40:12:40:35:40:35:40:55":6,"s:40:55:40:Infinity":11,"s:41:8:41:Infinity":12,"s:45:17:45:Infinity":13,"s:49:13:49:Infinity":14,"s:56:12:78:Infinity":15,"f:59:11:59:20":2,"s:59:20:59:57":16,"b:59:36:59:48:59:48:59:57":7,"f:62:17:62:26":3,"s:62:26:62:58":17,"b:62:42:62:50:62:50:62:58":8,"f:68:4:68:13":4,"s:68:13:68:Infinity":18,"b:68:13:68:30:68:30:68:Infinity":9,"s:81:19:81:Infinity":19,"s:89:20:89:Infinity":20,"s:96:18:96:Infinity":21,"s:104:22:104:Infinity":22,"s:115:24:115:Infinity":23,"s:123:23:128:Infinity":24,"f:127:22:127:31":5,"s:127:31:127:101":25,"b:127:47:127:75:127:75:127:101":10,"f:128:27:128:36":6,"s:128:36:128:73":26,"b:128:52:128:64:128:64:128:73":11,"s:132:21:132:Infinity":27,"s:146:13:254:Infinity":28,"f:146:39:146:45":7,"s:147:56:147:Infinity":29,"s:148:32:148:Infinity":30,"b:150:2:156:Infinity:undefined:undefined:undefined:undefined":12,"s:150:2:156:Infinity":31,"s:151:4:154:Infinity":32,"b:158:2:164:Infinity:undefined:undefined:undefined:undefined":13,"s:158:2:164:Infinity":33,"s:159:7:162:Infinity":34,"b:166:2:172:Infinity:undefined:undefined:undefined:undefined":14,"s:166:2:172:Infinity":35,"s:167:4:170:Infinity":36,"s:174:15:174:Infinity":37,"b:174:26:174:42:174:42:174:Infinity":15,"s:175:17:175:Infinity":38,"b:175:28:175:46:175:46:175:Infinity":16,"s:176:21:176:Infinity":39,"b:176:32:176:54:176:54:176:Infinity":17,"s:177:18:177:Infinity":40,"b:177:29:177:48:177:48:177:Infinity":18,"s:178:22:178:Infinity":41,"b:178:34:178:64:178:64:178:Infinity":19,"b:178:34:178:58:178:58:178:64":20,"s:179:22:179:Infinity":42,"f:179:41:179:42":8,"s:179:53:179:61":43,"s:180:21:180:Infinity":44,"s:182:21:197:Infinity":45,"f:182:21:182:22":9,"b:183:4:183:Infinity:undefined:undefined:undefined:undefined":21,"s:183:4:183:Infinity":46,"b:183:8:183:28:183:28:183:51":22,"s:183:51:183:Infinity":47,"b:184:4:190:Infinity:undefined:undefined:undefined:undefined":23,"s:184:4:190:Infinity":48,"s:185:6:189:Infinity":49,"s:186:8:186:Infinity":50,"s:188:8:188:Infinity":51,"s:191:4:196:Infinity":52,"s:192:21:192:Infinity":53,"s:193:8:193:Infinity":54,"s:195:8:195:Infinity":55,"s:199:2:252:Infinity":56,"f:208:53:208:59":10,"s:208:59:208:81":57,"f:209:56:209:62":11,"s:209:62:209:87":58,"f:210:56:210:62":12,"s:210:62:210:87":59,"f:211:54:211:60":13,"s:211:60:211:83":60,"b:215:9:215:Infinity:216:13:219:Infinity":24,"b:221:9:221:Infinity:222:12:227:Infinity":25,"b:224:51:224:58:224:58:224:Infinity":26,"b:229:9:229:Infinity:230:12:237:Infinity":27,"f:231:45:231:46":14,"s:232:24:235:Infinity":61,"b:239:9:239:Infinity:240:12:249:Infinity":28,"b:241:17:241:45:241:45:241:Infinity":29,"f:242:33:242:34":15,"s:243:20:247:Infinity":62,"b:245:45:245:54:245:54:245:61":30,"b:246:25:246:41:246:41:246:Infinity":31}}}
,"/app/src/renderer/components/Sidebar.tsx": {"path":"/app/src/renderer/components/Sidebar.tsx","statementMap":{"0":{"start":{"line":6,"column":25},"end":{"line":6,"column":null}},"1":{"start":{"line":15,"column":22},"end":{"line":15,"column":null}},"2":{"start":{"line":21,"column":18},"end":{"line":26,"column":null}},"3":{"start":{"line":23,"column":31},"end":{"line":23,"column":68}},"4":{"start":{"line":25,"column":38},"end":{"line":25,"column":79}},"5":{"start":{"line":26,"column":20},"end":{"line":26,"column":54}},"6":{"start":{"line":37,"column":22},"end":{"line":37,"column":null}},"7":{"start":{"line":52,"column":18},"end":{"line":52,"column":null}},"8":{"start":{"line":65,"column":22},"end":{"line":65,"column":null}},"9":{"start":{"line":70,"column":22},"end":{"line":70,"column":null}},"10":{"start":{"line":84,"column":20},"end":{"line":100,"column":null}},"11":{"start":{"line":92,"column":4},"end":{"line":99,"column":null}},"12":{"start":{"line":93,"column":18},"end":{"line":93,"column":null}},"13":{"start":{"line":94,"column":19},"end":{"line":94,"column":null}},"14":{"start":{"line":95,"column":18},"end":{"line":95,"column":null}},"15":{"start":{"line":96,"column":21},"end":{"line":96,"column":null}},"16":{"start":{"line":97,"column":20},"end":{"line":97,"column":null}},"17":{"start":{"line":98,"column":15},"end":{"line":98,"column":null}},"18":{"start":{"line":103,"column":21},"end":{"line":103,"column":null}},"19":{"start":{"line":111,"column":19},"end":{"line":111,"column":null}},"20":{"start":{"line":118,"column":23},"end":{"line":118,"column":null}},"21":{"start":{"line":122,"column":25},"end":{"line":122,"column":null}},"22":{"start":{"line":137,"column":6},"end":{"line":137,"column":null}},"23":{"start":{"line":146,"column":13},"end":{"line":249,"column":null}},"24":{"start":{"line":155,"column":6},"end":{"line":155,"column":null}},"25":{"start":{"line":157,"column":32},"end":{"line":157,"column":null}},"26":{"start":{"line":159,"column":33},"end":{"line":164,"column":null}},"27":{"start":{"line":160,"column":17},"end":{"line":160,"column":null}},"28":{"start":{"line":161,"column":4},"end":{"line":163,"column":null}},"29":{"start":{"line":162,"column":6},"end":{"line":162,"column":null}},"30":{"start":{"line":166,"column":2},"end":{"line":247,"column":null}},"31":{"start":{"line":171,"column":25},"end":{"line":171,"column":null}},"32":{"start":{"line":177,"column":25},"end":{"line":177,"column":null}},"33":{"start":{"line":188,"column":14},"end":{"line":188,"column":null}},"34":{"start":{"line":188,"column":49},"end":{"line":188,"column":null}},"35":{"start":{"line":196,"column":16},"end":{"line":202,"column":null}},"36":{"start":{"line":198,"column":33},"end":{"line":198,"column":null}},"37":{"start":{"line":220,"column":17},"end":{"line":241,"column":null}},"38":{"start":{"line":224,"column":24},"end":{"line":224,"column":null}},"39":{"start":{"line":225,"column":24},"end":{"line":225,"column":null}},"40":{"start":{"line":225,"column":70},"end":{"line":225,"column":null}},"41":{"start":{"line":229,"column":22},"end":{"line":239,"column":null}},"42":{"start":{"line":231,"column":39},"end":{"line":231,"column":null}},"43":{"start":{"line":236,"column":27},"end":{"line":236,"column":null}},"44":{"start":{"line":237,"column":27},"end":{"line":237,"column":null}}},"fnMap":{"0":{"name":"(anonymous_0)","decl":{"start":{"line":23,"column":22},"end":{"line":23,"column":31}},"loc":{"start":{"line":23,"column":31},"end":{"line":23,"column":68}},"line":23},"1":{"name":"(anonymous_1)","decl":{"start":{"line":25,"column":29},"end":{"line":25,"column":38}},"loc":{"start":{"line":25,"column":38},"end":{"line":25,"column":79}},"line":25},"2":{"name":"(anonymous_2)","decl":{"start":{"line":26,"column":11},"end":{"line":26,"column":20}},"loc":{"start":{"line":26,"column":20},"end":{"line":26,"column":54}},"line":26},"3":{"name":"(anonymous_3)","decl":{"start":{"line":91,"column":11},"end":{"line":91,"column":20}},"loc":{"start":{"line":91,"column":20},"end":{"line":100,"column":3}},"line":91},"4":{"name":"(anonymous_4)","decl":{"start":{"line":146,"column":32},"end":{"line":146,"column":38}},"loc":{"start":{"line":146,"column":38},"end":{"line":249,"column":1}},"line":146},"5":{"name":"(anonymous_5)","decl":{"start":{"line":159,"column":33},"end":{"line":159,"column":39}},"loc":{"start":{"line":159,"column":39},"end":{"line":164,"column":null}},"line":159},"6":{"name":"(anonymous_6)","decl":{"start":{"line":171,"column":19},"end":{"line":171,"column":25}},"loc":{"start":{"line":171,"column":25},"end":{"line":171,"column":null}},"line":171},"7":{"name":"(anonymous_7)","decl":{"start":{"line":177,"column":19},"end":{"line":177,"column":25}},"loc":{"start":{"line":177,"column":25},"end":{"line":177,"column":null}},"line":177},"8":{"name":"(anonymous_8)","decl":{"start":{"line":187,"column":32},"end":{"line":187,"column":38}},"loc":{"start":{"line":187,"column":38},"end":{"line":189,"column":15}},"line":187},"9":{"name":"(anonymous_9)","decl":{"start":{"line":195,"column":26},"end":{"line":195,"column":27}},"loc":{"start":{"line":196,"column":16},"end":{"line":202,"column":null}},"line":196},"10":{"name":"(anonymous_10)","decl":{"start":{"line":198,"column":27},"end":{"line":198,"column":33}},"loc":{"start":{"line":198,"column":33},"end":{"line":198,"column":null}},"line":198},"11":{"name":"(anonymous_11)","decl":{"start":{"line":219,"column":31},"end":{"line":219,"column":null}},"loc":{"start":{"line":220,"column":17},"end":{"line":241,"column":null}},"line":220},"12":{"name":"(anonymous_12)","decl":{"start":{"line":223,"column":42},"end":{"line":223,"column":43}},"loc":{"start":{"line":223,"column":49},"end":{"line":226,"column":25}},"line":223},"13":{"name":"(anonymous_13)","decl":{"start":{"line":228,"column":37},"end":{"line":228,"column":null}},"loc":{"start":{"line":229,"column":22},"end":{"line":239,"column":null}},"line":229},"14":{"name":"(anonymous_14)","decl":{"start":{"line":231,"column":33},"end":{"line":231,"column":39}},"loc":{"start":{"line":231,"column":39},"end":{"line":231,"column":null}},"line":231},"15":{"name":"(anonymous_15)","decl":{"start":{"line":235,"column":45},"end":{"line":235,"column":46}},"loc":{"start":{"line":235,"column":52},"end":{"line":238,"column":28}},"line":235}},"branchMap":{"0":{"loc":{"start":{"line":23,"column":31},"end":{"line":23,"column":68}},"type":"cond-expr","locations":[{"start":{"line":23,"column":47},"end":{"line":23,"column":59}},{"start":{"line":23,"column":59},"end":{"line":23,"column":68}}],"line":23},"1":{"loc":{"start":{"line":25,"column":38},"end":{"line":25,"column":79}},"type":"cond-expr","locations":[{"start":{"line":25,"column":54},"end":{"line":25,"column":66}},{"start":{"line":25,"column":66},"end":{"line":25,"column":79}}],"line":25},"2":{"loc":{"start":{"line":26,"column":20},"end":{"line":26,"column":54}},"type":"cond-expr","locations":[{"start":{"line":26,"column":36},"end":{"line":26,"column":45}},{"start":{"line":26,"column":45},"end":{"line":26,"column":54}}],"line":26},"3":{"loc":{"start":{"line":92,"column":4},"end":{"line":99,"column":null}},"type":"switch","locations":[{"start":{"line":93,"column":6},"end":{"line":93,"column":null}},{"start":{"line":94,"column":6},"end":{"line":94,"column":null}},{"start":{"line":95,"column":6},"end":{"line":95,"column":null}},{"start":{"line":96,"column":6},"end":{"line":96,"column":null}},{"start":{"line":97,"column":6},"end":{"line":97,"column":null}},{"start":{"line":98,"column":6},"end":{"line":98,"column":null}}],"line":92},"4":{"loc":{"start":{"line":161,"column":4},"end":{"line":163,"column":null}},"type":"if","locations":[{"start":{"line":161,"column":4},"end":{"line":163,"column":null}},{"start":{},"end":{}}],"line":161},"5":{"loc":{"start":{"line":183,"column":7},"end":{"line":206,"column":null}},"type":"binary-expr","locations":[{"start":{"line":183,"column":7},"end":{"line":183,"column":null}},{"start":{"line":184,"column":8},"end":{"line":206,"column":null}}],"line":183},"6":{"loc":{"start":{"line":188,"column":14},"end":{"line":188,"column":null}},"type":"if","locations":[{"start":{"line":188,"column":14},"end":{"line":188,"column":null}},{"start":{},"end":{}}],"line":188},"7":{"loc":{"start":{"line":192,"column":13},"end":{"line":203,"column":null}},"type":"cond-expr","locations":[{"start":{"line":193,"column":14},"end":{"line":193,"column":null}},{"start":{"line":195,"column":14},"end":{"line":203,"column":null}}],"line":192},"8":{"loc":{"start":{"line":209,"column":7},"end":{"line":245,"column":null}},"type":"binary-expr","locations":[{"start":{"line":209,"column":7},"end":{"line":209,"column":null}},{"start":{"line":210,"column":8},"end":{"line":245,"column":null}}],"line":209},"9":{"loc":{"start":{"line":216,"column":14},"end":{"line":242,"column":null}},"type":"cond-expr","locations":[{"start":{"line":217,"column":15},"end":{"line":217,"column":null}},{"start":{"line":219,"column":15},"end":{"line":242,"column":null}}],"line":216},"10":{"loc":{"start":{"line":225,"column":24},"end":{"line":225,"column":null}},"type":"if","locations":[{"start":{"line":225,"column":24},"end":{"line":225,"column":null}},{"start":{},"end":{}}],"line":225},"11":{"loc":{"start":{"line":234,"column":46},"end":{"line":234,"column":68}},"type":"binary-expr","locations":[{"start":{"line":234,"column":46},"end":{"line":234,"column":58}},{"start":{"line":234,"column":58},"end":{"line":234,"column":68}}],"line":234},"12":{"loc":{"start":{"line":234,"column":68},"end":{"line":234,"column":88}},"type":"binary-expr","locations":[{"start":{"line":234,"column":68},"end":{"line":234,"column":80}},{"start":{"line":234,"column":80},"end":{"line":234,"column":88}}],"line":234}},"s":{"0":2,"1":2,"2":2,"3":36,"4":36,"5":36,"6":2,"7":2,"8":2,"9":2,"10":2,"11":6,"12":5,"13":1,"14":0,"15":0,"16":0,"17":0,"18":2,"19":2,"20":2,"21":2,"22":2,"23":2,"24":18,"25":18,"26":18,"27":1,"28":1,"29":1,"30":18,"31":1,"32":5,"33":1,"34":1,"35":5,"36":1,"37":3,"38":1,"39":1,"40":1,"41":1,"42":0,"43":0,"44":0},"f":{"0":36,"1":36,"2":36,"3":6,"4":18,"5":1,"6":1,"7":5,"8":1,"9":5,"10":1,"11":3,"12":1,"13":1,"14":0,"15":0},"b":{"0":[18,18],"1":[18,18],"2":[18,18],"3":[5,1,0,0,0,0],"4":[1,0],"5":[18,13],"6":[1,0],"7":[9,4],"8":[18,5],"9":[2,3],"10":[1,0],"11":[1,0],"12":[1,0]},"meta":{"lastBranch":13,"lastFunction":16,"lastStatement":45,"seen":{"s:6:25:6:Infinity":0,"s:15:22:15:Infinity":1,"s:21:18:26:Infinity":2,"f:23:22:23:31":0,"s:23:31:23:68":3,"b:23:47:23:59:23:59:23:68":0,"f:25:29:25:38":1,"s:25:38:25:79":4,"b:25:54:25:66:25:66:25:79":1,"f:26:11:26:20":2,"s:26:20:26:54":5,"b:26:36:26:45:26:45:26:54":2,"s:37:22:37:Infinity":6,"s:52:18:52:Infinity":7,"s:65:22:65:Infinity":8,"s:70:22:70:Infinity":9,"s:84:20:100:Infinity":10,"f:91:11:91:20":3,"b:93:6:93:Infinity:94:6:94:Infinity:95:6:95:Infinity:96:6:96:Infinity:97:6:97:Infinity:98:6:98:Infinity":3,"s:92:4:99:Infinity":11,"s:93:18:93:Infinity":12,"s:94:19:94:Infinity":13,"s:95:18:95:Infinity":14,"s:96:21:96:Infinity":15,"s:97:20:97:Infinity":16,"s:98:15:98:Infinity":17,"s:103:21:103:Infinity":18,"s:111:19:111:Infinity":19,"s:118:23:118:Infinity":20,"s:122:25:122:Infinity":21,"s:137:6:137:Infinity":22,"s:146:13:249:Infinity":23,"f:146:32:146:38":4,"s:155:6:155:Infinity":24,"s:157:32:157:Infinity":25,"s:159:33:164:Infinity":26,"f:159:33:159:39":5,"s:160:17:160:Infinity":27,"b:161:4:163:Infinity:undefined:undefined:undefined:undefined":4,"s:161:4:163:Infinity":28,"s:162:6:162:Infinity":29,"s:166:2:247:Infinity":30,"f:171:19:171:25":6,"s:171:25:171:Infinity":31,"f:177:19:177:25":7,"s:177:25:177:Infinity":32,"b:183:7:183:Infinity:184:8:206:Infinity":5,"f:187:32:187:38":8,"b:188:14:188:Infinity:undefined:undefined:undefined:undefined":6,"s:188:14:188:Infinity":33,"s:188:49:188:Infinity":34,"b:193:14:193:Infinity:195:14:203:Infinity":7,"f:195:26:195:27":9,"s:196:16:202:Infinity":35,"f:198:27:198:33":10,"s:198:33:198:Infinity":36,"b:209:7:209:Infinity:210:8:245:Infinity":8,"b:217:15:217:Infinity:219:15:242:Infinity":9,"f:219:31:219:Infinity":11,"s:220:17:241:Infinity":37,"f:223:42:223:43":12,"s:224:24:224:Infinity":38,"b:225:24:225:Infinity:undefined:undefined:undefined:undefined":10,"s:225:24:225:Infinity":39,"s:225:70:225:Infinity":40,"f:228:37:228:Infinity":13,"s:229:22:239:Infinity":41,"f:231:33:231:39":14,"s:231:39:231:Infinity":42,"b:234:46:234:58:234:58:234:68":11,"b:234:68:234:80:234:80:234:88":12,"f:235:45:235:46":15,"s:236:27:236:Infinity":43,"s:237:27:237:Infinity":44}}}
,"/app/src/renderer/stores/RequestStore.ts": {"path":"/app/src/renderer/stores/RequestStore.ts","statementMap":{"0":{"start":{"line":41,"column":19},"end":{"line":41,"column":null}},"1":{"start":{"line":42,"column":16},"end":{"line":42,"column":null}},"2":{"start":{"line":43,"column":22},"end":{"line":43,"column":null}},"3":{"start":{"line":44,"column":30},"end":{"line":44,"column":null}},"4":{"start":{"line":45,"column":17},"end":{"line":45,"column":null}},"5":{"start":{"line":46,"column":15},"end":{"line":46,"column":null}},"6":{"start":{"line":47,"column":29},"end":{"line":47,"column":null}},"7":{"start":{"line":48,"column":23},"end":{"line":48,"column":null}},"8":{"start":{"line":51,"column":18},"end":{"line":51,"column":null}},"9":{"start":{"line":52,"column":21},"end":{"line":52,"column":null}},"10":{"start":{"line":53,"column":15},"end":{"line":53,"column":null}},"11":{"start":{"line":54,"column":52},"end":{"line":54,"column":null}},"12":{"start":{"line":57,"column":27},"end":{"line":57,"column":null}},"13":{"start":{"line":58,"column":30},"end":{"line":58,"column":null}},"14":{"start":{"line":61,"column":4},"end":{"line":61,"column":null}},"15":{"start":{"line":62,"column":4},"end":{"line":62,"column":null}},"16":{"start":{"line":63,"column":4},"end":{"line":63,"column":null}},"17":{"start":{"line":67,"column":4},"end":{"line":67,"column":null}},"18":{"start":{"line":71,"column":4},"end":{"line":71,"column":null}},"19":{"start":{"line":72,"column":4},"end":{"line":72,"column":null}},"20":{"start":{"line":76,"column":4},"end":{"line":76,"column":null}},"21":{"start":{"line":80,"column":4},"end":{"line":80,"column":null}},"22":{"start":{"line":81,"column":4},"end":{"line":81,"column":null}},"23":{"start":{"line":85,"column":4},"end":{"line":85,"column":null}},"24":{"start":{"line":89,"column":4},"end":{"line":89,"column":null}},"25":{"start":{"line":93,"column":4},"end":{"line":93,"column":null}},"26":{"start":{"line":97,"column":4},"end":{"line":97,"column":null}},"27":{"start":{"line":98,"column":4},"end":{"line":98,"column":null}},"28":{"start":{"line":103,"column":21},"end":{"line":103,"column":null}},"29":{"start":{"line":103,"column":46},"end":{"line":103,"column":85}},"30":{"start":{"line":105,"column":4},"end":{"line":110,"column":null}},"31":{"start":{"line":106,"column":20},"end":{"line":106,"column":null}},"32":{"start":{"line":107,"column":6},"end":{"line":107,"column":null}},"33":{"start":{"line":108,"column":4},"end":{"line":110,"column":null}},"34":{"start":{"line":109,"column":6},"end":{"line":109,"column":null}},"35":{"start":{"line":113,"column":4},"end":{"line":115,"column":null}},"36":{"start":{"line":114,"column":7},"end":{"line":114,"column":null}},"37":{"start":{"line":117,"column":4},"end":{"line":117,"column":null}},"38":{"start":{"line":121,"column":4},"end":{"line":147,"column":null}},"39":{"start":{"line":122,"column":25},"end":{"line":122,"column":null}},"40":{"start":{"line":123,"column":27},"end":{"line":123,"column":null}},"41":{"start":{"line":124,"column":8},"end":{"line":126,"column":null}},"42":{"start":{"line":125,"column":12},"end":{"line":125,"column":null}},"43":{"start":{"line":128,"column":8},"end":{"line":133,"column":null}},"44":{"start":{"line":129,"column":11},"end":{"line":131,"column":null}},"45":{"start":{"line":130,"column":15},"end":{"line":130,"column":null}},"46":{"start":{"line":132,"column":11},"end":{"line":132,"column":null}},"47":{"start":{"line":135,"column":23},"end":{"line":135,"column":null}},"48":{"start":{"line":136,"column":40},"end":{"line":136,"column":null}},"49":{"start":{"line":137,"column":8},"end":{"line":139,"column":null}},"50":{"start":{"line":138,"column":12},"end":{"line":138,"column":null}},"51":{"start":{"line":142,"column":8},"end":{"line":142,"column":null}},"52":{"start":{"line":144,"column":8},"end":{"line":144,"column":null}},"53":{"start":{"line":151,"column":26},"end":{"line":151,"column":null}},"54":{"start":{"line":151,"column":55},"end":{"line":151,"column":71}},"55":{"start":{"line":154,"column":25},"end":{"line":154,"column":null}},"56":{"start":{"line":155,"column":20},"end":{"line":155,"column":null}},"57":{"start":{"line":156,"column":6},"end":{"line":158,"column":null}},"58":{"start":{"line":157,"column":10},"end":{"line":157,"column":null}},"59":{"start":{"line":160,"column":6},"end":{"line":163,"column":null}},"60":{"start":{"line":161,"column":10},"end":{"line":161,"column":null}},"61":{"start":{"line":162,"column":10},"end":{"line":162,"column":null}},"62":{"start":{"line":165,"column":27},"end":{"line":165,"column":null}},"63":{"start":{"line":166,"column":6},"end":{"line":168,"column":null}},"64":{"start":{"line":167,"column":10},"end":{"line":167,"column":null}},"65":{"start":{"line":167,"column":21},"end":{"line":167,"column":null}},"66":{"start":{"line":170,"column":26},"end":{"line":170,"column":null}},"67":{"start":{"line":171,"column":6},"end":{"line":171,"column":null}},"68":{"start":{"line":175,"column":25},"end":{"line":175,"column":null}},"69":{"start":{"line":176,"column":4},"end":{"line":182,"column":null}},"70":{"start":{"line":177,"column":6},"end":{"line":181,"column":null}},"71":{"start":{"line":178,"column":8},"end":{"line":178,"column":null}},"72":{"start":{"line":180,"column":8},"end":{"line":180,"column":null}},"73":{"start":{"line":186,"column":4},"end":{"line":186,"column":null}},"74":{"start":{"line":190,"column":29},"end":{"line":190,"column":null}},"75":{"start":{"line":191,"column":4},"end":{"line":197,"column":null}},"76":{"start":{"line":192,"column":6},"end":{"line":196,"column":null}},"77":{"start":{"line":193,"column":8},"end":{"line":193,"column":null}},"78":{"start":{"line":195,"column":8},"end":{"line":195,"column":null}},"79":{"start":{"line":201,"column":4},"end":{"line":201,"column":null}},"80":{"start":{"line":205,"column":38},"end":{"line":209,"column":null}},"81":{"start":{"line":210,"column":4},"end":{"line":210,"column":null}},"82":{"start":{"line":211,"column":4},"end":{"line":211,"column":null}},"83":{"start":{"line":215,"column":4},"end":{"line":215,"column":null}},"84":{"start":{"line":215,"column":52},"end":{"line":215,"column":63}},"85":{"start":{"line":216,"column":4},"end":{"line":216,"column":null}},"86":{"start":{"line":220,"column":27},"end":{"line":220,"column":null}},"87":{"start":{"line":220,"column":52},"end":{"line":220,"column":96}},"88":{"start":{"line":221,"column":38},"end":{"line":232,"column":null}},"89":{"start":{"line":234,"column":25},"end":{"line":234,"column":null}},"90":{"start":{"line":234,"column":52},"end":{"line":234,"column":73}},"91":{"start":{"line":235,"column":6},"end":{"line":238,"column":null}},"92":{"start":{"line":236,"column":10},"end":{"line":236,"column":null}},"93":{"start":{"line":237,"column":10},"end":{"line":237,"column":null}},"94":{"start":{"line":242,"column":25},"end":{"line":242,"column":null}},"95":{"start":{"line":242,"column":52},"end":{"line":242,"column":73}},"96":{"start":{"line":243,"column":6},"end":{"line":246,"column":null}},"97":{"start":{"line":244,"column":10},"end":{"line":244,"column":null}},"98":{"start":{"line":244,"column":64},"end":{"line":244,"column":82}},"99":{"start":{"line":245,"column":10},"end":{"line":245,"column":null}},"100":{"start":{"line":250,"column":25},"end":{"line":250,"column":null}},"101":{"start":{"line":250,"column":50},"end":{"line":250,"column":94}},"102":{"start":{"line":252,"column":40},"end":{"line":262,"column":null}},"103":{"start":{"line":264,"column":21},"end":{"line":264,"column":null}},"104":{"start":{"line":264,"column":49},"end":{"line":264,"column":104}},"105":{"start":{"line":265,"column":4},"end":{"line":265,"column":null}},"106":{"start":{"line":266,"column":4},"end":{"line":266,"column":null}},"107":{"start":{"line":270,"column":4},"end":{"line":270,"column":null}},"108":{"start":{"line":271,"column":4},"end":{"line":271,"column":null}},"109":{"start":{"line":275,"column":4},"end":{"line":275,"column":null}},"110":{"start":{"line":276,"column":4},"end":{"line":276,"column":null}},"111":{"start":{"line":278,"column":4},"end":{"line":282,"column":null}},"112":{"start":{"line":279,"column":6},"end":{"line":279,"column":null}},"113":{"start":{"line":281,"column":6},"end":{"line":281,"column":null}},"114":{"start":{"line":284,"column":4},"end":{"line":284,"column":null}},"115":{"start":{"line":285,"column":4},"end":{"line":285,"column":null}},"116":{"start":{"line":286,"column":4},"end":{"line":286,"column":null}},"117":{"start":{"line":287,"column":4},"end":{"line":287,"column":null}},"118":{"start":{"line":291,"column":4},"end":{"line":294,"column":null}},"119":{"start":{"line":292,"column":6},"end":{"line":292,"column":null}},"120":{"start":{"line":293,"column":6},"end":{"line":293,"column":null}},"121":{"start":{"line":296,"column":4},"end":{"line":296,"column":null}},"122":{"start":{"line":297,"column":4},"end":{"line":297,"column":null}},"123":{"start":{"line":298,"column":4},"end":{"line":298,"column":null}},"124":{"start":{"line":299,"column":4},"end":{"line":299,"column":null}},"125":{"start":{"line":301,"column":4},"end":{"line":301,"column":null}},"126":{"start":{"line":303,"column":22},"end":{"line":303,"column":null}},"127":{"start":{"line":305,"column":4},"end":{"line":349,"column":null}},"128":{"start":{"line":306,"column":27},"end":{"line":306,"column":null}},"129":{"start":{"line":306,"column":52},"end":{"line":306,"column":71}},"130":{"start":{"line":308,"column":21},"end":{"line":315,"column":null}},"131":{"start":{"line":317,"column":22},"end":{"line":317,"column":null}},"132":{"start":{"line":318,"column":23},"end":{"line":318,"column":null}},"133":{"start":{"line":321,"column":22},"end":{"line":321,"column":null}},"134":{"start":{"line":322,"column":6},"end":{"line":324,"column":null}},"135":{"start":{"line":323,"column":10},"end":{"line":323,"column":null}},"136":{"start":{"line":326,"column":20},"end":{"line":326,"column":null}},"137":{"start":{"line":327,"column":6},"end":{"line":327,"column":null}},"138":{"start":{"line":327,"column":28},"end":{"line":327,"column":null}},"139":{"start":{"line":328,"column":6},"end":{"line":328,"column":null}},"140":{"start":{"line":328,"column":35},"end":{"line":328,"column":null}},"141":{"start":{"line":330,"column":6},"end":{"line":337,"column":null}},"142":{"start":{"line":331,"column":8},"end":{"line":331,"column":null}},"143":{"start":{"line":332,"column":8},"end":{"line":332,"column":null}},"144":{"start":{"line":333,"column":8},"end":{"line":336,"column":null}},"145":{"start":{"line":339,"column":6},"end":{"line":339,"column":null}},"146":{"start":{"line":340,"column":6},"end":{"line":348,"column":null}},"147":{"start":{"line":341,"column":8},"end":{"line":346,"column":null}},"148":{"start":{"line":347,"column":8},"end":{"line":347,"column":null}},"149":{"start":{"line":353,"column":28},"end":{"line":353,"column":null}}},"fnMap":{"0":{"name":"(anonymous_0)","decl":{"start":{"line":60,"column":2},"end":{"line":60,"column":16}},"loc":{"start":{"line":60,"column":16},"end":{"line":64,"column":null}},"line":60},"1":{"name":"(anonymous_1)","decl":{"start":{"line":66,"column":2},"end":{"line":66,"column":12}},"loc":{"start":{"line":66,"column":28},"end":{"line":68,"column":null}},"line":66},"2":{"name":"(anonymous_2)","decl":{"start":{"line":70,"column":2},"end":{"line":70,"column":9}},"loc":{"start":{"line":70,"column":22},"end":{"line":73,"column":null}},"line":70},"3":{"name":"(anonymous_3)","decl":{"start":{"line":75,"column":2},"end":{"line":75,"column":13}},"loc":{"start":{"line":75,"column":32},"end":{"line":77,"column":null}},"line":75},"4":{"name":"(anonymous_4)","decl":{"start":{"line":79,"column":2},"end":{"line":79,"column":17}},"loc":{"start":{"line":79,"column":39},"end":{"line":82,"column":null}},"line":79},"5":{"name":"(anonymous_5)","decl":{"start":{"line":84,"column":2},"end":{"line":84,"column":10}},"loc":{"start":{"line":84,"column":24},"end":{"line":86,"column":null}},"line":84},"6":{"name":"(anonymous_6)","decl":{"start":{"line":88,"column":2},"end":{"line":88,"column":22}},"loc":{"start":{"line":88,"column":38},"end":{"line":90,"column":null}},"line":88},"7":{"name":"(anonymous_7)","decl":{"start":{"line":92,"column":2},"end":{"line":92,"column":16}},"loc":{"start":{"line":92,"column":32},"end":{"line":94,"column":null}},"line":92},"8":{"name":"(anonymous_8)","decl":{"start":{"line":96,"column":2},"end":{"line":96,"column":10}},"loc":{"start":{"line":96,"column":22},"end":{"line":99,"column":null}},"line":96},"9":{"name":"(anonymous_9)","decl":{"start":{"line":101,"column":10},"end":{"line":101,"column":29}},"loc":{"start":{"line":101,"column":29},"end":{"line":118,"column":null}},"line":101},"10":{"name":"(anonymous_10)","decl":{"start":{"line":103,"column":41},"end":{"line":103,"column":46}},"loc":{"start":{"line":103,"column":46},"end":{"line":103,"column":85}},"line":103},"11":{"name":"(anonymous_11)","decl":{"start":{"line":120,"column":10},"end":{"line":120,"column":29}},"loc":{"start":{"line":120,"column":29},"end":{"line":148,"column":null}},"line":120},"12":{"name":"(anonymous_12)","decl":{"start":{"line":137,"column":23},"end":{"line":137,"column":24}},"loc":{"start":{"line":137,"column":39},"end":{"line":139,"column":9}},"line":137},"13":{"name":"(anonymous_13)","decl":{"start":{"line":150,"column":10},"end":{"line":150,"column":32}},"loc":{"start":{"line":150,"column":32},"end":{"line":172,"column":null}},"line":150},"14":{"name":"(anonymous_14)","decl":{"start":{"line":151,"column":50},"end":{"line":151,"column":55}},"loc":{"start":{"line":151,"column":55},"end":{"line":151,"column":71}},"line":151},"15":{"name":"(anonymous_15)","decl":{"start":{"line":166,"column":26},"end":{"line":166,"column":31}},"loc":{"start":{"line":166,"column":31},"end":{"line":168,"column":7}},"line":166},"16":{"name":"(anonymous_16)","decl":{"start":{"line":174,"column":2},"end":{"line":174,"column":16}},"loc":{"start":{"line":174,"column":16},"end":{"line":183,"column":null}},"line":174},"17":{"name":"(anonymous_17)","decl":{"start":{"line":185,"column":2},"end":{"line":185,"column":16}},"loc":{"start":{"line":185,"column":16},"end":{"line":187,"column":null}},"line":185},"18":{"name":"(anonymous_18)","decl":{"start":{"line":189,"column":2},"end":{"line":189,"column":20}},"loc":{"start":{"line":189,"column":20},"end":{"line":198,"column":null}},"line":189},"19":{"name":"(anonymous_19)","decl":{"start":{"line":200,"column":2},"end":{"line":200,"column":20}},"loc":{"start":{"line":200,"column":20},"end":{"line":202,"column":null}},"line":200},"20":{"name":"(anonymous_20)","decl":{"start":{"line":204,"column":2},"end":{"line":204,"column":19}},"loc":{"start":{"line":204,"column":33},"end":{"line":212,"column":null}},"line":204},"21":{"name":"(anonymous_21)","decl":{"start":{"line":214,"column":2},"end":{"line":214,"column":19}},"loc":{"start":{"line":214,"column":31},"end":{"line":217,"column":null}},"line":214},"22":{"name":"(anonymous_22)","decl":{"start":{"line":215,"column":47},"end":{"line":215,"column":52}},"loc":{"start":{"line":215,"column":52},"end":{"line":215,"column":63}},"line":215},"23":{"name":"(anonymous_23)","decl":{"start":{"line":219,"column":2},"end":{"line":219,"column":26}},"loc":{"start":{"line":219,"column":62},"end":{"line":239,"column":null}},"line":219},"24":{"name":"(anonymous_24)","decl":{"start":{"line":220,"column":47},"end":{"line":220,"column":52}},"loc":{"start":{"line":220,"column":52},"end":{"line":220,"column":96}},"line":220},"25":{"name":"(anonymous_25)","decl":{"start":{"line":234,"column":47},"end":{"line":234,"column":52}},"loc":{"start":{"line":234,"column":52},"end":{"line":234,"column":73}},"line":234},"26":{"name":"(anonymous_26)","decl":{"start":{"line":241,"column":2},"end":{"line":241,"column":30}},"loc":{"start":{"line":241,"column":71},"end":{"line":247,"column":null}},"line":241},"27":{"name":"(anonymous_27)","decl":{"start":{"line":242,"column":47},"end":{"line":242,"column":52}},"loc":{"start":{"line":242,"column":52},"end":{"line":242,"column":73}},"line":242},"28":{"name":"(anonymous_28)","decl":{"start":{"line":244,"column":59},"end":{"line":244,"column":64}},"loc":{"start":{"line":244,"column":64},"end":{"line":244,"column":82}},"line":244},"29":{"name":"(anonymous_29)","decl":{"start":{"line":249,"column":2},"end":{"line":249,"column":17}},"loc":{"start":{"line":249,"column":17},"end":{"line":267,"column":null}},"line":249},"30":{"name":"(anonymous_30)","decl":{"start":{"line":250,"column":45},"end":{"line":250,"column":50}},"loc":{"start":{"line":250,"column":50},"end":{"line":250,"column":94}},"line":250},"31":{"name":"(anonymous_31)","decl":{"start":{"line":264,"column":41},"end":{"line":264,"column":49}},"loc":{"start":{"line":264,"column":49},"end":{"line":264,"column":104}},"line":264},"32":{"name":"(anonymous_32)","decl":{"start":{"line":269,"column":2},"end":{"line":269,"column":17}},"loc":{"start":{"line":269,"column":17},"end":{"line":272,"column":null}},"line":269},"33":{"name":"(anonymous_33)","decl":{"start":{"line":274,"column":2},"end":{"line":274,"column":18}},"loc":{"start":{"line":274,"column":37},"end":{"line":288,"column":null}},"line":274},"34":{"name":"(anonymous_34)","decl":{"start":{"line":290,"column":8},"end":{"line":290,"column":22}},"loc":{"start":{"line":290,"column":22},"end":{"line":350,"column":null}},"line":290},"35":{"name":"(anonymous_35)","decl":{"start":{"line":306,"column":47},"end":{"line":306,"column":52}},"loc":{"start":{"line":306,"column":52},"end":{"line":306,"column":71}},"line":306},"36":{"name":"(anonymous_36)","decl":{"start":{"line":330,"column":18},"end":{"line":330,"column":24}},"loc":{"start":{"line":330,"column":24},"end":{"line":337,"column":7}},"line":330},"37":{"name":"(anonymous_37)","decl":{"start":{"line":340,"column":18},"end":{"line":340,"column":24}},"loc":{"start":{"line":340,"column":24},"end":{"line":348,"column":7}},"line":340}},"branchMap":{"0":{"loc":{"start":{"line":105,"column":4},"end":{"line":110,"column":null}},"type":"if","locations":[{"start":{"line":105,"column":4},"end":{"line":110,"column":null}},{"start":{"line":108,"column":4},"end":{"line":110,"column":null}}],"line":105},"1":{"loc":{"start":{"line":106,"column":28},"end":{"line":106,"column":52}},"type":"binary-expr","locations":[{"start":{"line":106,"column":28},"end":{"line":106,"column":50}},{"start":{"line":106,"column":50},"end":{"line":106,"column":52}}],"line":106},"2":{"loc":{"start":{"line":106,"column":56},"end":{"line":106,"column":80}},"type":"binary-expr","locations":[{"start":{"line":106,"column":56},"end":{"line":106,"column":78}},{"start":{"line":106,"column":78},"end":{"line":106,"column":80}}],"line":106},"3":{"loc":{"start":{"line":108,"column":4},"end":{"line":110,"column":null}},"type":"if","locations":[{"start":{"line":108,"column":4},"end":{"line":110,"column":null}},{"start":{},"end":{}}],"line":108},"4":{"loc":{"start":{"line":109,"column":66},"end":{"line":109,"column":87}},"type":"binary-expr","locations":[{"start":{"line":109,"column":66},"end":{"line":109,"column":85}},{"start":{"line":109,"column":85},"end":{"line":109,"column":87}}],"line":109},"5":{"loc":{"start":{"line":113,"column":4},"end":{"line":115,"column":null}},"type":"if","locations":[{"start":{"line":113,"column":4},"end":{"line":115,"column":null}},{"start":{},"end":{}}],"line":113},"6":{"loc":{"start":{"line":113,"column":8},"end":{"line":113,"column":119}},"type":"binary-expr","locations":[{"start":{"line":113,"column":8},"end":{"line":113,"column":36}},{"start":{"line":113,"column":36},"end":{"line":113,"column":77}},{"start":{"line":113,"column":77},"end":{"line":113,"column":119}}],"line":113},"7":{"loc":{"start":{"line":124,"column":8},"end":{"line":126,"column":null}},"type":"if","locations":[{"start":{"line":124,"column":8},"end":{"line":126,"column":null}},{"start":{},"end":{}}],"line":124},"8":{"loc":{"start":{"line":128,"column":8},"end":{"line":133,"column":null}},"type":"if","locations":[{"start":{"line":128,"column":8},"end":{"line":133,"column":null}},{"start":{},"end":{}}],"line":128},"9":{"loc":{"start":{"line":129,"column":11},"end":{"line":131,"column":null}},"type":"if","locations":[{"start":{"line":129,"column":11},"end":{"line":131,"column":null}},{"start":{},"end":{}}],"line":129},"10":{"loc":{"start":{"line":129,"column":15},"end":{"line":129,"column":102}},"type":"binary-expr","locations":[{"start":{"line":129,"column":15},"end":{"line":129,"column":47}},{"start":{"line":129,"column":47},"end":{"line":129,"column":74}},{"start":{"line":129,"column":74},"end":{"line":129,"column":102}}],"line":129},"11":{"loc":{"start":{"line":151,"column":55},"end":{"line":151,"column":71}},"type":"binary-expr","locations":[{"start":{"line":151,"column":55},"end":{"line":151,"column":64}},{"start":{"line":151,"column":64},"end":{"line":151,"column":71}}],"line":151},"12":{"loc":{"start":{"line":156,"column":6},"end":{"line":158,"column":null}},"type":"if","locations":[{"start":{"line":156,"column":6},"end":{"line":158,"column":null}},{"start":{},"end":{}}],"line":156},"13":{"loc":{"start":{"line":160,"column":6},"end":{"line":163,"column":null}},"type":"if","locations":[{"start":{"line":160,"column":6},"end":{"line":163,"column":null}},{"start":{},"end":{}}],"line":160},"14":{"loc":{"start":{"line":167,"column":10},"end":{"line":167,"column":null}},"type":"if","locations":[{"start":{"line":167,"column":10},"end":{"line":167,"column":null}},{"start":{},"end":{}}],"line":167},"15":{"loc":{"start":{"line":176,"column":4},"end":{"line":182,"column":null}},"type":"if","locations":[{"start":{"line":176,"column":4},"end":{"line":182,"column":null}},{"start":{},"end":{}}],"line":176},"16":{"loc":{"start":{"line":191,"column":4},"end":{"line":197,"column":null}},"type":"if","locations":[{"start":{"line":191,"column":4},"end":{"line":197,"column":null}},{"start":{},"end":{}}],"line":191},"17":{"loc":{"start":{"line":220,"column":52},"end":{"line":220,"column":96}},"type":"binary-expr","locations":[{"start":{"line":220,"column":52},"end":{"line":220,"column":75}},{"start":{"line":220,"column":75},"end":{"line":220,"column":96}}],"line":220},"18":{"loc":{"start":{"line":235,"column":6},"end":{"line":238,"column":null}},"type":"if","locations":[{"start":{"line":235,"column":6},"end":{"line":238,"column":null}},{"start":{},"end":{}}],"line":235},"19":{"loc":{"start":{"line":243,"column":6},"end":{"line":246,"column":null}},"type":"if","locations":[{"start":{"line":243,"column":6},"end":{"line":246,"column":null}},{"start":{},"end":{}}],"line":243},"20":{"loc":{"start":{"line":250,"column":50},"end":{"line":250,"column":94}},"type":"binary-expr","locations":[{"start":{"line":250,"column":50},"end":{"line":250,"column":73}},{"start":{"line":250,"column":73},"end":{"line":250,"column":94}}],"line":250},"21":{"loc":{"start":{"line":264,"column":51},"end":{"line":264,"column":104}},"type":"binary-expr","locations":[{"start":{"line":264,"column":51},"end":{"line":264,"column":82}},{"start":{"line":264,"column":82},"end":{"line":264,"column":104}}],"line":264},"22":{"loc":{"start":{"line":278,"column":4},"end":{"line":282,"column":null}},"type":"if","locations":[{"start":{"line":278,"column":4},"end":{"line":282,"column":null}},{"start":{"line":280,"column":11},"end":{"line":282,"column":null}}],"line":278},"23":{"loc":{"start":{"line":278,"column":8},"end":{"line":278,"column":49}},"type":"binary-expr","locations":[{"start":{"line":278,"column":8},"end":{"line":278,"column":24}},{"start":{"line":278,"column":24},"end":{"line":278,"column":49}}],"line":278},"24":{"loc":{"start":{"line":284,"column":16},"end":{"line":284,"column":null}},"type":"binary-expr","locations":[{"start":{"line":284,"column":16},"end":{"line":284,"column":29}},{"start":{"line":284,"column":29},"end":{"line":284,"column":null}}],"line":284},"25":{"loc":{"start":{"line":285,"column":16},"end":{"line":285,"column":null}},"type":"binary-expr","locations":[{"start":{"line":285,"column":16},"end":{"line":285,"column":29}},{"start":{"line":285,"column":29},"end":{"line":285,"column":null}}],"line":285},"26":{"loc":{"start":{"line":286,"column":28},"end":{"line":286,"column":null}},"type":"binary-expr","locations":[{"start":{"line":286,"column":28},"end":{"line":286,"column":53}},{"start":{"line":286,"column":53},"end":{"line":286,"column":null}}],"line":286},"27":{"loc":{"start":{"line":287,"column":22},"end":{"line":287,"column":null}},"type":"binary-expr","locations":[{"start":{"line":287,"column":22},"end":{"line":287,"column":41}},{"start":{"line":287,"column":41},"end":{"line":287,"column":null}}],"line":287},"28":{"loc":{"start":{"line":291,"column":4},"end":{"line":294,"column":null}},"type":"if","locations":[{"start":{"line":291,"column":4},"end":{"line":294,"column":null}},{"start":{},"end":{}}],"line":291},"29":{"loc":{"start":{"line":322,"column":6},"end":{"line":324,"column":null}},"type":"if","locations":[{"start":{"line":322,"column":6},"end":{"line":324,"column":null}},{"start":{},"end":{}}],"line":322},"30":{"loc":{"start":{"line":323,"column":47},"end":{"line":323,"column":122}},"type":"cond-expr","locations":[{"start":{"line":323,"column":81},"end":{"line":323,"column":95}},{"start":{"line":323,"column":95},"end":{"line":323,"column":122}}],"line":323},"31":{"loc":{"start":{"line":327,"column":6},"end":{"line":327,"column":null}},"type":"if","locations":[{"start":{"line":327,"column":6},"end":{"line":327,"column":null}},{"start":{},"end":{}}],"line":327},"32":{"loc":{"start":{"line":328,"column":6},"end":{"line":328,"column":null}},"type":"if","locations":[{"start":{"line":328,"column":6},"end":{"line":328,"column":null}},{"start":{},"end":{}}],"line":328}},"s":{"0":48,"1":48,"2":48,"3":48,"4":48,"5":48,"6":48,"7":48,"8":48,"9":48,"10":48,"11":48,"12":48,"13":48,"14":48,"15":48,"16":48,"17":4,"18":44,"19":44,"20":5,"21":7,"22":7,"23":2,"24":2,"25":2,"26":12,"27":12,"28":12,"29":17,"30":12,"31":6,"32":6,"33":6,"34":4,"35":12,"36":2,"37":12,"38":44,"39":44,"40":44,"41":44,"42":4,"43":44,"44":41,"45":1,"46":41,"47":3,"48":3,"49":3,"50":4,"51":3,"52":3,"53":7,"54":12,"55":7,"56":7,"57":7,"58":2,"59":7,"60":2,"61":2,"62":5,"63":5,"64":5,"65":4,"66":5,"67":5,"68":48,"69":48,"70":2,"71":2,"72":1,"73":16,"74":48,"75":48,"76":2,"77":2,"78":1,"79":12,"80":6,"81":6,"82":6,"83":2,"84":2,"85":2,"86":4,"87":4,"88":4,"89":4,"90":3,"91":4,"92":3,"93":3,"94":2,"95":2,"96":2,"97":1,"98":1,"99":1,"100":13,"101":13,"102":13,"103":13,"104":54,"105":13,"106":13,"107":2,"108":2,"109":3,"110":3,"111":3,"112":1,"113":2,"114":3,"115":3,"116":3,"117":3,"118":9,"119":1,"120":1,"121":8,"122":8,"123":8,"124":8,"125":8,"126":8,"127":8,"128":8,"129":8,"130":8,"131":7,"132":7,"133":7,"134":7,"135":5,"136":7,"137":7,"138":2,"139":7,"140":7,"141":7,"142":7,"143":7,"144":7,"145":1,"146":1,"147":1,"148":1,"149":5},"f":{"0":48,"1":4,"2":44,"3":5,"4":7,"5":2,"6":2,"7":2,"8":12,"9":12,"10":17,"11":44,"12":4,"13":7,"14":12,"15":5,"16":48,"17":16,"18":48,"19":12,"20":6,"21":2,"22":2,"23":4,"24":4,"25":3,"26":2,"27":2,"28":1,"29":13,"30":13,"31":54,"32":2,"33":3,"34":9,"35":8,"36":7,"37":1},"b":{"0":[6,6],"1":[6,3],"2":[6,3],"3":[4,2],"4":[4,1],"5":[2,10],"6":[12,11,10],"7":[4,40],"8":[41,3],"9":[1,40],"10":[41,40,40],"11":[12,8],"12":[2,5],"13":[2,5],"14":[4,1],"15":[2,46],"16":[2,46],"17":[4,4],"18":[3,1],"19":[1,1],"20":[13,13],"21":[54,54],"22":[1,2],"23":[3,1],"24":[3,2],"25":[3,2],"26":[3,2],"27":[3,2],"28":[1,8],"29":[5,2],"30":[3,2],"31":[2,5],"32":[1,6]},"meta":{"lastBranch":33,"lastFunction":38,"lastStatement":150,"seen":{"s:41:19:41:Infinity":0,"s:42:16:42:Infinity":1,"s:43:22:43:Infinity":2,"s:44:30:44:Infinity":3,"s:45:17:45:Infinity":4,"s:46:15:46:Infinity":5,"s:47:29:47:Infinity":6,"s:48:23:48:Infinity":7,"s:51:18:51:Infinity":8,"s:52:21:52:Infinity":9,"s:53:15:53:Infinity":10,"s:54:52:54:Infinity":11,"s:57:27:57:Infinity":12,"s:58:30:58:Infinity":13,"f:60:2:60:16":0,"s:61:4:61:Infinity":14,"s:62:4:62:Infinity":15,"s:63:4:63:Infinity":16,"f:66:2:66:12":1,"s:67:4:67:Infinity":17,"f:70:2:70:9":2,"s:71:4:71:Infinity":18,"s:72:4:72:Infinity":19,"f:75:2:75:13":3,"s:76:4:76:Infinity":20,"f:79:2:79:17":4,"s:80:4:80:Infinity":21,"s:81:4:81:Infinity":22,"f:84:2:84:10":5,"s:85:4:85:Infinity":23,"f:88:2:88:22":6,"s:89:4:89:Infinity":24,"f:92:2:92:16":7,"s:93:4:93:Infinity":25,"f:96:2:96:10":8,"s:97:4:97:Infinity":26,"s:98:4:98:Infinity":27,"f:101:10:101:29":9,"s:103:21:103:Infinity":28,"f:103:41:103:46":10,"s:103:46:103:85":29,"b:105:4:110:Infinity:108:4:110:Infinity":0,"s:105:4:110:Infinity":30,"s:106:20:106:Infinity":31,"b:106:28:106:50:106:50:106:52":1,"b:106:56:106:78:106:78:106:80":2,"s:107:6:107:Infinity":32,"b:108:4:110:Infinity:undefined:undefined:undefined:undefined":3,"s:108:4:110:Infinity":33,"s:109:6:109:Infinity":34,"b:109:66:109:85:109:85:109:87":4,"b:113:4:115:Infinity:undefined:undefined:undefined:undefined":5,"s:113:4:115:Infinity":35,"b:113:8:113:36:113:36:113:77:113:77:113:119":6,"s:114:7:114:Infinity":36,"s:117:4:117:Infinity":37,"f:120:10:120:29":11,"s:121:4:147:Infinity":38,"s:122:25:122:Infinity":39,"s:123:27:123:Infinity":40,"b:124:8:126:Infinity:undefined:undefined:undefined:undefined":7,"s:124:8:126:Infinity":41,"s:125:12:125:Infinity":42,"b:128:8:133:Infinity:undefined:undefined:undefined:undefined":8,"s:128:8:133:Infinity":43,"b:129:11:131:Infinity:undefined:undefined:undefined:undefined":9,"s:129:11:131:Infinity":44,"b:129:15:129:47:129:47:129:74:129:74:129:102":10,"s:130:15:130:Infinity":45,"s:132:11:132:Infinity":46,"s:135:23:135:Infinity":47,"s:136:40:136:Infinity":48,"s:137:8:139:Infinity":49,"f:137:23:137:24":12,"s:138:12:138:Infinity":50,"s:142:8:142:Infinity":51,"s:144:8:144:Infinity":52,"f:150:10:150:32":13,"s:151:26:151:Infinity":53,"f:151:50:151:55":14,"s:151:55:151:71":54,"b:151:55:151:64:151:64:151:71":11,"s:154:25:154:Infinity":55,"s:155:20:155:Infinity":56,"b:156:6:158:Infinity:undefined:undefined:undefined:undefined":12,"s:156:6:158:Infinity":57,"s:157:10:157:Infinity":58,"b:160:6:163:Infinity:undefined:undefined:undefined:undefined":13,"s:160:6:163:Infinity":59,"s:161:10:161:Infinity":60,"s:162:10:162:Infinity":61,"s:165:27:165:Infinity":62,"s:166:6:168:Infinity":63,"f:166:26:166:31":15,"b:167:10:167:Infinity:undefined:undefined:undefined:undefined":14,"s:167:10:167:Infinity":64,"s:167:21:167:Infinity":65,"s:170:26:170:Infinity":66,"s:171:6:171:Infinity":67,"f:174:2:174:16":16,"s:175:25:175:Infinity":68,"b:176:4:182:Infinity:undefined:undefined:undefined:undefined":15,"s:176:4:182:Infinity":69,"s:177:6:181:Infinity":70,"s:178:8:178:Infinity":71,"s:180:8:180:Infinity":72,"f:185:2:185:16":17,"s:186:4:186:Infinity":73,"f:189:2:189:20":18,"s:190:29:190:Infinity":74,"b:191:4:197:Infinity:undefined:undefined:undefined:undefined":16,"s:191:4:197:Infinity":75,"s:192:6:196:Infinity":76,"s:193:8:193:Infinity":77,"s:195:8:195:Infinity":78,"f:200:2:200:20":19,"s:201:4:201:Infinity":79,"f:204:2:204:19":20,"s:205:38:209:Infinity":80,"s:210:4:210:Infinity":81,"s:211:4:211:Infinity":82,"f:214:2:214:19":21,"s:215:4:215:Infinity":83,"f:215:47:215:52":22,"s:215:52:215:63":84,"s:216:4:216:Infinity":85,"f:219:2:219:26":23,"s:220:27:220:Infinity":86,"f:220:47:220:52":24,"s:220:52:220:96":87,"b:220:52:220:75:220:75:220:96":17,"s:221:38:232:Infinity":88,"s:234:25:234:Infinity":89,"f:234:47:234:52":25,"s:234:52:234:73":90,"b:235:6:238:Infinity:undefined:undefined:undefined:undefined":18,"s:235:6:238:Infinity":91,"s:236:10:236:Infinity":92,"s:237:10:237:Infinity":93,"f:241:2:241:30":26,"s:242:25:242:Infinity":94,"f:242:47:242:52":27,"s:242:52:242:73":95,"b:243:6:246:Infinity:undefined:undefined:undefined:undefined":19,"s:243:6:246:Infinity":96,"s:244:10:244:Infinity":97,"f:244:59:244:64":28,"s:244:64:244:82":98,"s:245:10:245:Infinity":99,"f:249:2:249:17":29,"s:250:25:250:Infinity":100,"f:250:45:250:50":30,"s:250:50:250:94":101,"b:250:50:250:73:250:73:250:94":20,"s:252:40:262:Infinity":102,"s:264:21:264:Infinity":103,"f:264:41:264:49":31,"s:264:49:264:104":104,"b:264:51:264:82:264:82:264:104":21,"s:265:4:265:Infinity":105,"s:266:4:266:Infinity":106,"f:269:2:269:17":32,"s:270:4:270:Infinity":107,"s:271:4:271:Infinity":108,"f:274:2:274:18":33,"s:275:4:275:Infinity":109,"s:276:4:276:Infinity":110,"b:278:4:282:Infinity:280:11:282:Infinity":22,"s:278:4:282:Infinity":111,"b:278:8:278:24:278:24:278:49":23,"s:279:6:279:Infinity":112,"s:281:6:281:Infinity":113,"s:284:4:284:Infinity":114,"b:284:16:284:29:284:29:284:Infinity":24,"s:285:4:285:Infinity":115,"b:285:16:285:29:285:29:285:Infinity":25,"s:286:4:286:Infinity":116,"b:286:28:286:53:286:53:286:Infinity":26,"s:287:4:287:Infinity":117,"b:287:22:287:41:287:41:287:Infinity":27,"f:290:8:290:22":34,"b:291:4:294:Infinity:undefined:undefined:undefined:undefined":28,"s:291:4:294:Infinity":118,"s:292:6:292:Infinity":119,"s:293:6:293:Infinity":120,"s:296:4:296:Infinity":121,"s:297:4:297:Infinity":122,"s:298:4:298:Infinity":123,"s:299:4:299:Infinity":124,"s:301:4:301:Infinity":125,"s:303:22:303:Infinity":126,"s:305:4:349:Infinity":127,"s:306:27:306:Infinity":128,"f:306:47:306:52":35,"s:306:52:306:71":129,"s:308:21:315:Infinity":130,"s:317:22:317:Infinity":131,"s:318:23:318:Infinity":132,"s:321:22:321:Infinity":133,"b:322:6:324:Infinity:undefined:undefined:undefined:undefined":29,"s:322:6:324:Infinity":134,"s:323:10:323:Infinity":135,"b:323:81:323:95:323:95:323:122":30,"s:326:20:326:Infinity":136,"b:327:6:327:Infinity:undefined:undefined:undefined:undefined":31,"s:327:6:327:Infinity":137,"s:327:28:327:Infinity":138,"b:328:6:328:Infinity:undefined:undefined:undefined:undefined":32,"s:328:6:328:Infinity":139,"s:328:35:328:Infinity":140,"s:330:6:337:Infinity":141,"f:330:18:330:24":36,"s:331:8:331:Infinity":142,"s:332:8:332:Infinity":143,"s:333:8:336:Infinity":144,"s:339:6:339:Infinity":145,"s:340:6:348:Infinity":146,"f:340:18:340:24":37,"s:341:8:346:Infinity":147,"s:347:8:347:Infinity":148,"s:353:28:353:Infinity":149}}}
}
