{"/app/src/renderer/App.tsx": {"path":"/app/src/renderer/App.tsx","statementMap":{"0":{"start":{"line":7,"column":20},"end":{"line":7,"column":null}},"1":{"start":{"line":39,"column":21},"end":{"line":39,"column":null}},"2":{"start":{"line":45,"column":20},"end":{"line":45,"column":null}},"3":{"start":{"line":54,"column":2},"end":{"line":64,"column":null}}},"fnMap":{"0":{"name":"App","decl":{"start":{"line":53,"column":9},"end":{"line":53,"column":15}},"loc":{"start":{"line":53,"column":15},"end":{"line":66,"column":null}},"line":53}},"branchMap":{},"s":{"0":1,"1":1,"2":1,"3":3},"f":{"0":3},"b":{},"meta":{"lastBranch":0,"lastFunction":1,"lastStatement":4,"seen":{"s:7:20:7:Infinity":0,"s:39:21:39:Infinity":1,"s:45:20:45:Infinity":2,"f:53:9:53:15":0,"s:54:2:64:Infinity":3}}}
,"/app/src/renderer/components/EnvironmentModal.tsx": {"path":"/app/src/renderer/components/EnvironmentModal.tsx","statementMap":{"0":{"start":{"line":5,"column":21},"end":{"line":5,"column":null}},"1":{"start":{"line":18,"column":21},"end":{"line":18,"column":null}},"2":{"start":{"line":28,"column":20},"end":{"line":28,"column":null}},"3":{"start":{"line":38,"column":18},"end":{"line":38,"column":null}},"4":{"start":{"line":47,"column":20},"end":{"line":47,"column":null}},"5":{"start":{"line":55,"column":14},"end":{"line":55,"column":null}},"6":{"start":{"line":68,"column":20},"end":{"line":68,"column":null}},"7":{"start":{"line":74,"column":17},"end":{"line":74,"column":null}},"8":{"start":{"line":78,"column":19},"end":{"line":78,"column":null}},"9":{"start":{"line":90,"column":15},"end":{"line":98,"column":null}},"10":{"start":{"line":92,"column":31},"end":{"line":92,"column":69}},"11":{"start":{"line":93,"column":20},"end":{"line":93,"column":56}},"12":{"start":{"line":94,"column":31},"end":{"line":94,"column":69}},"13":{"start":{"line":98,"column":33},"end":{"line":98,"column":71}},"14":{"start":{"line":108,"column":49},"end":{"line":184,"column":null}},"15":{"start":{"line":109,"column":22},"end":{"line":109,"column":null}},"16":{"start":{"line":110,"column":32},"end":{"line":110,"column":null}},"17":{"start":{"line":112,"column":2},"end":{"line":115,"column":null}},"18":{"start":{"line":114,"column":4},"end":{"line":114,"column":null}},"19":{"start":{"line":114,"column":49},"end":{"line":114,"column":58}},"20":{"start":{"line":117,"column":31},"end":{"line":126,"column":null}},"21":{"start":{"line":118,"column":20},"end":{"line":118,"column":null}},"22":{"start":{"line":119,"column":5},"end":{"line":119,"column":null}},"23":{"start":{"line":121,"column":4},"end":{"line":123,"column":null}},"24":{"start":{"line":122,"column":6},"end":{"line":122,"column":null}},"25":{"start":{"line":125,"column":4},"end":{"line":125,"column":null}},"26":{"start":{"line":128,"column":25},"end":{"line":134,"column":null}},"27":{"start":{"line":129,"column":4},"end":{"line":133,"column":null}},"28":{"start":{"line":130,"column":8},"end":{"line":130,"column":null}},"29":{"start":{"line":130,"column":48},"end":{"line":130,"column":59}},"30":{"start":{"line":132,"column":8},"end":{"line":132,"column":null}},"31":{"start":{"line":136,"column":2},"end":{"line":182,"column":null}},"32":{"start":{"line":138,"column":34},"end":{"line":138,"column":null}},"33":{"start":{"line":146,"column":47},"end":{"line":146,"column":72}},"34":{"start":{"line":153,"column":20},"end":{"line":172,"column":null}},"35":{"start":{"line":157,"column":43},"end":{"line":157,"column":null}},"36":{"start":{"line":162,"column":43},"end":{"line":162,"column":null}},"37":{"start":{"line":167,"column":43},"end":{"line":167,"column":null}},"38":{"start":{"line":170,"column":55},"end":{"line":170,"column":74}},"39":{"start":{"line":179,"column":42},"end":{"line":179,"column":83}}},"fnMap":{"0":{"name":"(anonymous_0)","decl":{"start":{"line":92,"column":22},"end":{"line":92,"column":31}},"loc":{"start":{"line":92,"column":31},"end":{"line":92,"column":69}},"line":92},"1":{"name":"(anonymous_1)","decl":{"start":{"line":93,"column":11},"end":{"line":93,"column":20}},"loc":{"start":{"line":93,"column":20},"end":{"line":93,"column":56}},"line":93},"2":{"name":"(anonymous_2)","decl":{"start":{"line":94,"column":22},"end":{"line":94,"column":31}},"loc":{"start":{"line":94,"column":31},"end":{"line":94,"column":69}},"line":94},"3":{"name":"(anonymous_3)","decl":{"start":{"line":98,"column":24},"end":{"line":98,"column":33}},"loc":{"start":{"line":98,"column":33},"end":{"line":98,"column":71}},"line":98},"4":{"name":"(anonymous_4)","decl":{"start":{"line":108,"column":49},"end":{"line":108,"column":50}},"loc":{"start":{"line":108,"column":87},"end":{"line":184,"column":null}},"line":108},"5":{"name":"(anonymous_5)","decl":{"start":{"line":112,"column":12},"end":{"line":112,"column":18}},"loc":{"start":{"line":112,"column":18},"end":{"line":115,"column":5}},"line":112},"6":{"name":"(anonymous_6)","decl":{"start":{"line":114,"column":43},"end":{"line":114,"column":49}},"loc":{"start":{"line":114,"column":49},"end":{"line":114,"column":58}},"line":114},"7":{"name":"(anonymous_7)","decl":{"start":{"line":117,"column":31},"end":{"line":117,"column":32}},"loc":{"start":{"line":117,"column":85},"end":{"line":126,"column":null}},"line":117},"8":{"name":"(anonymous_8)","decl":{"start":{"line":128,"column":25},"end":{"line":128,"column":26}},"loc":{"start":{"line":128,"column":44},"end":{"line":134,"column":null}},"line":128},"9":{"name":"(anonymous_9)","decl":{"start":{"line":130,"column":38},"end":{"line":130,"column":39}},"loc":{"start":{"line":130,"column":48},"end":{"line":130,"column":59}},"line":130},"10":{"name":"(anonymous_10)","decl":{"start":{"line":138,"column":29},"end":{"line":138,"column":34}},"loc":{"start":{"line":138,"column":34},"end":{"line":138,"column":null}},"line":138},"11":{"name":"(anonymous_11)","decl":{"start":{"line":146,"column":42},"end":{"line":146,"column":47}},"loc":{"start":{"line":146,"column":47},"end":{"line":146,"column":72}},"line":146},"12":{"name":"(anonymous_12)","decl":{"start":{"line":152,"column":31},"end":{"line":152,"column":32}},"loc":{"start":{"line":153,"column":20},"end":{"line":172,"column":null}},"line":153},"13":{"name":"(anonymous_13)","decl":{"start":{"line":157,"column":38},"end":{"line":157,"column":43}},"loc":{"start":{"line":157,"column":43},"end":{"line":157,"column":null}},"line":157},"14":{"name":"(anonymous_14)","decl":{"start":{"line":162,"column":38},"end":{"line":162,"column":43}},"loc":{"start":{"line":162,"column":43},"end":{"line":162,"column":null}},"line":162},"15":{"name":"(anonymous_15)","decl":{"start":{"line":167,"column":38},"end":{"line":167,"column":43}},"loc":{"start":{"line":167,"column":43},"end":{"line":167,"column":null}},"line":167},"16":{"name":"(anonymous_16)","decl":{"start":{"line":170,"column":49},"end":{"line":170,"column":55}},"loc":{"start":{"line":170,"column":55},"end":{"line":170,"column":74}},"line":170},"17":{"name":"(anonymous_17)","decl":{"start":{"line":179,"column":36},"end":{"line":179,"column":42}},"loc":{"start":{"line":179,"column":42},"end":{"line":179,"column":83}},"line":179}},"branchMap":{"0":{"loc":{"start":{"line":92,"column":31},"end":{"line":92,"column":69}},"type":"cond-expr","locations":[{"start":{"line":92,"column":48},"end":{"line":92,"column":60}},{"start":{"line":92,"column":60},"end":{"line":92,"column":69}}],"line":92},"1":{"loc":{"start":{"line":93,"column":20},"end":{"line":93,"column":56}},"type":"cond-expr","locations":[{"start":{"line":93,"column":37},"end":{"line":93,"column":47}},{"start":{"line":93,"column":47},"end":{"line":93,"column":56}}],"line":93},"2":{"loc":{"start":{"line":94,"column":31},"end":{"line":94,"column":69}},"type":"cond-expr","locations":[{"start":{"line":94,"column":48},"end":{"line":94,"column":60}},{"start":{"line":94,"column":60},"end":{"line":94,"column":69}}],"line":94},"3":{"loc":{"start":{"line":98,"column":33},"end":{"line":98,"column":71}},"type":"cond-expr","locations":[{"start":{"line":98,"column":50},"end":{"line":98,"column":62}},{"start":{"line":98,"column":62},"end":{"line":98,"column":71}}],"line":98},"4":{"loc":{"start":{"line":121,"column":4},"end":{"line":123,"column":null}},"type":"if","locations":[{"start":{"line":121,"column":4},"end":{"line":123,"column":null}},{"start":{},"end":{}}],"line":121},"5":{"loc":{"start":{"line":121,"column":8},"end":{"line":121,"column":86}},"type":"binary-expr","locations":[{"start":{"line":121,"column":8},"end":{"line":121,"column":41}},{"start":{"line":121,"column":41},"end":{"line":121,"column":63}},{"start":{"line":121,"column":63},"end":{"line":121,"column":86}}],"line":121},"6":{"loc":{"start":{"line":129,"column":4},"end":{"line":133,"column":null}},"type":"if","locations":[{"start":{"line":129,"column":4},"end":{"line":133,"column":null}},{"start":{"line":131,"column":11},"end":{"line":133,"column":null}}],"line":129},"7":{"loc":{"start":{"line":169,"column":25},"end":{"line":170,"column":null}},"type":"binary-expr","locations":[{"start":{"line":169,"column":25},"end":{"line":169,"column":49}},{"start":{"line":169,"column":49},"end":{"line":169,"column":null}},{"start":{"line":170,"column":28},"end":{"line":170,"column":null}}],"line":169}},"s":{"0":3,"1":3,"2":3,"3":3,"4":3,"5":3,"6":3,"7":3,"8":3,"9":3,"10":78,"11":78,"12":78,"13":78,"14":3,"15":39,"16":39,"17":39,"18":15,"19":24,"20":39,"21":4,"22":4,"23":4,"24":1,"25":4,"26":39,"27":2,"28":2,"29":4,"30":0,"31":39,"32":9,"33":3,"34":39,"35":1,"36":2,"37":1,"38":2,"39":2},"f":{"0":78,"1":78,"2":78,"3":78,"4":39,"5":15,"6":24,"7":4,"8":2,"9":4,"10":9,"11":3,"12":39,"13":1,"14":2,"15":1,"16":2,"17":2},"b":{"0":[39,39],"1":[39,39],"2":[39,39],"3":[39,39],"4":[1,3],"5":[4,1,0],"6":[2,0],"7":[39,37,19]},"meta":{"lastBranch":8,"lastFunction":18,"lastStatement":40,"seen":{"s:5:21:5:Infinity":0,"s:18:21:18:Infinity":1,"s:28:20:28:Infinity":2,"s:38:18:38:Infinity":3,"s:47:20:47:Infinity":4,"s:55:14:55:Infinity":5,"s:68:20:68:Infinity":6,"s:74:17:74:Infinity":7,"s:78:19:78:Infinity":8,"s:90:15:98:Infinity":9,"f:92:22:92:31":0,"s:92:31:92:69":10,"b:92:48:92:60:92:60:92:69":0,"f:93:11:93:20":1,"s:93:20:93:56":11,"b:93:37:93:47:93:47:93:56":1,"f:94:22:94:31":2,"s:94:31:94:69":12,"b:94:48:94:60:94:60:94:69":2,"f:98:24:98:33":3,"s:98:33:98:71":13,"b:98:50:98:62:98:62:98:71":3,"s:108:49:184:Infinity":14,"f:108:49:108:50":4,"s:109:22:109:Infinity":15,"s:110:32:110:Infinity":16,"s:112:2:115:Infinity":17,"f:112:12:112:18":5,"s:114:4:114:Infinity":18,"f:114:43:114:49":6,"s:114:49:114:58":19,"s:117:31:126:Infinity":20,"f:117:31:117:32":7,"s:118:20:118:Infinity":21,"s:119:5:119:Infinity":22,"b:121:4:123:Infinity:undefined:undefined:undefined:undefined":4,"s:121:4:123:Infinity":23,"b:121:8:121:41:121:41:121:63:121:63:121:86":5,"s:122:6:122:Infinity":24,"s:125:4:125:Infinity":25,"s:128:25:134:Infinity":26,"f:128:25:128:26":8,"b:129:4:133:Infinity:131:11:133:Infinity":6,"s:129:4:133:Infinity":27,"s:130:8:130:Infinity":28,"f:130:38:130:39":9,"s:130:48:130:59":29,"s:132:8:132:Infinity":30,"s:136:2:182:Infinity":31,"f:138:29:138:34":10,"s:138:34:138:Infinity":32,"f:146:42:146:47":11,"s:146:47:146:72":33,"f:152:31:152:32":12,"s:153:20:172:Infinity":34,"f:157:38:157:43":13,"s:157:43:157:Infinity":35,"f:162:38:162:43":14,"s:162:43:162:Infinity":36,"f:167:38:167:43":15,"s:167:43:167:Infinity":37,"b:169:25:169:49:169:49:169:Infinity:170:28:170:Infinity":7,"f:170:49:170:55":16,"s:170:55:170:74":38,"f:179:36:179:42":17,"s:179:42:179:83":39}}}
,"/app/src/renderer/components/RequestEditor.tsx": {"path":"/app/src/renderer/components/RequestEditor.tsx","statementMap":{"0":{"start":{"line":6,"column":24},"end":{"line":6,"column":null}},"1":{"start":{"line":14,"column":19},"end":{"line":14,"column":null}},"2":{"start":{"line":19,"column":21},"end":{"line":19,"column":null}},"3":{"start":{"line":31,"column":17},"end":{"line":31,"column":null}},"4":{"start":{"line":44,"column":16},"end":{"line":44,"column":null}},"5":{"start":{"line":64,"column":13},"end":{"line":64,"column":null}},"6":{"start":{"line":71,"column":12},"end":{"line":93,"column":null}},"7":{"start":{"line":74,"column":20},"end":{"line":74,"column":57}},"8":{"start":{"line":77,"column":26},"end":{"line":77,"column":58}},"9":{"start":{"line":83,"column":13},"end":{"line":83,"column":null}},"10":{"start":{"line":96,"column":19},"end":{"line":96,"column":null}},"11":{"start":{"line":104,"column":20},"end":{"line":104,"column":null}},"12":{"start":{"line":111,"column":18},"end":{"line":116,"column":null}},"13":{"start":{"line":114,"column":33},"end":{"line":114,"column":73}},"14":{"start":{"line":115,"column":28},"end":{"line":115,"column":60}},"15":{"start":{"line":116,"column":26},"end":{"line":116,"column":59}},"16":{"start":{"line":123,"column":17},"end":{"line":123,"column":null}},"17":{"start":{"line":129,"column":18},"end":{"line":129,"column":null}},"18":{"start":{"line":133,"column":20},"end":{"line":133,"column":null}},"19":{"start":{"line":147,"column":18},"end":{"line":147,"column":null}},"20":{"start":{"line":162,"column":19},"end":{"line":162,"column":null}},"21":{"start":{"line":169,"column":20},"end":{"line":169,"column":null}},"22":{"start":{"line":174,"column":19},"end":{"line":174,"column":null}},"23":{"start":{"line":189,"column":21},"end":{"line":189,"column":null}},"24":{"start":{"line":193,"column":16},"end":{"line":193,"column":null}},"25":{"start":{"line":207,"column":13},"end":{"line":654,"column":null}},"26":{"start":{"line":222,"column":6},"end":{"line":222,"column":null}},"27":{"start":{"line":224,"column":32},"end":{"line":224,"column":null}},"28":{"start":{"line":226,"column":21},"end":{"line":255,"column":null}},"29":{"start":{"line":227,"column":4},"end":{"line":230,"column":null}},"30":{"start":{"line":228,"column":6},"end":{"line":228,"column":null}},"31":{"start":{"line":229,"column":6},"end":{"line":229,"column":null}},"32":{"start":{"line":232,"column":17},"end":{"line":232,"column":null}},"33":{"start":{"line":233,"column":4},"end":{"line":233,"column":null}},"34":{"start":{"line":233,"column":15},"end":{"line":233,"column":null}},"35":{"start":{"line":241,"column":23},"end":{"line":241,"column":null}},"36":{"start":{"line":242,"column":4},"end":{"line":251,"column":null}},"37":{"start":{"line":243,"column":32},"end":{"line":243,"column":null}},"38":{"start":{"line":243,"column":58},"end":{"line":243,"column":75}},"39":{"start":{"line":244,"column":25},"end":{"line":244,"column":null}},"40":{"start":{"line":245,"column":22},"end":{"line":245,"column":null}},"41":{"start":{"line":246,"column":8},"end":{"line":250,"column":null}},"42":{"start":{"line":247,"column":12},"end":{"line":247,"column":null}},"43":{"start":{"line":249,"column":13},"end":{"line":249,"column":null}},"44":{"start":{"line":253,"column":4},"end":{"line":253,"column":null}},"45":{"start":{"line":254,"column":4},"end":{"line":254,"column":null}},"46":{"start":{"line":257,"column":18},"end":{"line":257,"column":null}},"47":{"start":{"line":259,"column":29},"end":{"line":268,"column":null}},"48":{"start":{"line":260,"column":23},"end":{"line":260,"column":null}},"49":{"start":{"line":260,"column":41},"end":{"line":260,"column":50}},"50":{"start":{"line":261,"column":4},"end":{"line":261,"column":null}},"51":{"start":{"line":263,"column":4},"end":{"line":265,"column":null}},"52":{"start":{"line":264,"column":6},"end":{"line":264,"column":null}},"53":{"start":{"line":267,"column":4},"end":{"line":267,"column":null}},"54":{"start":{"line":270,"column":23},"end":{"line":277,"column":null}},"55":{"start":{"line":271,"column":4},"end":{"line":276,"column":null}},"56":{"start":{"line":272,"column":27},"end":{"line":272,"column":null}},"57":{"start":{"line":272,"column":52},"end":{"line":272,"column":63}},"58":{"start":{"line":273,"column":8},"end":{"line":273,"column":null}},"59":{"start":{"line":275,"column":8},"end":{"line":275,"column":null}},"60":{"start":{"line":279,"column":28},"end":{"line":288,"column":null}},"61":{"start":{"line":280,"column":22},"end":{"line":280,"column":null}},"62":{"start":{"line":280,"column":44},"end":{"line":280,"column":53}},"63":{"start":{"line":281,"column":4},"end":{"line":281,"column":null}},"64":{"start":{"line":283,"column":4},"end":{"line":285,"column":null}},"65":{"start":{"line":284,"column":6},"end":{"line":284,"column":null}},"66":{"start":{"line":287,"column":4},"end":{"line":287,"column":null}},"67":{"start":{"line":290,"column":22},"end":{"line":297,"column":null}},"68":{"start":{"line":291,"column":4},"end":{"line":296,"column":null}},"69":{"start":{"line":292,"column":26},"end":{"line":292,"column":null}},"70":{"start":{"line":292,"column":55},"end":{"line":292,"column":66}},"71":{"start":{"line":293,"column":8},"end":{"line":293,"column":null}},"72":{"start":{"line":295,"column":8},"end":{"line":295,"column":null}},"73":{"start":{"line":299,"column":31},"end":{"line":308,"column":null}},"74":{"start":{"line":300,"column":20},"end":{"line":300,"column":null}},"75":{"start":{"line":300,"column":43},"end":{"line":300,"column":52}},"76":{"start":{"line":301,"column":5},"end":{"line":301,"column":null}},"77":{"start":{"line":303,"column":4},"end":{"line":305,"column":null}},"78":{"start":{"line":304,"column":6},"end":{"line":304,"column":null}},"79":{"start":{"line":307,"column":4},"end":{"line":307,"column":null}},"80":{"start":{"line":310,"column":25},"end":{"line":316,"column":null}},"81":{"start":{"line":311,"column":4},"end":{"line":315,"column":null}},"82":{"start":{"line":312,"column":8},"end":{"line":312,"column":null}},"83":{"start":{"line":312,"column":54},"end":{"line":312,"column":65}},"84":{"start":{"line":314,"column":8},"end":{"line":314,"column":null}},"85":{"start":{"line":318,"column":33},"end":{"line":327,"column":null}},"86":{"start":{"line":319,"column":20},"end":{"line":319,"column":null}},"87":{"start":{"line":319,"column":45},"end":{"line":319,"column":54}},"88":{"start":{"line":320,"column":5},"end":{"line":320,"column":null}},"89":{"start":{"line":322,"column":4},"end":{"line":324,"column":null}},"90":{"start":{"line":323,"column":6},"end":{"line":323,"column":null}},"91":{"start":{"line":326,"column":4},"end":{"line":326,"column":null}},"92":{"start":{"line":329,"column":27},"end":{"line":335,"column":null}},"93":{"start":{"line":330,"column":4},"end":{"line":334,"column":null}},"94":{"start":{"line":331,"column":8},"end":{"line":331,"column":null}},"95":{"start":{"line":331,"column":58},"end":{"line":331,"column":69}},"96":{"start":{"line":333,"column":8},"end":{"line":333,"column":null}},"97":{"start":{"line":337,"column":2},"end":{"line":652,"column":null}},"98":{"start":{"line":340,"column":54},"end":{"line":340,"column":null}},"99":{"start":{"line":341,"column":28},"end":{"line":341,"column":66}},"100":{"start":{"line":347,"column":27},"end":{"line":347,"column":null}},"101":{"start":{"line":349,"column":13},"end":{"line":349,"column":null}},"102":{"start":{"line":349,"column":36},"end":{"line":349,"column":null}},"103":{"start":{"line":352,"column":32},"end":{"line":352,"column":47}},"104":{"start":{"line":359,"column":61},"end":{"line":359,"column":85}},"105":{"start":{"line":359,"column":118},"end":{"line":359,"column":123}},"106":{"start":{"line":360,"column":59},"end":{"line":360,"column":81}},"107":{"start":{"line":361,"column":62},"end":{"line":361,"column":87}},"108":{"start":{"line":361,"column":117},"end":{"line":361,"column":122}},"109":{"start":{"line":362,"column":59},"end":{"line":362,"column":81}},"110":{"start":{"line":363,"column":65},"end":{"line":363,"column":93}},"111":{"start":{"line":364,"column":60},"end":{"line":364,"column":83}},"112":{"start":{"line":377,"column":20},"end":{"line":393,"column":null}},"113":{"start":{"line":381,"column":41},"end":{"line":381,"column":null}},"114":{"start":{"line":386,"column":41},"end":{"line":386,"column":null}},"115":{"start":{"line":390,"column":54},"end":{"line":390,"column":74}},"116":{"start":{"line":406,"column":35},"end":{"line":406,"column":null}},"117":{"start":{"line":423,"column":39},"end":{"line":423,"column":null}},"118":{"start":{"line":433,"column":39},"end":{"line":433,"column":null}},"119":{"start":{"line":447,"column":38},"end":{"line":447,"column":null}},"120":{"start":{"line":461,"column":40},"end":{"line":461,"column":null}},"121":{"start":{"line":471,"column":40},"end":{"line":471,"column":null}},"122":{"start":{"line":480,"column":40},"end":{"line":480,"column":null}},"123":{"start":{"line":504,"column":14},"end":{"line":520,"column":null}},"124":{"start":{"line":508,"column":35},"end":{"line":508,"column":null}},"125":{"start":{"line":513,"column":35},"end":{"line":513,"column":null}},"126":{"start":{"line":517,"column":47},"end":{"line":517,"column":68}},"127":{"start":{"line":533,"column":40},"end":{"line":533,"column":null}},"128":{"start":{"line":541,"column":40},"end":{"line":541,"column":null}},"129":{"start":{"line":549,"column":40},"end":{"line":549,"column":null}},"130":{"start":{"line":557,"column":40},"end":{"line":557,"column":null}},"131":{"start":{"line":565,"column":37},"end":{"line":565,"column":null}},"132":{"start":{"line":578,"column":20},"end":{"line":594,"column":null}},"133":{"start":{"line":582,"column":45},"end":{"line":582,"column":null}},"134":{"start":{"line":587,"column":45},"end":{"line":587,"column":null}},"135":{"start":{"line":591,"column":54},"end":{"line":591,"column":77}},"136":{"start":{"line":607,"column":20},"end":{"line":623,"column":null}},"137":{"start":{"line":611,"column":45},"end":{"line":611,"column":null}},"138":{"start":{"line":616,"column":45},"end":{"line":616,"column":null}},"139":{"start":{"line":620,"column":54},"end":{"line":620,"column":79}},"140":{"start":{"line":635,"column":33},"end":{"line":635,"column":null}},"141":{"start":{"line":646,"column":33},"end":{"line":646,"column":null}}},"fnMap":{"0":{"name":"(anonymous_0)","decl":{"start":{"line":74,"column":11},"end":{"line":74,"column":20}},"loc":{"start":{"line":74,"column":20},"end":{"line":74,"column":57}},"line":74},"1":{"name":"(anonymous_1)","decl":{"start":{"line":77,"column":17},"end":{"line":77,"column":26}},"loc":{"start":{"line":77,"column":26},"end":{"line":77,"column":58}},"line":77},"2":{"name":"(anonymous_2)","decl":{"start":{"line":83,"column":4},"end":{"line":83,"column":13}},"loc":{"start":{"line":83,"column":13},"end":{"line":83,"column":null}},"line":83},"3":{"name":"(anonymous_3)","decl":{"start":{"line":114,"column":24},"end":{"line":114,"column":33}},"loc":{"start":{"line":114,"column":33},"end":{"line":114,"column":73}},"line":114},"4":{"name":"(anonymous_4)","decl":{"start":{"line":115,"column":19},"end":{"line":115,"column":28}},"loc":{"start":{"line":115,"column":28},"end":{"line":115,"column":60}},"line":115},"5":{"name":"(anonymous_5)","decl":{"start":{"line":116,"column":17},"end":{"line":116,"column":26}},"loc":{"start":{"line":116,"column":26},"end":{"line":116,"column":59}},"line":116},"6":{"name":"(anonymous_6)","decl":{"start":{"line":207,"column":38},"end":{"line":207,"column":44}},"loc":{"start":{"line":207,"column":44},"end":{"line":654,"column":1}},"line":207},"7":{"name":"(anonymous_7)","decl":{"start":{"line":226,"column":21},"end":{"line":226,"column":27}},"loc":{"start":{"line":226,"column":27},"end":{"line":255,"column":null}},"line":226},"8":{"name":"(anonymous_8)","decl":{"start":{"line":243,"column":48},"end":{"line":243,"column":49}},"loc":{"start":{"line":243,"column":58},"end":{"line":243,"column":75}},"line":243},"9":{"name":"(anonymous_9)","decl":{"start":{"line":259,"column":29},"end":{"line":259,"column":30}},"loc":{"start":{"line":259,"column":87},"end":{"line":268,"column":null}},"line":259},"10":{"name":"(anonymous_10)","decl":{"start":{"line":260,"column":35},"end":{"line":260,"column":41}},"loc":{"start":{"line":260,"column":41},"end":{"line":260,"column":50}},"line":260},"11":{"name":"(anonymous_11)","decl":{"start":{"line":270,"column":23},"end":{"line":270,"column":24}},"loc":{"start":{"line":270,"column":42},"end":{"line":277,"column":null}},"line":270},"12":{"name":"(anonymous_12)","decl":{"start":{"line":272,"column":42},"end":{"line":272,"column":43}},"loc":{"start":{"line":272,"column":52},"end":{"line":272,"column":63}},"line":272},"13":{"name":"(anonymous_13)","decl":{"start":{"line":279,"column":28},"end":{"line":279,"column":29}},"loc":{"start":{"line":279,"column":86},"end":{"line":288,"column":null}},"line":279},"14":{"name":"(anonymous_14)","decl":{"start":{"line":280,"column":38},"end":{"line":280,"column":44}},"loc":{"start":{"line":280,"column":44},"end":{"line":280,"column":53}},"line":280},"15":{"name":"(anonymous_15)","decl":{"start":{"line":290,"column":22},"end":{"line":290,"column":23}},"loc":{"start":{"line":290,"column":41},"end":{"line":297,"column":null}},"line":290},"16":{"name":"(anonymous_16)","decl":{"start":{"line":292,"column":45},"end":{"line":292,"column":46}},"loc":{"start":{"line":292,"column":55},"end":{"line":292,"column":66}},"line":292},"17":{"name":"(anonymous_17)","decl":{"start":{"line":299,"column":31},"end":{"line":299,"column":32}},"loc":{"start":{"line":299,"column":98},"end":{"line":308,"column":null}},"line":299},"18":{"name":"(anonymous_18)","decl":{"start":{"line":300,"column":37},"end":{"line":300,"column":43}},"loc":{"start":{"line":300,"column":43},"end":{"line":300,"column":52}},"line":300},"19":{"name":"(anonymous_19)","decl":{"start":{"line":310,"column":25},"end":{"line":310,"column":26}},"loc":{"start":{"line":310,"column":44},"end":{"line":316,"column":null}},"line":310},"20":{"name":"(anonymous_20)","decl":{"start":{"line":312,"column":44},"end":{"line":312,"column":45}},"loc":{"start":{"line":312,"column":54},"end":{"line":312,"column":65}},"line":312},"21":{"name":"(anonymous_21)","decl":{"start":{"line":318,"column":33},"end":{"line":318,"column":34}},"loc":{"start":{"line":318,"column":91},"end":{"line":327,"column":null}},"line":318},"22":{"name":"(anonymous_22)","decl":{"start":{"line":319,"column":39},"end":{"line":319,"column":45}},"loc":{"start":{"line":319,"column":45},"end":{"line":319,"column":54}},"line":319},"23":{"name":"(anonymous_23)","decl":{"start":{"line":329,"column":27},"end":{"line":329,"column":28}},"loc":{"start":{"line":329,"column":46},"end":{"line":335,"column":null}},"line":329},"24":{"name":"(anonymous_24)","decl":{"start":{"line":331,"column":48},"end":{"line":331,"column":49}},"loc":{"start":{"line":331,"column":58},"end":{"line":331,"column":69}},"line":331},"25":{"name":"(anonymous_25)","decl":{"start":{"line":340,"column":47},"end":{"line":340,"column":48}},"loc":{"start":{"line":340,"column":54},"end":{"line":340,"column":null}},"line":340},"26":{"name":"(anonymous_26)","decl":{"start":{"line":341,"column":23},"end":{"line":341,"column":28}},"loc":{"start":{"line":341,"column":28},"end":{"line":341,"column":66}},"line":341},"27":{"name":"(anonymous_27)","decl":{"start":{"line":347,"column":20},"end":{"line":347,"column":21}},"loc":{"start":{"line":347,"column":27},"end":{"line":347,"column":null}},"line":347},"28":{"name":"(anonymous_28)","decl":{"start":{"line":348,"column":21},"end":{"line":348,"column":22}},"loc":{"start":{"line":348,"column":28},"end":{"line":350,"column":null}},"line":348},"29":{"name":"(anonymous_29)","decl":{"start":{"line":352,"column":26},"end":{"line":352,"column":32}},"loc":{"start":{"line":352,"column":32},"end":{"line":352,"column":47}},"line":352},"30":{"name":"(anonymous_30)","decl":{"start":{"line":359,"column":55},"end":{"line":359,"column":61}},"loc":{"start":{"line":359,"column":61},"end":{"line":359,"column":85}},"line":359},"31":{"name":"(anonymous_31)","decl":{"start":{"line":359,"column":113},"end":{"line":359,"column":118}},"loc":{"start":{"line":359,"column":118},"end":{"line":359,"column":123}},"line":359},"32":{"name":"(anonymous_32)","decl":{"start":{"line":360,"column":53},"end":{"line":360,"column":59}},"loc":{"start":{"line":360,"column":59},"end":{"line":360,"column":81}},"line":360},"33":{"name":"(anonymous_33)","decl":{"start":{"line":361,"column":56},"end":{"line":361,"column":62}},"loc":{"start":{"line":361,"column":62},"end":{"line":361,"column":87}},"line":361},"34":{"name":"(anonymous_34)","decl":{"start":{"line":361,"column":112},"end":{"line":361,"column":117}},"loc":{"start":{"line":361,"column":117},"end":{"line":361,"column":122}},"line":361},"35":{"name":"(anonymous_35)","decl":{"start":{"line":362,"column":53},"end":{"line":362,"column":59}},"loc":{"start":{"line":362,"column":59},"end":{"line":362,"column":81}},"line":362},"36":{"name":"(anonymous_36)","decl":{"start":{"line":363,"column":59},"end":{"line":363,"column":65}},"loc":{"start":{"line":363,"column":65},"end":{"line":363,"column":93}},"line":363},"37":{"name":"(anonymous_37)","decl":{"start":{"line":364,"column":54},"end":{"line":364,"column":60}},"loc":{"start":{"line":364,"column":60},"end":{"line":364,"column":83}},"line":364},"38":{"name":"(anonymous_38)","decl":{"start":{"line":376,"column":37},"end":{"line":376,"column":38}},"loc":{"start":{"line":377,"column":20},"end":{"line":393,"column":null}},"line":377},"39":{"name":"(anonymous_39)","decl":{"start":{"line":381,"column":34},"end":{"line":381,"column":35}},"loc":{"start":{"line":381,"column":41},"end":{"line":381,"column":null}},"line":381},"40":{"name":"(anonymous_40)","decl":{"start":{"line":386,"column":34},"end":{"line":386,"column":35}},"loc":{"start":{"line":386,"column":41},"end":{"line":386,"column":null}},"line":386},"41":{"name":"(anonymous_41)","decl":{"start":{"line":390,"column":48},"end":{"line":390,"column":54}},"loc":{"start":{"line":390,"column":54},"end":{"line":390,"column":74}},"line":390},"42":{"name":"(anonymous_42)","decl":{"start":{"line":406,"column":28},"end":{"line":406,"column":29}},"loc":{"start":{"line":406,"column":35},"end":{"line":406,"column":null}},"line":406},"43":{"name":"(anonymous_43)","decl":{"start":{"line":423,"column":32},"end":{"line":423,"column":33}},"loc":{"start":{"line":423,"column":39},"end":{"line":423,"column":null}},"line":423},"44":{"name":"(anonymous_44)","decl":{"start":{"line":433,"column":32},"end":{"line":433,"column":33}},"loc":{"start":{"line":433,"column":39},"end":{"line":433,"column":null}},"line":433},"45":{"name":"(anonymous_45)","decl":{"start":{"line":447,"column":31},"end":{"line":447,"column":32}},"loc":{"start":{"line":447,"column":38},"end":{"line":447,"column":null}},"line":447},"46":{"name":"(anonymous_46)","decl":{"start":{"line":461,"column":33},"end":{"line":461,"column":34}},"loc":{"start":{"line":461,"column":40},"end":{"line":461,"column":null}},"line":461},"47":{"name":"(anonymous_47)","decl":{"start":{"line":471,"column":33},"end":{"line":471,"column":34}},"loc":{"start":{"line":471,"column":40},"end":{"line":471,"column":null}},"line":471},"48":{"name":"(anonymous_48)","decl":{"start":{"line":480,"column":33},"end":{"line":480,"column":34}},"loc":{"start":{"line":480,"column":40},"end":{"line":480,"column":null}},"line":480},"49":{"name":"(anonymous_49)","decl":{"start":{"line":503,"column":25},"end":{"line":503,"column":26}},"loc":{"start":{"line":504,"column":14},"end":{"line":520,"column":null}},"line":504},"50":{"name":"(anonymous_50)","decl":{"start":{"line":508,"column":28},"end":{"line":508,"column":29}},"loc":{"start":{"line":508,"column":35},"end":{"line":508,"column":null}},"line":508},"51":{"name":"(anonymous_51)","decl":{"start":{"line":513,"column":28},"end":{"line":513,"column":29}},"loc":{"start":{"line":513,"column":35},"end":{"line":513,"column":null}},"line":513},"52":{"name":"(anonymous_52)","decl":{"start":{"line":517,"column":41},"end":{"line":517,"column":47}},"loc":{"start":{"line":517,"column":47},"end":{"line":517,"column":68}},"line":517},"53":{"name":"(anonymous_53)","decl":{"start":{"line":533,"column":34},"end":{"line":533,"column":40}},"loc":{"start":{"line":533,"column":40},"end":{"line":533,"column":null}},"line":533},"54":{"name":"(anonymous_54)","decl":{"start":{"line":541,"column":34},"end":{"line":541,"column":40}},"loc":{"start":{"line":541,"column":40},"end":{"line":541,"column":null}},"line":541},"55":{"name":"(anonymous_55)","decl":{"start":{"line":549,"column":34},"end":{"line":549,"column":40}},"loc":{"start":{"line":549,"column":40},"end":{"line":549,"column":null}},"line":549},"56":{"name":"(anonymous_56)","decl":{"start":{"line":557,"column":34},"end":{"line":557,"column":40}},"loc":{"start":{"line":557,"column":40},"end":{"line":557,"column":null}},"line":557},"57":{"name":"(anonymous_57)","decl":{"start":{"line":565,"column":30},"end":{"line":565,"column":31}},"loc":{"start":{"line":565,"column":37},"end":{"line":565,"column":null}},"line":565},"58":{"name":"(anonymous_58)","decl":{"start":{"line":577,"column":38},"end":{"line":577,"column":39}},"loc":{"start":{"line":578,"column":20},"end":{"line":594,"column":null}},"line":578},"59":{"name":"(anonymous_59)","decl":{"start":{"line":582,"column":38},"end":{"line":582,"column":39}},"loc":{"start":{"line":582,"column":45},"end":{"line":582,"column":null}},"line":582},"60":{"name":"(anonymous_60)","decl":{"start":{"line":587,"column":38},"end":{"line":587,"column":39}},"loc":{"start":{"line":587,"column":45},"end":{"line":587,"column":null}},"line":587},"61":{"name":"(anonymous_61)","decl":{"start":{"line":591,"column":48},"end":{"line":591,"column":54}},"loc":{"start":{"line":591,"column":54},"end":{"line":591,"column":77}},"line":591},"62":{"name":"(anonymous_62)","decl":{"start":{"line":606,"column":40},"end":{"line":606,"column":41}},"loc":{"start":{"line":607,"column":20},"end":{"line":623,"column":null}},"line":607},"63":{"name":"(anonymous_63)","decl":{"start":{"line":611,"column":38},"end":{"line":611,"column":39}},"loc":{"start":{"line":611,"column":45},"end":{"line":611,"column":null}},"line":611},"64":{"name":"(anonymous_64)","decl":{"start":{"line":616,"column":38},"end":{"line":616,"column":39}},"loc":{"start":{"line":616,"column":45},"end":{"line":616,"column":null}},"line":616},"65":{"name":"(anonymous_65)","decl":{"start":{"line":620,"column":48},"end":{"line":620,"column":54}},"loc":{"start":{"line":620,"column":54},"end":{"line":620,"column":79}},"line":620},"66":{"name":"(anonymous_66)","decl":{"start":{"line":635,"column":26},"end":{"line":635,"column":27}},"loc":{"start":{"line":635,"column":33},"end":{"line":635,"column":null}},"line":635},"67":{"name":"(anonymous_67)","decl":{"start":{"line":646,"column":26},"end":{"line":646,"column":27}},"loc":{"start":{"line":646,"column":33},"end":{"line":646,"column":null}},"line":646}},"branchMap":{"0":{"loc":{"start":{"line":74,"column":20},"end":{"line":74,"column":57}},"type":"cond-expr","locations":[{"start":{"line":74,"column":36},"end":{"line":74,"column":48}},{"start":{"line":74,"column":48},"end":{"line":74,"column":57}}],"line":74},"1":{"loc":{"start":{"line":77,"column":26},"end":{"line":77,"column":58}},"type":"cond-expr","locations":[{"start":{"line":77,"column":42},"end":{"line":77,"column":50}},{"start":{"line":77,"column":50},"end":{"line":77,"column":58}}],"line":77},"2":{"loc":{"start":{"line":83,"column":13},"end":{"line":83,"column":null}},"type":"binary-expr","locations":[{"start":{"line":83,"column":13},"end":{"line":83,"column":30}},{"start":{"line":83,"column":30},"end":{"line":83,"column":null}}],"line":83},"3":{"loc":{"start":{"line":114,"column":33},"end":{"line":114,"column":73}},"type":"cond-expr","locations":[{"start":{"line":114,"column":48},"end":{"line":114,"column":60}},{"start":{"line":114,"column":60},"end":{"line":114,"column":73}}],"line":114},"4":{"loc":{"start":{"line":115,"column":28},"end":{"line":115,"column":60}},"type":"cond-expr","locations":[{"start":{"line":115,"column":43},"end":{"line":115,"column":52}},{"start":{"line":115,"column":52},"end":{"line":115,"column":60}}],"line":115},"5":{"loc":{"start":{"line":116,"column":26},"end":{"line":116,"column":59}},"type":"cond-expr","locations":[{"start":{"line":116,"column":41},"end":{"line":116,"column":50}},{"start":{"line":116,"column":50},"end":{"line":116,"column":59}}],"line":116},"6":{"loc":{"start":{"line":227,"column":4},"end":{"line":230,"column":null}},"type":"if","locations":[{"start":{"line":227,"column":4},"end":{"line":230,"column":null}},{"start":{},"end":{}}],"line":227},"7":{"loc":{"start":{"line":233,"column":4},"end":{"line":233,"column":null}},"type":"if","locations":[{"start":{"line":233,"column":4},"end":{"line":233,"column":null}},{"start":{},"end":{}}],"line":233},"8":{"loc":{"start":{"line":242,"column":4},"end":{"line":251,"column":null}},"type":"if","locations":[{"start":{"line":242,"column":4},"end":{"line":251,"column":null}},{"start":{},"end":{}}],"line":242},"9":{"loc":{"start":{"line":245,"column":31},"end":{"line":245,"column":46}},"type":"binary-expr","locations":[{"start":{"line":245,"column":31},"end":{"line":245,"column":43}},{"start":{"line":245,"column":43},"end":{"line":245,"column":46}}],"line":245},"10":{"loc":{"start":{"line":246,"column":8},"end":{"line":250,"column":null}},"type":"if","locations":[{"start":{"line":246,"column":8},"end":{"line":250,"column":null}},{"start":{"line":248,"column":15},"end":{"line":250,"column":null}}],"line":246},"11":{"loc":{"start":{"line":246,"column":12},"end":{"line":246,"column":49}},"type":"binary-expr","locations":[{"start":{"line":246,"column":12},"end":{"line":246,"column":29}},{"start":{"line":246,"column":29},"end":{"line":246,"column":49}}],"line":246},"12":{"loc":{"start":{"line":263,"column":4},"end":{"line":265,"column":null}},"type":"if","locations":[{"start":{"line":263,"column":4},"end":{"line":265,"column":null}},{"start":{},"end":{}}],"line":263},"13":{"loc":{"start":{"line":263,"column":8},"end":{"line":263,"column":95}},"type":"binary-expr","locations":[{"start":{"line":263,"column":8},"end":{"line":263,"column":44}},{"start":{"line":263,"column":44},"end":{"line":263,"column":69}},{"start":{"line":263,"column":69},"end":{"line":263,"column":95}}],"line":263},"14":{"loc":{"start":{"line":271,"column":4},"end":{"line":276,"column":null}},"type":"if","locations":[{"start":{"line":271,"column":4},"end":{"line":276,"column":null}},{"start":{"line":274,"column":11},"end":{"line":276,"column":null}}],"line":271},"15":{"loc":{"start":{"line":283,"column":4},"end":{"line":285,"column":null}},"type":"if","locations":[{"start":{"line":283,"column":4},"end":{"line":285,"column":null}},{"start":{},"end":{}}],"line":283},"16":{"loc":{"start":{"line":283,"column":8},"end":{"line":283,"column":92}},"type":"binary-expr","locations":[{"start":{"line":283,"column":8},"end":{"line":283,"column":43}},{"start":{"line":283,"column":43},"end":{"line":283,"column":67}},{"start":{"line":283,"column":67},"end":{"line":283,"column":92}}],"line":283},"17":{"loc":{"start":{"line":291,"column":4},"end":{"line":296,"column":null}},"type":"if","locations":[{"start":{"line":291,"column":4},"end":{"line":296,"column":null}},{"start":{"line":294,"column":11},"end":{"line":296,"column":null}}],"line":291},"18":{"loc":{"start":{"line":303,"column":4},"end":{"line":305,"column":null}},"type":"if","locations":[{"start":{"line":303,"column":4},"end":{"line":305,"column":null}},{"start":{},"end":{}}],"line":303},"19":{"loc":{"start":{"line":303,"column":8},"end":{"line":303,"column":86}},"type":"binary-expr","locations":[{"start":{"line":303,"column":8},"end":{"line":303,"column":41}},{"start":{"line":303,"column":41},"end":{"line":303,"column":63}},{"start":{"line":303,"column":63},"end":{"line":303,"column":86}}],"line":303},"20":{"loc":{"start":{"line":311,"column":4},"end":{"line":315,"column":null}},"type":"if","locations":[{"start":{"line":311,"column":4},"end":{"line":315,"column":null}},{"start":{"line":313,"column":11},"end":{"line":315,"column":null}}],"line":311},"21":{"loc":{"start":{"line":322,"column":4},"end":{"line":324,"column":null}},"type":"if","locations":[{"start":{"line":322,"column":4},"end":{"line":324,"column":null}},{"start":{},"end":{}}],"line":322},"22":{"loc":{"start":{"line":322,"column":8},"end":{"line":322,"column":86}},"type":"binary-expr","locations":[{"start":{"line":322,"column":8},"end":{"line":322,"column":41}},{"start":{"line":322,"column":41},"end":{"line":322,"column":63}},{"start":{"line":322,"column":63},"end":{"line":322,"column":86}}],"line":322},"23":{"loc":{"start":{"line":330,"column":4},"end":{"line":334,"column":null}},"type":"if","locations":[{"start":{"line":330,"column":4},"end":{"line":334,"column":null}},{"start":{"line":332,"column":11},"end":{"line":334,"column":null}}],"line":330},"24":{"loc":{"start":{"line":349,"column":13},"end":{"line":349,"column":null}},"type":"if","locations":[{"start":{"line":349,"column":13},"end":{"line":349,"column":null}},{"start":{},"end":{}}],"line":349},"25":{"loc":{"start":{"line":353,"column":11},"end":{"line":353,"column":null}},"type":"cond-expr","locations":[{"start":{"line":353,"column":21},"end":{"line":353,"column":36}},{"start":{"line":353,"column":36},"end":{"line":353,"column":null}}],"line":353},"26":{"loc":{"start":{"line":368,"column":9},"end":{"line":396,"column":null}},"type":"binary-expr","locations":[{"start":{"line":368,"column":9},"end":{"line":368,"column":null}},{"start":{"line":369,"column":12},"end":{"line":396,"column":null}}],"line":368},"27":{"loc":{"start":{"line":389,"column":25},"end":{"line":390,"column":null}},"type":"binary-expr","locations":[{"start":{"line":389,"column":25},"end":{"line":389,"column":51}},{"start":{"line":389,"column":51},"end":{"line":389,"column":null}},{"start":{"line":390,"column":28},"end":{"line":390,"column":null}}],"line":389},"28":{"loc":{"start":{"line":399,"column":9},"end":{"line":493,"column":null}},"type":"binary-expr","locations":[{"start":{"line":399,"column":9},"end":{"line":399,"column":null}},{"start":{"line":400,"column":10},"end":{"line":493,"column":null}}],"line":399},"29":{"loc":{"start":{"line":416,"column":15},"end":{"line":438,"column":null}},"type":"binary-expr","locations":[{"start":{"line":416,"column":15},"end":{"line":416,"column":null}},{"start":{"line":417,"column":16},"end":{"line":438,"column":null}}],"line":416},"30":{"loc":{"start":{"line":422,"column":29},"end":{"line":422,"column":null}},"type":"binary-expr","locations":[{"start":{"line":422,"column":29},"end":{"line":422,"column":46}},{"start":{"line":422,"column":46},"end":{"line":422,"column":null}}],"line":422},"31":{"loc":{"start":{"line":432,"column":29},"end":{"line":432,"column":null}},"type":"binary-expr","locations":[{"start":{"line":432,"column":29},"end":{"line":432,"column":46}},{"start":{"line":432,"column":46},"end":{"line":432,"column":null}}],"line":432},"32":{"loc":{"start":{"line":441,"column":15},"end":{"line":451,"column":null}},"type":"binary-expr","locations":[{"start":{"line":441,"column":15},"end":{"line":441,"column":null}},{"start":{"line":442,"column":17},"end":{"line":451,"column":null}}],"line":441},"33":{"loc":{"start":{"line":446,"column":28},"end":{"line":446,"column":null}},"type":"binary-expr","locations":[{"start":{"line":446,"column":28},"end":{"line":446,"column":42}},{"start":{"line":446,"column":42},"end":{"line":446,"column":null}}],"line":446},"34":{"loc":{"start":{"line":454,"column":15},"end":{"line":487,"column":null}},"type":"binary-expr","locations":[{"start":{"line":454,"column":15},"end":{"line":454,"column":null}},{"start":{"line":455,"column":17},"end":{"line":487,"column":null}}],"line":454},"35":{"loc":{"start":{"line":460,"column":30},"end":{"line":460,"column":null}},"type":"binary-expr","locations":[{"start":{"line":460,"column":30},"end":{"line":460,"column":50}},{"start":{"line":460,"column":50},"end":{"line":460,"column":null}}],"line":460},"36":{"loc":{"start":{"line":461,"column":97},"end":{"line":461,"column":123}},"type":"binary-expr","locations":[{"start":{"line":461,"column":97},"end":{"line":461,"column":119}},{"start":{"line":461,"column":119},"end":{"line":461,"column":123}}],"line":461},"37":{"loc":{"start":{"line":461,"column":130},"end":{"line":461,"column":161}},"type":"binary-expr","locations":[{"start":{"line":461,"column":130},"end":{"line":461,"column":152}},{"start":{"line":461,"column":152},"end":{"line":461,"column":161}}],"line":461},"38":{"loc":{"start":{"line":470,"column":30},"end":{"line":470,"column":null}},"type":"binary-expr","locations":[{"start":{"line":470,"column":30},"end":{"line":470,"column":52}},{"start":{"line":470,"column":52},"end":{"line":470,"column":null}}],"line":470},"39":{"loc":{"start":{"line":471,"column":74},"end":{"line":471,"column":98}},"type":"binary-expr","locations":[{"start":{"line":471,"column":74},"end":{"line":471,"column":94}},{"start":{"line":471,"column":94},"end":{"line":471,"column":98}}],"line":471},"40":{"loc":{"start":{"line":471,"column":128},"end":{"line":471,"column":159}},"type":"binary-expr","locations":[{"start":{"line":471,"column":128},"end":{"line":471,"column":150}},{"start":{"line":471,"column":150},"end":{"line":471,"column":159}}],"line":471},"41":{"loc":{"start":{"line":479,"column":30},"end":{"line":479,"column":null}},"type":"binary-expr","locations":[{"start":{"line":479,"column":30},"end":{"line":479,"column":52}},{"start":{"line":479,"column":52},"end":{"line":479,"column":null}}],"line":479},"42":{"loc":{"start":{"line":480,"column":74},"end":{"line":480,"column":98}},"type":"binary-expr","locations":[{"start":{"line":480,"column":74},"end":{"line":480,"column":94}},{"start":{"line":480,"column":94},"end":{"line":480,"column":98}}],"line":480},"43":{"loc":{"start":{"line":480,"column":105},"end":{"line":480,"column":131}},"type":"binary-expr","locations":[{"start":{"line":480,"column":105},"end":{"line":480,"column":127}},{"start":{"line":480,"column":127},"end":{"line":480,"column":131}}],"line":480},"44":{"loc":{"start":{"line":496,"column":9},"end":{"line":522,"column":null}},"type":"binary-expr","locations":[{"start":{"line":496,"column":9},"end":{"line":496,"column":null}},{"start":{"line":497,"column":10},"end":{"line":522,"column":null}}],"line":496},"45":{"loc":{"start":{"line":516,"column":17},"end":{"line":517,"column":null}},"type":"binary-expr","locations":[{"start":{"line":516,"column":17},"end":{"line":516,"column":39}},{"start":{"line":516,"column":39},"end":{"line":516,"column":null}},{"start":{"line":517,"column":21},"end":{"line":517,"column":null}}],"line":516},"46":{"loc":{"start":{"line":525,"column":9},"end":{"line":627,"column":null}},"type":"binary-expr","locations":[{"start":{"line":525,"column":9},"end":{"line":525,"column":null}},{"start":{"line":526,"column":11},"end":{"line":627,"column":null}}],"line":525},"47":{"loc":{"start":{"line":560,"column":13},"end":{"line":567,"column":null}},"type":"binary-expr","locations":[{"start":{"line":562,"column":15},"end":{"line":562,"column":38}},{"start":{"line":562,"column":38},"end":{"line":562,"column":null}},{"start":{"line":563,"column":17},"end":{"line":567,"column":null}}],"line":560},"48":{"loc":{"start":{"line":566,"column":33},"end":{"line":566,"column":null}},"type":"cond-expr","locations":[{"start":{"line":566,"column":55},"end":{"line":566,"column":79}},{"start":{"line":566,"column":79},"end":{"line":566,"column":null}}],"line":566},"49":{"loc":{"start":{"line":570,"column":14},"end":{"line":596,"column":null}},"type":"binary-expr","locations":[{"start":{"line":570,"column":14},"end":{"line":570,"column":null}},{"start":{"line":571,"column":16},"end":{"line":596,"column":null}}],"line":570},"50":{"loc":{"start":{"line":590,"column":25},"end":{"line":591,"column":null}},"type":"binary-expr","locations":[{"start":{"line":590,"column":25},"end":{"line":590,"column":52}},{"start":{"line":590,"column":52},"end":{"line":590,"column":null}},{"start":{"line":591,"column":28},"end":{"line":591,"column":null}}],"line":590},"51":{"loc":{"start":{"line":599,"column":14},"end":{"line":625,"column":null}},"type":"binary-expr","locations":[{"start":{"line":599,"column":14},"end":{"line":599,"column":null}},{"start":{"line":600,"column":16},"end":{"line":625,"column":null}}],"line":599},"52":{"loc":{"start":{"line":619,"column":25},"end":{"line":620,"column":null}},"type":"binary-expr","locations":[{"start":{"line":619,"column":25},"end":{"line":619,"column":54}},{"start":{"line":619,"column":54},"end":{"line":619,"column":null}},{"start":{"line":620,"column":28},"end":{"line":620,"column":null}}],"line":619},"53":{"loc":{"start":{"line":630,"column":9},"end":{"line":638,"column":null}},"type":"binary-expr","locations":[{"start":{"line":630,"column":9},"end":{"line":630,"column":null}},{"start":{"line":631,"column":11},"end":{"line":638,"column":null}}],"line":630},"54":{"loc":{"start":{"line":641,"column":9},"end":{"line":649,"column":null}},"type":"binary-expr","locations":[{"start":{"line":641,"column":9},"end":{"line":641,"column":null}},{"start":{"line":642,"column":11},"end":{"line":649,"column":null}}],"line":641}},"s":{"0":2,"1":2,"2":2,"3":2,"4":2,"5":2,"6":2,"7":468,"8":468,"9":468,"10":2,"11":2,"12":2,"13":141,"14":141,"15":141,"16":2,"17":2,"18":2,"19":2,"20":2,"21":2,"22":2,"23":2,"24":2,"25":2,"26":78,"27":78,"28":78,"29":2,"30":0,"31":0,"32":2,"33":2,"34":0,"35":2,"36":2,"37":1,"38":2,"39":1,"40":1,"41":1,"42":1,"43":0,"44":2,"45":2,"46":78,"47":78,"48":1,"49":1,"50":1,"51":1,"52":1,"53":1,"54":78,"55":1,"56":1,"57":2,"58":1,"59":0,"60":78,"61":1,"62":1,"63":1,"64":1,"65":1,"66":1,"67":78,"68":1,"69":1,"70":2,"71":1,"72":0,"73":78,"74":2,"75":3,"76":2,"77":2,"78":1,"79":2,"80":78,"81":1,"82":1,"83":2,"84":0,"85":78,"86":1,"87":1,"88":1,"89":1,"90":1,"91":1,"92":78,"93":1,"94":1,"95":2,"96":0,"97":78,"98":1,"99":546,"100":24,"101":23,"102":0,"103":2,"104":0,"105":80,"106":3,"107":3,"108":86,"109":4,"110":0,"111":0,"112":54,"113":1,"114":0,"115":1,"116":2,"117":1,"118":1,"119":0,"120":1,"121":1,"122":1,"123":7,"124":1,"125":0,"126":1,"127":0,"128":0,"129":1,"130":1,"131":0,"132":8,"133":1,"134":1,"135":1,"136":6,"137":1,"138":0,"139":1,"140":0,"141":0},"f":{"0":468,"1":468,"2":468,"3":141,"4":141,"5":141,"6":78,"7":2,"8":2,"9":1,"10":1,"11":1,"12":2,"13":1,"14":1,"15":1,"16":2,"17":2,"18":3,"19":1,"20":2,"21":1,"22":1,"23":1,"24":2,"25":1,"26":546,"27":24,"28":23,"29":2,"30":0,"31":80,"32":3,"33":3,"34":86,"35":4,"36":0,"37":0,"38":54,"39":1,"40":0,"41":1,"42":2,"43":1,"44":1,"45":0,"46":1,"47":1,"48":1,"49":7,"50":1,"51":0,"52":1,"53":0,"54":0,"55":1,"56":1,"57":0,"58":8,"59":1,"60":1,"61":1,"62":6,"63":1,"64":0,"65":1,"66":0,"67":0},"b":{"0":[78,390],"1":[78,390],"2":[468,78],"3":[66,75],"4":[66,75],"5":[66,75],"6":[0,2],"7":[0,2],"8":[1,1],"9":[1,0],"10":[1,0],"11":[1,1],"12":[1,0],"13":[1,1,0],"14":[1,0],"15":[1,0],"16":[1,1,0],"17":[1,0],"18":[1,1],"19":[2,1,0],"20":[1,0],"21":[1,0],"22":[1,1,0],"23":[1,0],"24":[0,23],"25":[3,75],"26":[78,52],"27":[54,4,2],"28":[78,10],"29":[10,3],"30":[3,1],"31":[3,2],"32":[10,0],"33":[0,0],"34":[10,4],"35":[4,1],"36":[1,1],"37":[1,1],"38":[4,2],"39":[1,0],"40":[1,0],"41":[4,1],"42":[1,0],"43":[1,0],"44":[78,5],"45":[7,4,2],"46":[78,11],"47":[11,9,2],"48":[0,2],"49":[11,5],"50":[8,6,3],"51":[11,4],"52":[6,4,2],"53":[78,0],"54":[78,0]},"meta":{"lastBranch":55,"lastFunction":68,"lastStatement":142,"seen":{"s:6:24:6:Infinity":0,"s:14:19:14:Infinity":1,"s:19:21:19:Infinity":2,"s:31:17:31:Infinity":3,"s:44:16:44:Infinity":4,"s:64:13:64:Infinity":5,"s:71:12:93:Infinity":6,"f:74:11:74:20":0,"s:74:20:74:57":7,"b:74:36:74:48:74:48:74:57":0,"f:77:17:77:26":1,"s:77:26:77:58":8,"b:77:42:77:50:77:50:77:58":1,"f:83:4:83:13":2,"s:83:13:83:Infinity":9,"b:83:13:83:30:83:30:83:Infinity":2,"s:96:19:96:Infinity":10,"s:104:20:104:Infinity":11,"s:111:18:116:Infinity":12,"f:114:24:114:33":3,"s:114:33:114:73":13,"b:114:48:114:60:114:60:114:73":3,"f:115:19:115:28":4,"s:115:28:115:60":14,"b:115:43:115:52:115:52:115:60":4,"f:116:17:116:26":5,"s:116:26:116:59":15,"b:116:41:116:50:116:50:116:59":5,"s:123:17:123:Infinity":16,"s:129:18:129:Infinity":17,"s:133:20:133:Infinity":18,"s:147:18:147:Infinity":19,"s:162:19:162:Infinity":20,"s:169:20:169:Infinity":21,"s:174:19:174:Infinity":22,"s:189:21:189:Infinity":23,"s:193:16:193:Infinity":24,"s:207:13:654:Infinity":25,"f:207:38:207:44":6,"s:222:6:222:Infinity":26,"s:224:32:224:Infinity":27,"s:226:21:255:Infinity":28,"f:226:21:226:27":7,"b:227:4:230:Infinity:undefined:undefined:undefined:undefined":6,"s:227:4:230:Infinity":29,"s:228:6:228:Infinity":30,"s:229:6:229:Infinity":31,"s:232:17:232:Infinity":32,"b:233:4:233:Infinity:undefined:undefined:undefined:undefined":7,"s:233:4:233:Infinity":33,"s:233:15:233:Infinity":34,"s:241:23:241:Infinity":35,"b:242:4:251:Infinity:undefined:undefined:undefined:undefined":8,"s:242:4:251:Infinity":36,"s:243:32:243:Infinity":37,"f:243:48:243:49":8,"s:243:58:243:75":38,"s:244:25:244:Infinity":39,"s:245:22:245:Infinity":40,"b:245:31:245:43:245:43:245:46":9,"b:246:8:250:Infinity:248:15:250:Infinity":10,"s:246:8:250:Infinity":41,"b:246:12:246:29:246:29:246:49":11,"s:247:12:247:Infinity":42,"s:249:13:249:Infinity":43,"s:253:4:253:Infinity":44,"s:254:4:254:Infinity":45,"s:257:18:257:Infinity":46,"s:259:29:268:Infinity":47,"f:259:29:259:30":9,"s:260:23:260:Infinity":48,"f:260:35:260:41":10,"s:260:41:260:50":49,"s:261:4:261:Infinity":50,"b:263:4:265:Infinity:undefined:undefined:undefined:undefined":12,"s:263:4:265:Infinity":51,"b:263:8:263:44:263:44:263:69:263:69:263:95":13,"s:264:6:264:Infinity":52,"s:267:4:267:Infinity":53,"s:270:23:277:Infinity":54,"f:270:23:270:24":11,"b:271:4:276:Infinity:274:11:276:Infinity":14,"s:271:4:276:Infinity":55,"s:272:27:272:Infinity":56,"f:272:42:272:43":12,"s:272:52:272:63":57,"s:273:8:273:Infinity":58,"s:275:8:275:Infinity":59,"s:279:28:288:Infinity":60,"f:279:28:279:29":13,"s:280:22:280:Infinity":61,"f:280:38:280:44":14,"s:280:44:280:53":62,"s:281:4:281:Infinity":63,"b:283:4:285:Infinity:undefined:undefined:undefined:undefined":15,"s:283:4:285:Infinity":64,"b:283:8:283:43:283:43:283:67:283:67:283:92":16,"s:284:6:284:Infinity":65,"s:287:4:287:Infinity":66,"s:290:22:297:Infinity":67,"f:290:22:290:23":15,"b:291:4:296:Infinity:294:11:296:Infinity":17,"s:291:4:296:Infinity":68,"s:292:26:292:Infinity":69,"f:292:45:292:46":16,"s:292:55:292:66":70,"s:293:8:293:Infinity":71,"s:295:8:295:Infinity":72,"s:299:31:308:Infinity":73,"f:299:31:299:32":17,"s:300:20:300:Infinity":74,"f:300:37:300:43":18,"s:300:43:300:52":75,"s:301:5:301:Infinity":76,"b:303:4:305:Infinity:undefined:undefined:undefined:undefined":18,"s:303:4:305:Infinity":77,"b:303:8:303:41:303:41:303:63:303:63:303:86":19,"s:304:6:304:Infinity":78,"s:307:4:307:Infinity":79,"s:310:25:316:Infinity":80,"f:310:25:310:26":19,"b:311:4:315:Infinity:313:11:315:Infinity":20,"s:311:4:315:Infinity":81,"s:312:8:312:Infinity":82,"f:312:44:312:45":20,"s:312:54:312:65":83,"s:314:8:314:Infinity":84,"s:318:33:327:Infinity":85,"f:318:33:318:34":21,"s:319:20:319:Infinity":86,"f:319:39:319:45":22,"s:319:45:319:54":87,"s:320:5:320:Infinity":88,"b:322:4:324:Infinity:undefined:undefined:undefined:undefined":21,"s:322:4:324:Infinity":89,"b:322:8:322:41:322:41:322:63:322:63:322:86":22,"s:323:6:323:Infinity":90,"s:326:4:326:Infinity":91,"s:329:27:335:Infinity":92,"f:329:27:329:28":23,"b:330:4:334:Infinity:332:11:334:Infinity":23,"s:330:4:334:Infinity":93,"s:331:8:331:Infinity":94,"f:331:48:331:49":24,"s:331:58:331:69":95,"s:333:8:333:Infinity":96,"s:337:2:652:Infinity":97,"f:340:47:340:48":25,"s:340:54:340:Infinity":98,"f:341:23:341:28":26,"s:341:28:341:66":99,"f:347:20:347:21":27,"s:347:27:347:Infinity":100,"f:348:21:348:22":28,"b:349:13:349:Infinity:undefined:undefined:undefined:undefined":24,"s:349:13:349:Infinity":101,"s:349:36:349:Infinity":102,"f:352:26:352:32":29,"s:352:32:352:47":103,"b:353:21:353:36:353:36:353:Infinity":25,"f:359:55:359:61":30,"s:359:61:359:85":104,"f:359:113:359:118":31,"s:359:118:359:123":105,"f:360:53:360:59":32,"s:360:59:360:81":106,"f:361:56:361:62":33,"s:361:62:361:87":107,"f:361:112:361:117":34,"s:361:117:361:122":108,"f:362:53:362:59":35,"s:362:59:362:81":109,"f:363:59:363:65":36,"s:363:65:363:93":110,"f:364:54:364:60":37,"s:364:60:364:83":111,"b:368:9:368:Infinity:369:12:396:Infinity":26,"f:376:37:376:38":38,"s:377:20:393:Infinity":112,"f:381:34:381:35":39,"s:381:41:381:Infinity":113,"f:386:34:386:35":40,"s:386:41:386:Infinity":114,"b:389:25:389:51:389:51:389:Infinity:390:28:390:Infinity":27,"f:390:48:390:54":41,"s:390:54:390:74":115,"b:399:9:399:Infinity:400:10:493:Infinity":28,"f:406:28:406:29":42,"s:406:35:406:Infinity":116,"b:416:15:416:Infinity:417:16:438:Infinity":29,"b:422:29:422:46:422:46:422:Infinity":30,"f:423:32:423:33":43,"s:423:39:423:Infinity":117,"b:432:29:432:46:432:46:432:Infinity":31,"f:433:32:433:33":44,"s:433:39:433:Infinity":118,"b:441:15:441:Infinity:442:17:451:Infinity":32,"b:446:28:446:42:446:42:446:Infinity":33,"f:447:31:447:32":45,"s:447:38:447:Infinity":119,"b:454:15:454:Infinity:455:17:487:Infinity":34,"b:460:30:460:50:460:50:460:Infinity":35,"f:461:33:461:34":46,"s:461:40:461:Infinity":120,"b:461:97:461:119:461:119:461:123":36,"b:461:130:461:152:461:152:461:161":37,"b:470:30:470:52:470:52:470:Infinity":38,"f:471:33:471:34":47,"s:471:40:471:Infinity":121,"b:471:74:471:94:471:94:471:98":39,"b:471:128:471:150:471:150:471:159":40,"b:479:30:479:52:479:52:479:Infinity":41,"f:480:33:480:34":48,"s:480:40:480:Infinity":122,"b:480:74:480:94:480:94:480:98":42,"b:480:105:480:127:480:127:480:131":43,"b:496:9:496:Infinity:497:10:522:Infinity":44,"f:503:25:503:26":49,"s:504:14:520:Infinity":123,"f:508:28:508:29":50,"s:508:35:508:Infinity":124,"f:513:28:513:29":51,"s:513:35:513:Infinity":125,"b:516:17:516:39:516:39:516:Infinity:517:21:517:Infinity":45,"f:517:41:517:47":52,"s:517:47:517:68":126,"b:525:9:525:Infinity:526:11:627:Infinity":46,"f:533:34:533:40":53,"s:533:40:533:Infinity":127,"f:541:34:541:40":54,"s:541:40:541:Infinity":128,"f:549:34:549:40":55,"s:549:40:549:Infinity":129,"f:557:34:557:40":56,"s:557:40:557:Infinity":130,"b:562:15:562:38:562:38:562:Infinity:563:17:567:Infinity":47,"f:565:30:565:31":57,"s:565:37:565:Infinity":131,"b:566:55:566:79:566:79:566:Infinity":48,"b:570:14:570:Infinity:571:16:596:Infinity":49,"f:577:38:577:39":58,"s:578:20:594:Infinity":132,"f:582:38:582:39":59,"s:582:45:582:Infinity":133,"f:587:38:587:39":60,"s:587:45:587:Infinity":134,"b:590:25:590:52:590:52:590:Infinity:591:28:591:Infinity":50,"f:591:48:591:54":61,"s:591:54:591:77":135,"b:599:14:599:Infinity:600:16:625:Infinity":51,"f:606:40:606:41":62,"s:607:20:623:Infinity":136,"f:611:38:611:39":63,"s:611:45:611:Infinity":137,"f:616:38:616:39":64,"s:616:45:616:Infinity":138,"b:619:25:619:54:619:54:619:Infinity:620:28:620:Infinity":52,"f:620:48:620:54":65,"s:620:54:620:79":139,"b:630:9:630:Infinity:631:11:638:Infinity":53,"f:635:26:635:27":66,"s:635:33:635:Infinity":140,"b:641:9:641:Infinity:642:11:649:Infinity":54,"f:646:26:646:27":67,"s:646:33:646:Infinity":141}}}
,"/app/src/renderer/components/ResponseViewer.tsx": {"path":"/app/src/renderer/components/ResponseViewer.tsx","statementMap":{"0":{"start":{"line":6,"column":24},"end":{"line":16,"column":null}},"1":{"start":{"line":13,"column":15},"end":{"line":13,"column":null}},"2":{"start":{"line":19,"column":24},"end":{"line":19,"column":null}},"3":{"start":{"line":24,"column":15},"end":{"line":24,"column":null}},"4":{"start":{"line":28,"column":21},"end":{"line":28,"column":null}},"5":{"start":{"line":35,"column":20},"end":{"line":42,"column":null}},"6":{"start":{"line":38,"column":8},"end":{"line":38,"column":null}},"7":{"start":{"line":38,"column":55},"end":{"line":38,"column":null}},"8":{"start":{"line":39,"column":8},"end":{"line":39,"column":null}},"9":{"start":{"line":39,"column":55},"end":{"line":39,"column":null}},"10":{"start":{"line":40,"column":8},"end":{"line":40,"column":null}},"11":{"start":{"line":40,"column":55},"end":{"line":40,"column":null}},"12":{"start":{"line":41,"column":8},"end":{"line":41,"column":null}},"13":{"start":{"line":45,"column":17},"end":{"line":45,"column":null}},"14":{"start":{"line":49,"column":13},"end":{"line":49,"column":null}},"15":{"start":{"line":56,"column":12},"end":{"line":78,"column":null}},"16":{"start":{"line":59,"column":20},"end":{"line":59,"column":57}},"17":{"start":{"line":62,"column":26},"end":{"line":62,"column":58}},"18":{"start":{"line":68,"column":13},"end":{"line":68,"column":null}},"19":{"start":{"line":81,"column":19},"end":{"line":81,"column":null}},"20":{"start":{"line":89,"column":20},"end":{"line":89,"column":null}},"21":{"start":{"line":96,"column":18},"end":{"line":96,"column":null}},"22":{"start":{"line":104,"column":22},"end":{"line":104,"column":null}},"23":{"start":{"line":115,"column":24},"end":{"line":115,"column":null}},"24":{"start":{"line":123,"column":23},"end":{"line":128,"column":null}},"25":{"start":{"line":127,"column":31},"end":{"line":127,"column":101}},"26":{"start":{"line":128,"column":36},"end":{"line":128,"column":73}},"27":{"start":{"line":132,"column":21},"end":{"line":132,"column":null}},"28":{"start":{"line":146,"column":13},"end":{"line":254,"column":null}},"29":{"start":{"line":147,"column":56},"end":{"line":147,"column":null}},"30":{"start":{"line":148,"column":32},"end":{"line":148,"column":null}},"31":{"start":{"line":150,"column":2},"end":{"line":156,"column":null}},"32":{"start":{"line":151,"column":4},"end":{"line":154,"column":null}},"33":{"start":{"line":158,"column":2},"end":{"line":164,"column":null}},"34":{"start":{"line":159,"column":7},"end":{"line":162,"column":null}},"35":{"start":{"line":166,"column":2},"end":{"line":172,"column":null}},"36":{"start":{"line":167,"column":4},"end":{"line":170,"column":null}},"37":{"start":{"line":174,"column":15},"end":{"line":174,"column":null}},"38":{"start":{"line":175,"column":17},"end":{"line":175,"column":null}},"39":{"start":{"line":176,"column":21},"end":{"line":176,"column":null}},"40":{"start":{"line":177,"column":18},"end":{"line":177,"column":null}},"41":{"start":{"line":178,"column":22},"end":{"line":178,"column":null}},"42":{"start":{"line":179,"column":22},"end":{"line":179,"column":null}},"43":{"start":{"line":179,"column":53},"end":{"line":179,"column":61}},"44":{"start":{"line":180,"column":21},"end":{"line":180,"column":null}},"45":{"start":{"line":182,"column":21},"end":{"line":197,"column":null}},"46":{"start":{"line":183,"column":4},"end":{"line":183,"column":null}},"47":{"start":{"line":183,"column":51},"end":{"line":183,"column":null}},"48":{"start":{"line":184,"column":4},"end":{"line":190,"column":null}},"49":{"start":{"line":185,"column":6},"end":{"line":189,"column":null}},"50":{"start":{"line":186,"column":8},"end":{"line":186,"column":null}},"51":{"start":{"line":188,"column":8},"end":{"line":188,"column":null}},"52":{"start":{"line":191,"column":4},"end":{"line":196,"column":null}},"53":{"start":{"line":192,"column":21},"end":{"line":192,"column":null}},"54":{"start":{"line":193,"column":8},"end":{"line":193,"column":null}},"55":{"start":{"line":195,"column":8},"end":{"line":195,"column":null}},"56":{"start":{"line":199,"column":2},"end":{"line":252,"column":null}},"57":{"start":{"line":208,"column":59},"end":{"line":208,"column":81}},"58":{"start":{"line":209,"column":62},"end":{"line":209,"column":87}},"59":{"start":{"line":210,"column":62},"end":{"line":210,"column":87}},"60":{"start":{"line":211,"column":60},"end":{"line":211,"column":83}},"61":{"start":{"line":232,"column":24},"end":{"line":235,"column":null}},"62":{"start":{"line":243,"column":20},"end":{"line":247,"column":null}}},"fnMap":{"0":{"name":"(anonymous_0)","decl":{"start":{"line":13,"column":6},"end":{"line":13,"column":15}},"loc":{"start":{"line":13,"column":15},"end":{"line":13,"column":null}},"line":13},"1":{"name":"(anonymous_1)","decl":{"start":{"line":37,"column":13},"end":{"line":37,"column":22}},"loc":{"start":{"line":37,"column":22},"end":{"line":42,"column":5}},"line":37},"2":{"name":"(anonymous_2)","decl":{"start":{"line":59,"column":11},"end":{"line":59,"column":20}},"loc":{"start":{"line":59,"column":20},"end":{"line":59,"column":57}},"line":59},"3":{"name":"(anonymous_3)","decl":{"start":{"line":62,"column":17},"end":{"line":62,"column":26}},"loc":{"start":{"line":62,"column":26},"end":{"line":62,"column":58}},"line":62},"4":{"name":"(anonymous_4)","decl":{"start":{"line":68,"column":4},"end":{"line":68,"column":13}},"loc":{"start":{"line":68,"column":13},"end":{"line":68,"column":null}},"line":68},"5":{"name":"(anonymous_5)","decl":{"start":{"line":127,"column":22},"end":{"line":127,"column":31}},"loc":{"start":{"line":127,"column":31},"end":{"line":127,"column":101}},"line":127},"6":{"name":"(anonymous_6)","decl":{"start":{"line":128,"column":27},"end":{"line":128,"column":36}},"loc":{"start":{"line":128,"column":36},"end":{"line":128,"column":73}},"line":128},"7":{"name":"(anonymous_7)","decl":{"start":{"line":146,"column":39},"end":{"line":146,"column":45}},"loc":{"start":{"line":146,"column":45},"end":{"line":254,"column":1}},"line":146},"8":{"name":"(anonymous_8)","decl":{"start":{"line":179,"column":41},"end":{"line":179,"column":42}},"loc":{"start":{"line":179,"column":53},"end":{"line":179,"column":61}},"line":179},"9":{"name":"(anonymous_9)","decl":{"start":{"line":182,"column":21},"end":{"line":182,"column":22}},"loc":{"start":{"line":182,"column":39},"end":{"line":197,"column":null}},"line":182},"10":{"name":"(anonymous_10)","decl":{"start":{"line":208,"column":53},"end":{"line":208,"column":59}},"loc":{"start":{"line":208,"column":59},"end":{"line":208,"column":81}},"line":208},"11":{"name":"(anonymous_11)","decl":{"start":{"line":209,"column":56},"end":{"line":209,"column":62}},"loc":{"start":{"line":209,"column":62},"end":{"line":209,"column":87}},"line":209},"12":{"name":"(anonymous_12)","decl":{"start":{"line":210,"column":56},"end":{"line":210,"column":62}},"loc":{"start":{"line":210,"column":62},"end":{"line":210,"column":87}},"line":210},"13":{"name":"(anonymous_13)","decl":{"start":{"line":211,"column":54},"end":{"line":211,"column":60}},"loc":{"start":{"line":211,"column":60},"end":{"line":211,"column":83}},"line":211},"14":{"name":"(anonymous_14)","decl":{"start":{"line":231,"column":45},"end":{"line":231,"column":46}},"loc":{"start":{"line":232,"column":24},"end":{"line":235,"column":null}},"line":232},"15":{"name":"(anonymous_15)","decl":{"start":{"line":242,"column":33},"end":{"line":242,"column":34}},"loc":{"start":{"line":243,"column":20},"end":{"line":247,"column":null}},"line":243}},"branchMap":{"0":{"loc":{"start":{"line":13,"column":15},"end":{"line":13,"column":null}},"type":"binary-expr","locations":[{"start":{"line":13,"column":15},"end":{"line":13,"column":31}},{"start":{"line":13,"column":31},"end":{"line":13,"column":null}}],"line":13},"1":{"loc":{"start":{"line":38,"column":8},"end":{"line":38,"column":null}},"type":"if","locations":[{"start":{"line":38,"column":8},"end":{"line":38,"column":null}},{"start":{},"end":{}}],"line":38},"2":{"loc":{"start":{"line":38,"column":12},"end":{"line":38,"column":55}},"type":"binary-expr","locations":[{"start":{"line":38,"column":12},"end":{"line":38,"column":35}},{"start":{"line":38,"column":35},"end":{"line":38,"column":55}}],"line":38},"3":{"loc":{"start":{"line":39,"column":8},"end":{"line":39,"column":null}},"type":"if","locations":[{"start":{"line":39,"column":8},"end":{"line":39,"column":null}},{"start":{},"end":{}}],"line":39},"4":{"loc":{"start":{"line":39,"column":12},"end":{"line":39,"column":55}},"type":"binary-expr","locations":[{"start":{"line":39,"column":12},"end":{"line":39,"column":35}},{"start":{"line":39,"column":35},"end":{"line":39,"column":55}}],"line":39},"5":{"loc":{"start":{"line":40,"column":8},"end":{"line":40,"column":null}},"type":"if","locations":[{"start":{"line":40,"column":8},"end":{"line":40,"column":null}},{"start":{},"end":{}}],"line":40},"6":{"loc":{"start":{"line":40,"column":12},"end":{"line":40,"column":55}},"type":"binary-expr","locations":[{"start":{"line":40,"column":12},"end":{"line":40,"column":35}},{"start":{"line":40,"column":35},"end":{"line":40,"column":55}}],"line":40},"7":{"loc":{"start":{"line":59,"column":20},"end":{"line":59,"column":57}},"type":"cond-expr","locations":[{"start":{"line":59,"column":36},"end":{"line":59,"column":48}},{"start":{"line":59,"column":48},"end":{"line":59,"column":57}}],"line":59},"8":{"loc":{"start":{"line":62,"column":26},"end":{"line":62,"column":58}},"type":"cond-expr","locations":[{"start":{"line":62,"column":42},"end":{"line":62,"column":50}},{"start":{"line":62,"column":50},"end":{"line":62,"column":58}}],"line":62},"9":{"loc":{"start":{"line":68,"column":13},"end":{"line":68,"column":null}},"type":"binary-expr","locations":[{"start":{"line":68,"column":13},"end":{"line":68,"column":30}},{"start":{"line":68,"column":30},"end":{"line":68,"column":null}}],"line":68},"10":{"loc":{"start":{"line":127,"column":31},"end":{"line":127,"column":101}},"type":"cond-expr","locations":[{"start":{"line":127,"column":47},"end":{"line":127,"column":75}},{"start":{"line":127,"column":75},"end":{"line":127,"column":101}}],"line":127},"11":{"loc":{"start":{"line":128,"column":36},"end":{"line":128,"column":73}},"type":"cond-expr","locations":[{"start":{"line":128,"column":52},"end":{"line":128,"column":64}},{"start":{"line":128,"column":64},"end":{"line":128,"column":73}}],"line":128},"12":{"loc":{"start":{"line":150,"column":2},"end":{"line":156,"column":null}},"type":"if","locations":[{"start":{"line":150,"column":2},"end":{"line":156,"column":null}},{"start":{},"end":{}}],"line":150},"13":{"loc":{"start":{"line":158,"column":2},"end":{"line":164,"column":null}},"type":"if","locations":[{"start":{"line":158,"column":2},"end":{"line":164,"column":null}},{"start":{},"end":{}}],"line":158},"14":{"loc":{"start":{"line":166,"column":2},"end":{"line":172,"column":null}},"type":"if","locations":[{"start":{"line":166,"column":2},"end":{"line":172,"column":null}},{"start":{},"end":{}}],"line":166},"15":{"loc":{"start":{"line":174,"column":15},"end":{"line":174,"column":null}},"type":"cond-expr","locations":[{"start":{"line":174,"column":26},"end":{"line":174,"column":42}},{"start":{"line":174,"column":42},"end":{"line":174,"column":null}}],"line":174},"16":{"loc":{"start":{"line":175,"column":17},"end":{"line":175,"column":null}},"type":"cond-expr","locations":[{"start":{"line":175,"column":28},"end":{"line":175,"column":46}},{"start":{"line":175,"column":46},"end":{"line":175,"column":null}}],"line":175},"17":{"loc":{"start":{"line":176,"column":21},"end":{"line":176,"column":null}},"type":"cond-expr","locations":[{"start":{"line":176,"column":32},"end":{"line":176,"column":54}},{"start":{"line":176,"column":54},"end":{"line":176,"column":null}}],"line":176},"18":{"loc":{"start":{"line":177,"column":18},"end":{"line":177,"column":null}},"type":"cond-expr","locations":[{"start":{"line":177,"column":29},"end":{"line":177,"column":48}},{"start":{"line":177,"column":48},"end":{"line":177,"column":null}}],"line":177},"19":{"loc":{"start":{"line":178,"column":22},"end":{"line":178,"column":null}},"type":"cond-expr","locations":[{"start":{"line":178,"column":34},"end":{"line":178,"column":64}},{"start":{"line":178,"column":64},"end":{"line":178,"column":null}}],"line":178},"20":{"loc":{"start":{"line":178,"column":34},"end":{"line":178,"column":64}},"type":"binary-expr","locations":[{"start":{"line":178,"column":34},"end":{"line":178,"column":58}},{"start":{"line":178,"column":58},"end":{"line":178,"column":64}}],"line":178},"21":{"loc":{"start":{"line":183,"column":4},"end":{"line":183,"column":null}},"type":"if","locations":[{"start":{"line":183,"column":4},"end":{"line":183,"column":null}},{"start":{},"end":{}}],"line":183},"22":{"loc":{"start":{"line":183,"column":8},"end":{"line":183,"column":51}},"type":"binary-expr","locations":[{"start":{"line":183,"column":8},"end":{"line":183,"column":28}},{"start":{"line":183,"column":28},"end":{"line":183,"column":51}}],"line":183},"23":{"loc":{"start":{"line":184,"column":4},"end":{"line":190,"column":null}},"type":"if","locations":[{"start":{"line":184,"column":4},"end":{"line":190,"column":null}},{"start":{},"end":{}}],"line":184},"24":{"loc":{"start":{"line":215,"column":9},"end":{"line":219,"column":null}},"type":"binary-expr","locations":[{"start":{"line":215,"column":9},"end":{"line":215,"column":null}},{"start":{"line":216,"column":13},"end":{"line":219,"column":null}}],"line":215},"25":{"loc":{"start":{"line":221,"column":9},"end":{"line":227,"column":null}},"type":"binary-expr","locations":[{"start":{"line":221,"column":9},"end":{"line":221,"column":null}},{"start":{"line":222,"column":12},"end":{"line":227,"column":null}}],"line":221},"26":{"loc":{"start":{"line":224,"column":24},"end":{"line":224,"column":null}},"type":"cond-expr","locations":[{"start":{"line":224,"column":51},"end":{"line":224,"column":58}},{"start":{"line":224,"column":58},"end":{"line":224,"column":null}}],"line":224},"27":{"loc":{"start":{"line":229,"column":9},"end":{"line":237,"column":null}},"type":"binary-expr","locations":[{"start":{"line":229,"column":9},"end":{"line":229,"column":null}},{"start":{"line":230,"column":12},"end":{"line":237,"column":null}}],"line":229},"28":{"loc":{"start":{"line":239,"column":9},"end":{"line":249,"column":null}},"type":"binary-expr","locations":[{"start":{"line":239,"column":9},"end":{"line":239,"column":null}},{"start":{"line":240,"column":12},"end":{"line":249,"column":null}}],"line":239},"29":{"loc":{"start":{"line":241,"column":17},"end":{"line":241,"column":null}},"type":"binary-expr","locations":[{"start":{"line":241,"column":17},"end":{"line":241,"column":45}},{"start":{"line":241,"column":45},"end":{"line":241,"column":null}}],"line":241},"30":{"loc":{"start":{"line":245,"column":31},"end":{"line":245,"column":61}},"type":"cond-expr","locations":[{"start":{"line":245,"column":45},"end":{"line":245,"column":54}},{"start":{"line":245,"column":54},"end":{"line":245,"column":61}}],"line":245},"31":{"loc":{"start":{"line":246,"column":25},"end":{"line":246,"column":null}},"type":"binary-expr","locations":[{"start":{"line":246,"column":25},"end":{"line":246,"column":41}},{"start":{"line":246,"column":41},"end":{"line":246,"column":null}}],"line":246}},"s":{"0":2,"1":25,"2":2,"3":2,"4":2,"5":2,"6":17,"7":14,"8":3,"9":1,"10":2,"11":2,"12":0,"13":2,"14":2,"15":2,"16":68,"17":68,"18":68,"19":2,"20":2,"21":2,"22":2,"23":2,"24":2,"25":2,"26":2,"27":2,"28":2,"29":25,"30":25,"31":25,"32":2,"33":23,"34":1,"35":22,"36":5,"37":17,"38":25,"39":25,"40":25,"41":25,"42":25,"43":6,"44":25,"45":25,"46":13,"47":1,"48":12,"49":5,"50":5,"51":1,"52":7,"53":7,"54":7,"55":6,"56":25,"57":0,"58":1,"59":1,"60":2,"61":1,"62":2},"f":{"0":25,"1":17,"2":68,"3":68,"4":68,"5":2,"6":2,"7":25,"8":6,"9":13,"10":0,"11":1,"12":1,"13":2,"14":1,"15":2},"b":{"0":[25,8],"1":[14,3],"2":[17,17],"3":[1,2],"4":[3,3],"5":[2,0],"6":[2,2],"7":[17,51],"8":[17,51],"9":[68,17],"10":[1,1],"11":[1,1],"12":[2,23],"13":[1,22],"14":[5,17],"15":[17,0],"16":[17,0],"17":[17,0],"18":[17,0],"19":[17,0],"20":[17,10],"21":[1,12],"22":[13,12],"23":[5,7],"24":[25,13],"25":[25,1],"26":[1,0],"27":[25,1],"28":[25,2],"29":[2,0],"30":[1,1],"31":[2,1]},"meta":{"lastBranch":32,"lastFunction":16,"lastStatement":63,"seen":{"s:6:24:16:Infinity":0,"f:13:6:13:15":0,"s:13:15:13:Infinity":1,"b:13:15:13:31:13:31:13:Infinity":0,"s:19:24:19:Infinity":2,"s:24:15:24:Infinity":3,"s:28:21:28:Infinity":4,"s:35:20:42:Infinity":5,"f:37:13:37:22":1,"b:38:8:38:Infinity:undefined:undefined:undefined:undefined":1,"s:38:8:38:Infinity":6,"b:38:12:38:35:38:35:38:55":2,"s:38:55:38:Infinity":7,"b:39:8:39:Infinity:undefined:undefined:undefined:undefined":3,"s:39:8:39:Infinity":8,"b:39:12:39:35:39:35:39:55":4,"s:39:55:39:Infinity":9,"b:40:8:40:Infinity:undefined:undefined:undefined:undefined":5,"s:40:8:40:Infinity":10,"b:40:12:40:35:40:35:40:55":6,"s:40:55:40:Infinity":11,"s:41:8:41:Infinity":12,"s:45:17:45:Infinity":13,"s:49:13:49:Infinity":14,"s:56:12:78:Infinity":15,"f:59:11:59:20":2,"s:59:20:59:57":16,"b:59:36:59:48:59:48:59:57":7,"f:62:17:62:26":3,"s:62:26:62:58":17,"b:62:42:62:50:62:50:62:58":8,"f:68:4:68:13":4,"s:68:13:68:Infinity":18,"b:68:13:68:30:68:30:68:Infinity":9,"s:81:19:81:Infinity":19,"s:89:20:89:Infinity":20,"s:96:18:96:Infinity":21,"s:104:22:104:Infinity":22,"s:115:24:115:Infinity":23,"s:123:23:128:Infinity":24,"f:127:22:127:31":5,"s:127:31:127:101":25,"b:127:47:127:75:127:75:127:101":10,"f:128:27:128:36":6,"s:128:36:128:73":26,"b:128:52:128:64:128:64:128:73":11,"s:132:21:132:Infinity":27,"s:146:13:254:Infinity":28,"f:146:39:146:45":7,"s:147:56:147:Infinity":29,"s:148:32:148:Infinity":30,"b:150:2:156:Infinity:undefined:undefined:undefined:undefined":12,"s:150:2:156:Infinity":31,"s:151:4:154:Infinity":32,"b:158:2:164:Infinity:undefined:undefined:undefined:undefined":13,"s:158:2:164:Infinity":33,"s:159:7:162:Infinity":34,"b:166:2:172:Infinity:undefined:undefined:undefined:undefined":14,"s:166:2:172:Infinity":35,"s:167:4:170:Infinity":36,"s:174:15:174:Infinity":37,"b:174:26:174:42:174:42:174:Infinity":15,"s:175:17:175:Infinity":38,"b:175:28:175:46:175:46:175:Infinity":16,"s:176:21:176:Infinity":39,"b:176:32:176:54:176:54:176:Infinity":17,"s:177:18:177:Infinity":40,"b:177:29:177:48:177:48:177:Infinity":18,"s:178:22:178:Infinity":41,"b:178:34:178:64:178:64:178:Infinity":19,"b:178:34:178:58:178:58:178:64":20,"s:179:22:179:Infinity":42,"f:179:41:179:42":8,"s:179:53:179:61":43,"s:180:21:180:Infinity":44,"s:182:21:197:Infinity":45,"f:182:21:182:22":9,"b:183:4:183:Infinity:undefined:undefined:undefined:undefined":21,"s:183:4:183:Infinity":46,"b:183:8:183:28:183:28:183:51":22,"s:183:51:183:Infinity":47,"b:184:4:190:Infinity:undefined:undefined:undefined:undefined":23,"s:184:4:190:Infinity":48,"s:185:6:189:Infinity":49,"s:186:8:186:Infinity":50,"s:188:8:188:Infinity":51,"s:191:4:196:Infinity":52,"s:192:21:192:Infinity":53,"s:193:8:193:Infinity":54,"s:195:8:195:Infinity":55,"s:199:2:252:Infinity":56,"f:208:53:208:59":10,"s:208:59:208:81":57,"f:209:56:209:62":11,"s:209:62:209:87":58,"f:210:56:210:62":12,"s:210:62:210:87":59,"f:211:54:211:60":13,"s:211:60:211:83":60,"b:215:9:215:Infinity:216:13:219:Infinity":24,"b:221:9:221:Infinity:222:12:227:Infinity":25,"b:224:51:224:58:224:58:224:Infinity":26,"b:229:9:229:Infinity:230:12:237:Infinity":27,"f:231:45:231:46":14,"s:232:24:235:Infinity":61,"b:239:9:239:Infinity:240:12:249:Infinity":28,"b:241:17:241:45:241:45:241:Infinity":29,"f:242:33:242:34":15,"s:243:20:247:Infinity":62,"b:245:45:245:54:245:54:245:61":30,"b:246:25:246:41:246:41:246:Infinity":31}}}
[...]
olumn":11},"end":{"line":294,"column":null}}],"line":290},"24":{"loc":{"start":{"line":305,"column":4},"end":{"line":307,"column":null}},"type":"if","locations":[{"start":{"line":305,"column":4},"end":{"line":307,"column":null}},{"start":{},"end":{}}],"line":305},"25":{"loc":{"start":{"line":312,"column":4},"end":{"line":314,"column":null}},"type":"if","locations":[{"start":{"line":312,"column":4},"end":{"line":314,"column":null}},{"start":{},"end":{}}],"line":312},"26":{"loc":{"start":{"line":320,"column":6},"end":{"line":324,"column":null}},"type":"if","locations":[{"start":{"line":320,"column":6},"end":{"line":324,"column":null}},{"start":{},"end":{}}],"line":320},"27":{"loc":{"start":{"line":348,"column":52},"end":{"line":348,"column":96}},"type":"binary-expr","locations":[{"start":{"line":348,"column":52},"end":{"line":348,"column":75}},{"start":{"line":348,"column":75},"end":{"line":348,"column":96}}],"line":348},"28":{"loc":{"start":{"line":366,"column":6},"end":{"line":369,"column":null}},"type":"if","locations":[{"start":{"line":366,"column":6},"end":{"line":369,"column":null}},{"start":{},"end":{}}],"line":366},"29":{"loc":{"start":{"line":374,"column":6},"end":{"line":377,"column":null}},"type":"if","locations":[{"start":{"line":374,"column":6},"end":{"line":377,"column":null}},{"start":{},"end":{}}],"line":374},"30":{"loc":{"start":{"line":381,"column":50},"end":{"line":381,"column":94}},"type":"binary-expr","locations":[{"start":{"line":381,"column":50},"end":{"line":381,"column":73}},{"start":{"line":381,"column":73},"end":{"line":381,"column":94}}],"line":381},"31":{"loc":{"start":{"line":398,"column":51},"end":{"line":398,"column":104}},"type":"binary-expr","locations":[{"start":{"line":398,"column":51},"end":{"line":398,"column":82}},{"start":{"line":398,"column":82},"end":{"line":398,"column":104}}],"line":398},"32":{"loc":{"start":{"line":412,"column":4},"end":{"line":416,"column":null}},"type":"if","locations":[{"start":{"line":412,"column":4},"end":{"line":416,"column":null}},{"start":{"line":414,"column":11},"end":{"line":416,"column":null}}],"line":412},"33":{"loc":{"start":{"line":412,"column":8},"end":{"line":412,"column":49}},"type":"binary-expr","locations":[{"start":{"line":412,"column":8},"end":{"line":412,"column":24}},{"start":{"line":412,"column":24},"end":{"line":412,"column":49}}],"line":412},"34":{"loc":{"start":{"line":418,"column":16},"end":{"line":418,"column":null}},"type":"binary-expr","locations":[{"start":{"line":418,"column":16},"end":{"line":418,"column":29}},{"start":{"line":418,"column":29},"end":{"line":418,"column":null}}],"line":418},"35":{"loc":{"start":{"line":419,"column":20},"end":{"line":419,"column":null}},"type":"binary-expr","locations":[{"start":{"line":419,"column":20},"end":{"line":419,"column":37}},{"start":{"line":419,"column":37},"end":{"line":419,"column":null}}],"line":419},"36":{"loc":{"start":{"line":420,"column":24},"end":{"line":420,"column":null}},"type":"binary-expr","locations":[{"start":{"line":420,"column":24},"end":{"line":420,"column":45}},{"start":{"line":420,"column":45},"end":{"line":420,"column":null}}],"line":420},"37":{"loc":{"start":{"line":421,"column":26},"end":{"line":421,"column":null}},"type":"binary-expr","locations":[{"start":{"line":421,"column":26},"end":{"line":421,"column":49}},{"start":{"line":421,"column":49},"end":{"line":421,"column":null}}],"line":421},"38":{"loc":{"start":{"line":422,"column":16},"end":{"line":422,"column":null}},"type":"binary-expr","locations":[{"start":{"line":422,"column":16},"end":{"line":422,"column":29}},{"start":{"line":422,"column":29},"end":{"line":422,"column":null}}],"line":422},"39":{"loc":{"start":{"line":423,"column":28},"end":{"line":423,"column":null}},"type":"binary-expr","locations":[{"start":{"line":423,"column":28},"end":{"line":423,"column":53}},{"start":{"line":423,"column":53},"end":{"line":423,"column":null}}],"line":423},"40":{"loc":{"start":{"line":424,"column":22},"end":{"line":424,"column":null}},"type":"binary-expr","locations":[{"start":{"line":424,"column":22},"end":{"line":424,"column":41}},{"start":{"line":424,"column":41},"end":{"line":424,"column":null}}],"line":424},"41":{"loc":{"start":{"line":428,"column":4},"end":{"line":431,"column":null}},"type":"if","locations":[{"start":{"line":428,"column":4},"end":{"line":431,"column":null}},{"start":{},"end":{}}],"line":428},"42":{"loc":{"start":{"line":447,"column":6},"end":{"line":454,"column":null}},"type":"if","locations":[{"start":{"line":447,"column":6},"end":{"line":454,"column":null}},{"start":{},"end":{}}],"line":447},"43":{"loc":{"start":{"line":447,"column":10},"end":{"line":447,"column":59}},"type":"binary-expr","locations":[{"start":{"line":447,"column":10},"end":{"line":447,"column":41}},{"start":{"line":447,"column":41},"end":{"line":447,"column":59}}],"line":447},"44":{"loc":{"start":{"line":448,"column":10},"end":{"line":453,"column":null}},"type":"if","locations":[{"start":{"line":448,"column":10},"end":{"line":453,"column":null}},{"start":{"line":450,"column":10},"end":{"line":453,"column":null}}],"line":448},"45":{"loc":{"start":{"line":450,"column":10},"end":{"line":453,"column":null}},"type":"if","locations":[{"start":{"line":450,"column":10},"end":{"line":453,"column":null}},{"start":{},"end":{}}],"line":450},"46":{"loc":{"start":{"line":451,"column":32},"end":{"line":451,"column":null}},"type":"cond-expr","locations":[{"start":{"line":451,"column":57},"end":{"line":451,"column":63}},{"start":{"line":451,"column":63},"end":{"line":451,"column":null}}],"line":451},"47":{"loc":{"start":{"line":457,"column":6},"end":{"line":466,"column":null}},"type":"if","locations":[{"start":{"line":457,"column":6},"end":{"line":466,"column":null}},{"start":{},"end":{}}],"line":457},"48":{"loc":{"start":{"line":459,"column":10},"end":{"line":465,"column":null}},"type":"if","locations":[{"start":{"line":459,"column":10},"end":{"line":465,"column":null}},{"start":{},"end":{}}],"line":459},"49":{"loc":{"start":{"line":461,"column":18},"end":{"line":463,"column":null}},"type":"if","locations":[{"start":{"line":461,"column":18},"end":{"line":463,"column":null}},{"start":{},"end":{}}],"line":461},"50":{"loc":{"start":{"line":461,"column":22},"end":{"line":461,"column":42}},"type":"binary-expr","locations":[{"start":{"line":461,"column":22},"end":{"line":461,"column":35}},{"start":{"line":461,"column":35},"end":{"line":461,"column":42}}],"line":461},"51":{"loc":{"start":{"line":486,"column":6},"end":{"line":488,"column":null}},"type":"if","locations":[{"start":{"line":486,"column":6},"end":{"line":488,"column":null}},{"start":{},"end":{}}],"line":486},"52":{"loc":{"start":{"line":487,"column":47},"end":{"line":487,"column":122}},"type":"cond-expr","locations":[{"start":{"line":487,"column":81},"end":{"line":487,"column":95}},{"start":{"line":487,"column":95},"end":{"line":487,"column":122}}],"line":487},"53":{"loc":{"start":{"line":491,"column":6},"end":{"line":491,"column":null}},"type":"if","locations":[{"start":{"line":491,"column":6},"end":{"line":491,"column":null}},{"start":{},"end":{}}],"line":491},"54":{"loc":{"start":{"line":492,"column":6},"end":{"line":492,"column":null}},"type":"if","locations":[{"start":{"line":492,"column":6},"end":{"line":492,"column":null}},{"start":{},"end":{}}],"line":492}},"s":{"0":66,"1":66,"2":66,"3":66,"4":66,"5":66,"6":66,"7":66,"8":66,"9":66,"10":66,"11":66,"12":66,"13":66,"14":66,"15":66,"16":66,"17":66,"18":66,"19":66,"20":66,"21":66,"22":66,"23":4,"24":51,"25":51,"26":4,"27":5,"28":5,"29":1,"30":5,"31":4,"32":9,"33":9,"34":1,"35":1,"36":17,"37":17,"38":9,"39":11,"40":9,"41":3,"42":6,"43":3,"44":9,"45":0,"46":9,"47":17,"48":20,"49":17,"50":6,"51":6,"52":11,"53":2,"54":17,"55":2,"56":17,"57":51,"58":51,"59":51,"60":51,"61":5,"62":51,"63":47,"64":1,"65":47,"66":4,"67":4,"68":4,"69":5,"70":4,"71":4,"72":5,"73":8,"74":5,"75":5,"76":5,"77":1,"78":5,"79":2,"80":2,"81":3,"82":3,"83":3,"84":3,"85":3,"86":3,"87":66,"88":66,"89":2,"90":2,"91":1,"92":21,"93":66,"94":66,"95":2,"96":2,"97":1,"98":14,"99":66,"100":66,"101":1,"102":1,"103":0,"104":66,"105":66,"106":1,"107":24,"108":24,"109":12,"110":12,"111":8,"112":8,"113":8,"114":8,"115":7,"116":2,"117":2,"118":2,"119":1,"120":2,"121":3,"122":3,"123":3,"124":3,"125":3,"126":3,"127":11,"128":11,"129":6,"130":6,"131":6,"132":2,"133":2,"134":2,"135":5,"136":5,"137":5,"138":5,"139":5,"140":5,"141":4,"142":4,"143":3,"144":3,"145":3,"146":2,"147":2,"148":2,"149":18,"150":19,"151":18,"152":18,"153":53,"154":18,"155":18,"156":2,"157":2,"158":4,"159":4,"160":4,"161":1,"162":3,"163":4,"164":4,"165":4,"166":4,"167":4,"168":4,"169":4,"170":14,"171":1,"172":1,"173":13,"174":13,"175":13,"176":13,"177":13,"178":13,"179":13,"180":13,"181":13,"182":14,"183":13,"184":3,"185":1,"186":2,"187":2,"188":2,"189":13,"190":13,"191":1,"192":1,"193":1,"194":1,"195":2,"196":1,"197":13,"198":13,"199":13,"200":12,"201":12,"202":12,"203":12,"204":5,"205":12,"206":12,"207":2,"208":12,"209":12,"210":12,"211":12,"212":12,"213":12,"214":1,"215":1,"216":1,"217":1,"218":5},"f":{"0":66,"1":4,"2":51,"3":4,"4":5,"5":1,"6":5,"7":4,"8":9,"9":1,"10":1,"11":17,"12":9,"13":11,"14":17,"15":20,"16":51,"17":5,"18":5,"19":8,"20":3,"21":66,"22":21,"23":66,"24":14,"25":66,"26":24,"27":8,"28":2,"29":2,"30":3,"31":3,"32":11,"33":6,"34":2,"35":2,"36":5,"37":5,"38":5,"39":3,"40":3,"41":2,"42":18,"43":19,"44":53,"45":2,"46":4,"47":14,"48":14,"49":1,"50":2,"51":13,"52":13,"53":12,"54":1},"b":{"0":[3,6],"1":[3,3],"2":[0,9],"3":[9,9,9],"4":[6,11],"5":[6,2],"6":[6,3],"7":[2,9],"8":[2,0],"9":[2,15],"10":[17,16,15],"11":[5,46],"12":[47,4],"13":[1,46],"14":[47,46,46],"15":[8,5],"16":[1,4],"17":[2,3],"18":[3,0],"19":[2,64],"20":[2,64],"21":[1,65],"22":[1,65],"23":[12,12],"24":[7,1],"25":[1,1],"26":[3,0],"27":[5,5],"28":[4,1],"29":[2,1],"30":[19,18],"31":[53,53],"32":[1,3],"33":[4,1],"34":[4,3],"35":[4,3],"36":[4,4],"37":[4,4],"38":[4,3],"39":[4,3],"40":[4,3],"41":[1,13],"42":[3,10],"43":[13,3],"44":[1,2],"45":[2,0],"46":[1,1],"47":[1,12],"48":[1,0],"49":[1,1],"50":[2,1],"51":[5,7],"52":[3,2],"53":[2,10],"54":[1,11]},"meta":{"lastBranch":55,"lastFunction":55,"lastStatement":219,"seen":{"s:66:19:66:Infinity":0,"s:67:16:67:Infinity":1,"s:68:22:68:Infinity":2,"s:69:30:69:Infinity":3,"s:70:17:70:Infinity":4,"s:71:29:71:Infinity":5,"s:72:31:72:Infinity":6,"s:73:23:73:Infinity":7,"s:74:15:74:Infinity":8,"s:75:29:75:Infinity":9,"s:76:23:76:Infinity":10,"s:79:18:79:Infinity":11,"s:80:21:80:Infinity":12,"s:81:15:81:Infinity":13,"s:82:52:82:Infinity":14,"s:85:27:85:Infinity":15,"s:86:30:86:Infinity":16,"s:89:32:89:Infinity":17,"s:90:39:90:Infinity":18,"f:92:2:92:16":0,"s:93:4:93:Infinity":19,"s:94:4:94:Infinity":20,"s:95:4:95:Infinity":21,"s:96:4:96:Infinity":22,"f:99:2:99:12":1,"s:100:4:100:Infinity":23,"f:103:2:103:9":2,"s:104:4:104:Infinity":24,"s:105:4:105:Infinity":25,"f:108:2:108:13":3,"s:109:4:109:Infinity":26,"f:112:2:112:17":4,"s:113:4:113:Infinity":27,"s:114:4:114:Infinity":28,"f:117:2:117:10":5,"s:118:4:118:Infinity":29,"f:121:2:121:18":6,"s:122:6:122:Infinity":30,"f:125:2:125:20":7,"s:126:6:126:Infinity":31,"f:129:2:129:14":8,"s:130:4:130:Infinity":32,"s:131:4:131:Infinity":33,"f:134:2:134:22":9,"s:135:4:135:Infinity":34,"f:138:2:138:16":10,"s:139:4:139:Infinity":35,"f:142:2:142:10":11,"s:143:4:143:Infinity":36,"s:144:4:144:Infinity":37,"f:147:10:147:36":12,"s:148:21:148:Infinity":38,"f:148:41:148:46":13,"s:148:46:148:84":39,"b:150:4:154:Infinity:152:4:154:Infinity":0,"s:150:4:154:Infinity":40,"s:151:6:151:Infinity":41,"b:152:4:154:Infinity:undefined:undefined:undefined:undefined":1,"s:152:4:154:Infinity":42,"s:153:8:153:Infinity":43,"b:163:4:165:Infinity:undefined:undefined:undefined:undefined":2,"s:163:4:165:Infinity":44,"b:163:8:163:36:163:36:163:77:163:77:163:119":3,"s:164:7:164:Infinity":45,"s:167:4:167:Infinity":46,"f:170:10:170:29":14,"s:172:21:172:Infinity":47,"f:172:41:172:46":15,"s:172:46:172:85":48,"b:174:4:179:Infinity:177:4:179:Infinity":4,"s:174:4:179:Infinity":49,"s:175:20:175:Infinity":50,"b:175:28:175:50:175:50:175:52":5,"b:175:56:175:78:175:78:175:80":6,"s:176:6:176:Infinity":51,"b:177:4:179:Infinity:undefined:undefined:undefined:undefined":7,"s:177:4:179:Infinity":52,"s:178:6:178:Infinity":53,"b:178:66:178:85:178:85:178:87":8,"b:182:4:184:Infinity:undefined:undefined:undefined:undefined":9,"s:182:4:184:Infinity":54,"b:182:8:182:36:182:36:182:77:182:77:182:119":10,"s:183:7:183:Infinity":55,"s:186:4:186:Infinity":56,"f:189:10:189:29":16,"s:190:4:216:Infinity":57,"s:191:25:191:Infinity":58,"s:192:27:192:Infinity":59,"b:193:8:195:Infinity:undefined:undefined:undefined:undefined":11,"s:193:8:195:Infinity":60,"s:194:12:194:Infinity":61,"b:197:8:202:Infinity:undefined:undefined:undefined:undefined":12,"s:197:8:202:Infinity":62,"b:198:11:200:Infinity:undefined:undefined:undefined:undefined":13,"s:198:11:200:Infinity":63,"b:198:15:198:47:198:47:198:74:198:74:198:102":14,"s:199:15:199:Infinity":64,"s:201:11:201:Infinity":65,"s:204:23:204:Infinity":66,"s:205:40:205:Infinity":67,"s:206:8:208:Infinity":68,"f:206:23:206:24":17,"s:207:12:207:Infinity":69,"s:211:8:211:Infinity":70,"s:213:8:213:Infinity":71,"f:219:10:219:32":18,"s:220:26:220:Infinity":72,"f:220:50:220:55":19,"s:220:55:220:71":73,"b:220:55:220:64:220:64:220:71":15,"s:223:25:223:Infinity":74,"s:224:20:224:Infinity":75,"b:225:6:227:Infinity:undefined:undefined:undefined:undefined":16,"s:225:6:227:Infinity":76,"s:226:10:226:Infinity":77,"b:229:6:232:Infinity:undefined:undefined:undefined:undefined":17,"s:229:6:232:Infinity":78,"s:230:10:230:Infinity":79,"s:231:10:231:Infinity":80,"s:234:27:234:Infinity":81,"s:235:6:237:Infinity":82,"f:235:26:235:31":20,"b:236:10:236:Infinity:undefined:undefined:undefined:undefined":18,"s:236:10:236:Infinity":83,"s:236:21:236:Infinity":84,"s:239:26:239:Infinity":85,"s:240:6:240:Infinity":86,"f:243:2:243:16":21,"s:244:25:244:Infinity":87,"b:245:4:251:Infinity:undefined:undefined:undefined:undefined":19,"s:245:4:251:Infinity":88,"s:246:6:250:Infinity":89,"s:247:8:247:Infinity":90,"s:249:8:249:Infinity":91,"f:254:2:254:16":22,"s:255:4:255:Infinity":92,"f:258:2:258:20":23,"s:259:29:259:Infinity":93,"b:260:4:266:Infinity:undefined:undefined:undefined:undefined":20,"s:260:4:266:Infinity":94,"s:261:6:265:Infinity":95,"s:262:8:262:Infinity":96,"s:264:8:264:Infinity":97,"f:269:2:269:20":24,"s:270:4:270:Infinity":98,"f:273:2:273:21":25,"s:274:22:274:Infinity":99,"b:275:4:281:Infinity:undefined:undefined:undefined:undefined":21,"s:275:4:281:Infinity":100,"s:276:6:280:Infinity":101,"s:277:8:277:Infinity":102,"s:279:8:279:Infinity":103,"s:282:29:282:Infinity":104,"b:283:4:285:Infinity:undefined:undefined:undefined:undefined":22,"s:283:4:285:Infinity":105,"s:284:8:284:Infinity":106,"f:288:2:288:21":26,"s:289:4:289:Infinity":107,"b:290:4:294:Infinity:292:11:294:Infinity":23,"s:290:4:294:Infinity":108,"s:291:8:291:Infinity":109,"s:293:8:293:Infinity":110,"f:297:2:297:20":27,"s:298:32:302:Infinity":111,"s:303:4:303:Infinity":112,"s:304:4:304:Infinity":113,"b:305:4:307:Infinity:undefined:undefined:undefined:undefined":24,"s:305:4:307:Infinity":114,"s:306:8:306:Infinity":115,"f:310:2:310:20":28,"s:311:4:311:Infinity":116,"f:311:49:311:54":29,"s:311:54:311:65":117,"b:312:4:314:Infinity:undefined:undefined:undefined:undefined":25,"s:312:4:314:Infinity":118,"s:313:8:313:Infinity":119,"s:315:4:315:Infinity":120,"f:318:2:318:20":30,"s:319:18:319:Infinity":121,"f:319:41:319:46":31,"s:319:46:319:57":122,"b:320:6:324:Infinity:undefined:undefined:undefined:undefined":26,"s:320:6:324:Infinity":123,"s:321:10:321:Infinity":124,"s:322:10:322:Infinity":125,"s:323:10:323:Infinity":126,"f:327:2:327:23":32,"s:328:6:328:Infinity":127,"s:329:6:329:Infinity":128,"f:332:2:332:19":33,"s:333:38:337:Infinity":129,"s:338:4:338:Infinity":130,"s:339:4:339:Infinity":131,"f:342:2:342:19":34,"s:343:4:343:Infinity":132,"f:343:47:343:52":35,"s:343:52:343:63":133,"s:344:4:344:Infinity":134,"f:347:2:347:26":36,"s:348:27:348:Infinity":135,"f:348:47:348:52":37,"s:348:52:348:96":136,"b:348:52:348:75:348:75:348:96":27,"s:349:38:363:Infinity":137,"s:365:25:365:Infinity":138,"f:365:47:365:52":38,"s:365:52:365:73":139,"b:366:6:369:Infinity:undefined:undefined:undefined:undefined":28,"s:366:6:369:Infinity":140,"s:367:10:367:Infinity":141,"s:368:10:368:Infinity":142,"f:372:2:372:30":39,"s:373:25:373:Infinity":143,"f:373:47:373:52":40,"s:373:52:373:73":144,"b:374:6:377:Infinity:undefined:undefined:undefined:undefined":29,"s:374:6:377:Infinity":145,"s:375:10:375:Infinity":146,"f:375:59:375:64":41,"s:375:64:375:82":147,"s:376:10:376:Infinity":148,"f:380:2:380:17":42,"s:381:25:381:Infinity":149,"f:381:45:381:50":43,"s:381:50:381:94":150,"b:381:50:381:73:381:73:381:94":30,"s:383:40:396:Infinity":151,"s:398:21:398:Infinity":152,"f:398:41:398:49":44,"s:398:49:398:104":153,"b:398:51:398:82:398:82:398:104":31,"s:399:4:399:Infinity":154,"s:400:4:400:Infinity":155,"f:403:2:403:17":45,"s:404:4:404:Infinity":156,"s:405:4:405:Infinity":157,"f:408:2:408:18":46,"s:409:4:409:Infinity":158,"s:410:4:410:Infinity":159,"b:412:4:416:Infinity:414:11:416:Infinity":32,"s:412:4:416:Infinity":160,"b:412:8:412:24:412:24:412:49":33,"s:413:6:413:Infinity":161,"s:415:6:415:Infinity":162,"s:418:4:418:Infinity":163,"b:418:16:418:29:418:29:418:Infinity":34,"s:419:4:419:Infinity":164,"b:419:20:419:37:419:37:419:Infinity":35,"s:420:4:420:Infinity":165,"b:420:24:420:45:420:45:420:Infinity":36,"s:421:4:421:Infinity":166,"b:421:26:421:49:421:49:421:Infinity":37,"s:422:4:422:Infinity":167,"b:422:16:422:29:422:29:422:Infinity":38,"s:423:4:423:Infinity":168,"b:423:28:423:53:423:53:423:Infinity":39,"s:424:4:424:Infinity":169,"b:424:22:424:41:424:41:424:Infinity":40,"f:427:8:427:22":47,"b:428:4:431:Infinity:undefined:undefined:undefined:undefined":41,"s:428:4:431:Infinity":170,"s:429:6:429:Infinity":171,"s:430:6:430:Infinity":172,"s:433:4:433:Infinity":173,"s:434:4:434:Infinity":174,"s:435:4:435:Infinity":175,"s:436:4:436:Infinity":176,"s:438:4:438:Infinity":177,"s:440:22:440:Infinity":178,"s:442:4:513:Infinity":179,"s:443:21:443:Infinity":180,"s:444:27:444:Infinity":181,"f:444:47:444:52":48,"s:444:52:444:71":182,"b:447:6:454:Infinity:undefined:undefined:undefined:undefined":42,"s:447:6:454:Infinity":183,"b:447:10:447:41:447:41:447:59":43,"b:448:10:453:Infinity:450:10:453:Infinity":44,"s:448:10:453:Infinity":184,"s:449:14:449:Infinity":185,"b:450:10:453:Infinity:undefined:undefined:undefined:undefined":45,"s:450:10:453:Infinity":186,"s:451:32:451:Infinity":187,"b:451:57:451:63:451:63:451:Infinity":46,"s:452:14:452:Infinity":188,"s:456:57:456:Infinity":189,"b:457:6:466:Infinity:undefined:undefined:undefined:undefined":47,"s:457:6:466:Infinity":190,"s:458:22:458:Infinity":191,"f:458:45:458:50":49,"s:458:50:458:83":192,"b:459:10:465:Infinity:undefined:undefined:undefined:undefined":48,"s:459:10:465:Infinity":193,"s:460:14:464:Infinity":194,"f:460:36:460:41":50,"b:461:18:463:Infinity:undefined:undefined:undefined:undefined":49,"s:461:18:463:Infinity":195,"b:461:22:461:35:461:35:461:42":50,"s:462:22:462:Infinity":196,"s:468:21:479:Infinity":197,"f:473:47:473:52":51,"s:473:52:473:57":198,"f:474:51:474:56":52,"s:474:56:474:61":199,"s:481:22:481:Infinity":200,"s:482:23:482:Infinity":201,"s:485:22:485:Infinity":202,"b:486:6:488:Infinity:undefined:undefined:undefined:undefined":51,"s:486:6:488:Infinity":203,"s:487:10:487:Infinity":204,"b:487:81:487:95:487:95:487:122":52,"s:490:20:490:Infinity":205,"b:491:6:491:Infinity:undefined:undefined:undefined:undefined":53,"s:491:6:491:Infinity":206,"s:491:28:491:Infinity":207,"b:492:6:492:Infinity:undefined:undefined:undefined:undefined":54,"s:492:6:492:Infinity":208,"s:492:35:492:Infinity":209,"s:494:6:501:Infinity":210,"f:494:18:494:24":53,"s:495:8:495:Infinity":211,"s:496:8:496:Infinity":212,"s:497:8:500:Infinity":213,"s:503:6:503:Infinity":214,"s:504:6:512:Infinity":215,"f:504:18:504:24":54,"s:505:8:510:Infinity":216,"s:511:8:511:Infinity":217,"s:517:28:517:Infinity":218}}}
}
